#
# There is insufficient memory for the Java Runtime Environment to continue.
# Native memory allocation (malloc) failed to allocate 1082976 bytes for Chunk::new
# Possible reasons:
#   The system is out of physical RAM or swap space
#   The process is running with CompressedOops enabled, and the Java Heap may be blocking the growth of the native heap
# Possible solutions:
#   Reduce memory load on the system
#   Increase physical memory or swap space
#   Check if swap backing store is full
#   Decrease Java heap size (-Xmx/-Xms)
#   Decrease number of Java threads
#   Decrease Java thread stack sizes (-Xss)
#   Set larger code cache with -XX:ReservedCodeCacheSize=
#   JVM is running with Unscaled Compressed Oops mode in which the Java heap is
#     placed in the first 4GB address space. The Java Heap base address is the
#     maximum limit for the native heap growth. Please use -XX:HeapBaseMinAddress
#     to set the Java Heap base and to place the Java Heap above 4GB virtual address.
# This output file may be truncated or incomplete.
#
#  Out of Memory Error (arena.cpp:189), pid=320, tid=22676
#
# JRE version: OpenJDK Runtime Environment Temurin-17.0.7+7 (17.0.7+7) (build 17.0.7+7)
# Java VM: OpenJDK 64-Bit Server VM Temurin-17.0.7+7 (17.0.7+7, mixed mode, tiered, compressed oops, compressed class ptrs, parallel gc, windows-amd64)
# No core dump will be written. Minidumps are not enabled by default on client versions of Windows
#

---------------  S U M M A R Y ------------

Command Line: --add-modules=ALL-SYSTEM --add-opens=java.base/java.util=ALL-UNNAMED --add-opens=java.base/java.lang=ALL-UNNAMED --add-opens=java.base/sun.nio.fs=ALL-UNNAMED -Declipse.application=org.eclipse.jdt.ls.core.id1 -Dosgi.bundles.defaultStartLevel=4 -Declipse.product=org.eclipse.jdt.ls.core.product -Djava.import.generatesMetadataFilesAtProjectRoot=false -Dfile.encoding=utf8 -XX:+UseParallelGC -XX:GCTimeRatio=4 -XX:AdaptiveSizePolicyWeight=90 -Dsun.zip.disableMemoryMapping=true -Xmx1G -Xms100m -Xlog:disable -javaagent:c:\Users\Nitish\.vscode\extensions\redhat.java-1.20.0-win32-x64\lombok\lombok-1.18.28.jar -XX:+HeapDumpOnOutOfMemoryError -XX:HeapDumpPath=c:\Users\Nitish\AppData\Roaming\Code\User\workspaceStorage\30ac4f06b3502b363aba4d30d4dde98c\redhat.java -Daether.dependencyCollector.impl=bf c:\Users\Nitish\.vscode\extensions\redhat.java-1.20.0-win32-x64\server\plugins\org.eclipse.equinox.launcher_1.6.500.v20230622-2056.jar -configuration c:\Users\Nitish\AppData\Roaming\Code\User\globalStorage\redhat.java\1.20.0\config_win -data c:\Users\Nitish\AppData\Roaming\Code\User\workspaceStorage\30ac4f06b3502b363aba4d30d4dde98c\redhat.java\jdt_ws

Host: AMD Ryzen 9 5900HS with Radeon Graphics        , 16 cores, 15G,  Windows 10 , 64 bit Build 19041 (10.0.19041.3031)
Time: Tue Jul  4 10:34:29 2023 India Standard Time elapsed time: 2.495128 seconds (0d 0h 0m 2s)

---------------  T H R E A D  ---------------

Current thread (0x0000024ce2868590):  JavaThread "C2 CompilerThread0" daemon [_thread_in_native, id=22676, stack(0x000000fee8c00000,0x000000fee8d00000)]


Current CompileTask:
C2:   2495 3494   !   4       org.eclipse.osgi.internal.loader.classpath.ClasspathManager::findLocalClass (210 bytes)

Stack: [0x000000fee8c00000,0x000000fee8d00000]
Native frames: (J=compiled Java code, j=interpreted, Vv=VM code, C=native code)
V  [jvm.dll+0x67754a]
V  [jvm.dll+0x834304]
V  [jvm.dll+0x835aae]
V  [jvm.dll+0x836113]
V  [jvm.dll+0x24696f]
V  [jvm.dll+0xac0ac]
V  [jvm.dll+0xac67c]
V  [jvm.dll+0x2adbef]
V  [jvm.dll+0x580067]
V  [jvm.dll+0x221e72]
V  [jvm.dll+0x22224f]
V  [jvm.dll+0x21b4a5]
V  [jvm.dll+0x21895b]
V  [jvm.dll+0x1a4d8d]
V  [jvm.dll+0x2284da]
V  [jvm.dll+0x226615]
V  [jvm.dll+0x7ea90b]
V  [jvm.dll+0x7e4e7a]
V  [jvm.dll+0x676395]
C  [ucrtbase.dll+0x21bb2]
C  [KERNEL32.DLL+0x17614]
C  [ntdll.dll+0x526f1]


---------------  P R O C E S S  ---------------

Threads class SMR info:
_java_thread_list=0x0000024ce7f36230, length=37, elements={
0x0000024cc7681bd0, 0x0000024cdd450620, 0x0000024cdd456790, 0x0000024ce285b280,
0x0000024ce285c0f0, 0x0000024ce285d700, 0x0000024ce2861c50, 0x0000024ce2868590,
0x0000024ce2869720, 0x0000024ce2873080, 0x0000024cc773ffd0, 0x0000024ce29f0290,
0x0000024ce29f5a10, 0x0000024ce2a3b1f0, 0x0000024ce4686d10, 0x0000024ce47b3220,
0x0000024ce4c8acc0, 0x0000024ce4c8a320, 0x0000024ce4c8a7f0, 0x0000024ce4c8b190,
0x0000024ce4c8b660, 0x0000024ce4c8c000, 0x0000024ce4c8c4d0, 0x0000024ce4c88fe0,
0x0000024ce58da530, 0x0000024ce4c89980, 0x0000024ce4c88b10, 0x0000024ce4c894b0,
0x0000024ce4c89e50, 0x0000024ce85adde0, 0x0000024ce85af120, 0x0000024ce85ae2b0,
0x0000024ce69b4aa0, 0x0000024ce8683970, 0x0000024ce8391c60, 0x0000024ce88575b0,
0x0000024ce7f35970
}

Java Threads: ( => current thread )
  0x0000024cc7681bd0 JavaThread "main" [_thread_blocked, id=24488, stack(0x000000fee8300000,0x000000fee8400000)]
  0x0000024cdd450620 JavaThread "Reference Handler" daemon [_thread_blocked, id=19008, stack(0x000000fee8600000,0x000000fee8700000)]
  0x0000024cdd456790 JavaThread "Finalizer" daemon [_thread_blocked, id=2584, stack(0x000000fee8700000,0x000000fee8800000)]
  0x0000024ce285b280 JavaThread "Signal Dispatcher" daemon [_thread_blocked, id=23140, stack(0x000000fee8800000,0x000000fee8900000)]
  0x0000024ce285c0f0 JavaThread "Attach Listener" daemon [_thread_blocked, id=7392, stack(0x000000fee8900000,0x000000fee8a00000)]
  0x0000024ce285d700 JavaThread "Service Thread" daemon [_thread_blocked, id=24124, stack(0x000000fee8a00000,0x000000fee8b00000)]
  0x0000024ce2861c50 JavaThread "Monitor Deflation Thread" daemon [_thread_blocked, id=6164, stack(0x000000fee8b00000,0x000000fee8c00000)]
=>0x0000024ce2868590 JavaThread "C2 CompilerThread0" daemon [_thread_in_native, id=22676, stack(0x000000fee8c00000,0x000000fee8d00000)]
  0x0000024ce2869720 JavaThread "C1 CompilerThread0" daemon [_thread_blocked, id=16976, stack(0x000000fee8d00000,0x000000fee8e00000)]
  0x0000024ce2873080 JavaThread "Sweeper thread" daemon [_thread_blocked, id=18292, stack(0x000000fee8e00000,0x000000fee8f00000)]
  0x0000024cc773ffd0 JavaThread "Common-Cleaner" daemon [_thread_blocked, id=21104, stack(0x000000fee8f00000,0x000000fee9000000)]
  0x0000024ce29f0290 JavaThread "C1 CompilerThread1" daemon [_thread_blocked, id=20692, stack(0x000000fee9000000,0x000000fee9100000)]
  0x0000024ce29f5a10 JavaThread "C1 CompilerThread2" daemon [_thread_blocked, id=15576, stack(0x000000fee9100000,0x000000fee9200000)]
  0x0000024ce2a3b1f0 JavaThread "C2 CompilerThread1" daemon [_thread_in_native, id=15320, stack(0x000000fee9200000,0x000000fee9300000)]
  0x0000024ce4686d10 JavaThread "Notification Thread" daemon [_thread_blocked, id=3344, stack(0x000000fee9300000,0x000000fee9400000)]
  0x0000024ce47b3220 JavaThread "C2 CompilerThread2" daemon [_thread_in_native, id=2168, stack(0x000000fee9500000,0x000000fee9600000)]
  0x0000024ce4c8acc0 JavaThread "Active Thread: Equinox Container: fda46fae-5f58-4595-b8e6-a9f5a0f2fa10" [_thread_blocked, id=22292, stack(0x000000fee9d00000,0x000000fee9e00000)]
  0x0000024ce4c8a320 JavaThread "Framework Event Dispatcher: Equinox Container: fda46fae-5f58-4595-b8e6-a9f5a0f2fa10" daemon [_thread_blocked, id=3088, stack(0x000000fee9e00000,0x000000fee9f00000)]
  0x0000024ce4c8a7f0 JavaThread "Start Level: Equinox Container: fda46fae-5f58-4595-b8e6-a9f5a0f2fa10" daemon [_thread_blocked, id=23568, stack(0x000000fee9f00000,0x000000feea000000)]
  0x0000024ce4c8b190 JavaThread "SCR Component Actor" daemon [_thread_blocked, id=20904, stack(0x000000feea000000,0x000000feea100000)]
  0x0000024ce4c8b660 JavaThread "SCR Component Registry" daemon [_thread_blocked, id=9484, stack(0x000000feea200000,0x000000feea300000)]
  0x0000024ce4c8c000 JavaThread "Worker-JM" [_thread_blocked, id=19216, stack(0x000000fee9600000,0x000000fee9700000)]
  0x0000024ce4c8c4d0 JavaThread "Worker-0: Updating Maven Dependencies" [_thread_blocked, id=13676, stack(0x000000feea500000,0x000000feea600000)]
  0x0000024ce4c88fe0 JavaThread "Worker-1" [_thread_blocked, id=2652, stack(0x000000feea600000,0x000000feea700000)]
  0x0000024ce58da530 JavaThread "C1 CompilerThread3" daemon [_thread_blocked, id=17184, stack(0x000000feea800000,0x000000feea900000)]
  0x0000024ce4c89980 JavaThread "Java indexing" daemon [_thread_blocked, id=15352, stack(0x000000feeab00000,0x000000feeac00000)]
  0x0000024ce4c88b10 JavaThread "JNA Cleaner" daemon [_thread_blocked, id=24100, stack(0x000000feeac00000,0x000000feead00000)]
  0x0000024ce4c894b0 JavaThread "Worker-2" [_thread_blocked, id=22232, stack(0x000000feead00000,0x000000feeae00000)]
  0x0000024ce4c89e50 JavaThread "Worker-3: Repository registry initialization" [_thread_blocked, id=2536, stack(0x000000feeae00000,0x000000feeaf00000)]
  0x0000024ce85adde0 JavaThread "pool-2-thread-1" [_thread_blocked, id=4388, stack(0x000000feeaf00000,0x000000feeb000000)]
  0x0000024ce85af120 JavaThread "WorkspaceEventsHandler" [_thread_blocked, id=11384, stack(0x000000feeb000000,0x000000feeb100000)]
  0x0000024ce85ae2b0 JavaThread "pool-1-thread-1" [_thread_in_vm, id=16812, stack(0x000000feeb100000,0x000000feeb200000)]
  0x0000024ce69b4aa0 JavaThread "C2 CompilerThread3" daemon [_thread_in_native, id=17864, stack(0x000000feeb200000,0x000000feeb300000)]
  0x0000024ce8683970 JavaThread "C2 CompilerThread4" daemon [_thread_in_native, id=3312, stack(0x000000feeb300000,0x000000feeb400000)]
  0x0000024ce8391c60 JavaThread "C2 CompilerThread5" daemon [_thread_in_native, id=364, stack(0x000000feeb400000,0x000000feeb500000)]
  0x0000024ce88575b0 JavaThread "C2 CompilerThread6" daemon [_thread_in_native, id=16800, stack(0x000000feeb500000,0x000000feeb600000)]
  0x0000024ce7f35970 JavaThread "C2 CompilerThread7" daemon [_thread_in_native, id=24328, stack(0x000000feeb600000,0x000000feeb700000)]

Other Threads:
  0x0000024ce2833f00 VMThread "VM Thread" [stack: 0x000000fee8500000,0x000000fee8600000] [id=20744]
  0x0000024ce46871e0 WatcherThread [stack: 0x000000fee9400000,0x000000fee9500000] [id=23632]
  0x0000024cc7698f40 GCTaskThread "GC Thread#0" [stack: 0x000000fee8400000,0x000000fee8500000] [id=22820]
  0x0000024ce494c6d0 GCTaskThread "GC Thread#1" [stack: 0x000000fee9700000,0x000000fee9800000] [id=23208]
  0x0000024ce5209030 GCTaskThread "GC Thread#2" [stack: 0x000000fee9800000,0x000000fee9900000] [id=18944]
  0x0000024ce52092e0 GCTaskThread "GC Thread#3" [stack: 0x000000fee9900000,0x000000fee9a00000] [id=17012]
  0x0000024ce5209590 GCTaskThread "GC Thread#4" [stack: 0x000000fee9a00000,0x000000fee9b00000] [id=22220]
  0x0000024ce494cd90 GCTaskThread "GC Thread#5" [stack: 0x000000fee9b00000,0x000000fee9c00000] [id=21404]
  0x0000024ce494d040 GCTaskThread "GC Thread#6" [stack: 0x000000fee9c00000,0x000000fee9d00000] [id=23772]
  0x0000024ce5165e40 GCTaskThread "GC Thread#7" [stack: 0x000000feea100000,0x000000feea200000] [id=24352]
  0x0000024ce56ea9a0 GCTaskThread "GC Thread#8" [stack: 0x000000feea300000,0x000000feea400000] [id=5692]
  0x0000024ce566c480 GCTaskThread "GC Thread#9" [stack: 0x000000feea400000,0x000000feea500000] [id=21252]
  0x0000024ce569ab40 GCTaskThread "GC Thread#10" [stack: 0x000000feea700000,0x000000feea800000] [id=15848]
  0x0000024ce569adf0 GCTaskThread "GC Thread#11" [stack: 0x000000feea900000,0x000000feeaa00000] [id=18592]
  0x0000024ce569a890 GCTaskThread "GC Thread#12" [stack: 0x000000feeaa00000,0x000000feeab00000] [id=20516]

Threads with active compile tasks:
C2 CompilerThread0     2511 3494   !   4       org.eclipse.osgi.internal.loader.classpath.ClasspathManager::findLocalClass (210 bytes)
C2 CompilerThread1     2511 3603   !   4       sun.nio.cs.StreamDecoder::read (196 bytes)
C2 CompilerThread2     2511 3416   !   4       org.eclipse.osgi.internal.loader.classpath.ClasspathManager::findClassImpl (308 bytes)
C2 CompilerThread3     2511 3607       4       org.codehaus.plexus.util.InterpolationFilterReader::read (477 bytes)
C2 CompilerThread4     2511 3605       4       java.io.InputStreamReader::read (11 bytes)
C2 CompilerThread5     2511 3606       4       org.codehaus.plexus.util.xml.XmlReader::read (11 bytes)
C2 CompilerThread6     2511 3624   !   4       java.nio.charset.CharsetDecoder::decode (275 bytes)
C2 CompilerThread7     2511 3608       4       java.io.Reader::read (21 bytes)

VM state: not at safepoint (normal execution)

VM Mutex/Monitor currently owned by a thread: None

Heap address: 0x00000000c0000000, size: 1024 MB, Compressed Oops mode: 32-bit

CDS archive(s) not mapped
Compressed class space mapped at: 0x0000000100000000-0x0000000140000000, reserved size: 1073741824
Narrow klass base: 0x0000000000000000, Narrow klass shift: 3, Narrow klass range: 0x140000000

GC Precious Log:
 CPUs: 16 total, 16 available
 Memory: 15775M
 Large Page Support: Disabled
 NUMA Support: Disabled
 Compressed Oops: Enabled (32-bit)
 Alignments: Space 512K, Generation 512K, Heap 2M
 Heap Min Capacity: 100M
 Heap Initial Capacity: 100M
 Heap Max Capacity: 1G
 Pre-touch: Disabled
 Parallel Workers: 13

Heap:
 PSYoungGen      total 24064K, used 22731K [0x00000000eab00000, 0x00000000ec600000, 0x0000000100000000)
  eden space 23552K, 96% used [0x00000000eab00000,0x00000000ec132e50,0x00000000ec200000)
  from space 512K, 0% used [0x00000000ec580000,0x00000000ec580000,0x00000000ec600000)
  to   space 1024K, 0% used [0x00000000ec400000,0x00000000ec400000,0x00000000ec500000)
 ParOldGen       total 68608K, used 12686K [0x00000000c0000000, 0x00000000c4300000, 0x00000000eab00000)
  object space 68608K, 18% used [0x00000000c0000000,0x00000000c0c63b88,0x00000000c4300000)
 Metaspace       used 38718K, committed 39488K, reserved 1114112K
  class space    used 4058K, committed 4352K, reserved 1048576K

Card table byte_map: [0x0000024cdacd0000,0x0000024cdaee0000] _byte_map_base: 0x0000024cda6d0000

Marking Bits: (ParMarkBitMap*) 0x00007ff9028952c0
 Begin Bits: [0x0000024cdb040000, 0x0000024cdc040000)
 End Bits:   [0x0000024cdc040000, 0x0000024cdd040000)

Polling page: 0x0000024cc7750000

Metaspace:

Usage:
  Non-class:     33.85 MB used.
      Class:      3.96 MB used.
       Both:     37.81 MB used.

Virtual space:
  Non-class space:       64.00 MB reserved,      34.31 MB ( 54%) committed,  1 nodes.
      Class space:        1.00 GB reserved,       4.25 MB ( <1%) committed,  1 nodes.
             Both:        1.06 GB reserved,      38.56 MB (  4%) committed. 

Chunk freelists:
   Non-Class:  13.11 MB
       Class:  11.80 MB
        Both:  24.91 MB

MaxMetaspaceSize: unlimited
CompressedClassSpaceSize: 1.00 GB
Initial GC threshold: 21.00 MB
Current GC threshold: 58.88 MB
CDS: off
MetaspaceReclaimPolicy: balanced
 - commit_granule_bytes: 65536.
 - commit_granule_words: 8192.
 - virtual_space_node_default_size: 8388608.
 - enlarge_chunks_in_place: 1.
 - new_chunks_are_fully_committed: 0.
 - uncommit_free_chunks: 1.
 - use_allocation_guard: 0.
 - handle_deallocations: 1.


Internal statistics:

num_allocs_failed_limit: 10.
num_arena_births: 294.
num_arena_deaths: 14.
num_vsnodes_births: 2.
num_vsnodes_deaths: 0.
num_space_committed: 617.
num_space_uncommitted: 0.
num_chunks_returned_to_freelist: 24.
num_chunks_taken_from_freelist: 1496.
num_chunk_merges: 10.
num_chunk_splits: 979.
num_chunks_enlarged: 671.
num_inconsistent_stats: 0.

CodeHeap 'non-profiled nmethods': size=119168Kb used=1607Kb max_used=1607Kb free=117560Kb
 bounds [0x0000024cd3680000, 0x0000024cd38f0000, 0x0000024cdaae0000]
CodeHeap 'profiled nmethods': size=119104Kb used=7654Kb max_used=7654Kb free=111449Kb
 bounds [0x0000024ccbae0000, 0x0000024ccc260000, 0x0000024cd2f30000]
CodeHeap 'non-nmethods': size=7488Kb used=2954Kb max_used=2997Kb free=4533Kb
 bounds [0x0000024cd2f30000, 0x0000024cd3230000, 0x0000024cd3680000]
 total_blobs=4242 nmethods=3651 adapters=501
 compilation: enabled
              stopped_count=0, restarted_count=0
 full_count=0

Compilation events (20 events):
Event: 2.475 Thread 0x0000024ce58da530 nmethod 3617 0x0000024cd380da90 code [0x0000024cd380dc20, 0x0000024cd380dcf8]
Event: 2.475 Thread 0x0000024ce2869720 nmethod 3618 0x0000024ccc237010 code [0x0000024ccc2371e0, 0x0000024ccc237548]
Event: 2.478 Thread 0x0000024ce29f0290 nmethod 3612 0x0000024ccc237690 code [0x0000024ccc2380e0, 0x0000024ccc23db78]
Event: 2.478 Thread 0x0000024ce69b4aa0 3616       4       org.codehaus.plexus.util.xml.pull.MXParser::more (106 bytes)
Event: 2.478 Thread 0x0000024ce8683970 3604       4       java.nio.ByteBuffer::arrayOffset (35 bytes)
Event: 2.478 Thread 0x0000024ce8391c60 3619       4       java.nio.CharBuffer::position (6 bytes)
Event: 2.479 Thread 0x0000024ce29f0290 3625       3       org.codehaus.plexus.util.xml.pull.MXParser::isWhitespace (114 bytes)
Event: 2.479 Thread 0x0000024ce2869720 3626       3       org.codehaus.plexus.util.xml.pull.MXParser::ensureElementsCapacity (265 bytes)
Event: 2.479 Thread 0x0000024ce8683970 nmethod 3604 0x0000024cd380dd90 code [0x0000024cd380df00, 0x0000024cd380dfb8]
Event: 2.479 Thread 0x0000024ce8683970 3605       4       java.io.InputStreamReader::read (11 bytes)
Event: 2.479 Thread 0x0000024ce8391c60 nmethod 3619 0x0000024cd380e090 code [0x0000024cd380e200, 0x0000024cd380e2d8]
Event: 2.479 Thread 0x0000024ce8391c60 3606       4       org.codehaus.plexus.util.xml.XmlReader::read (11 bytes)
Event: 2.479 Thread 0x0000024ce29f5a10 3627       3       org.codehaus.plexus.util.xml.pull.MXParser::nextTag (82 bytes)
Event: 2.479 Thread 0x0000024ce29f0290 nmethod 3625 0x0000024ccc240090 code [0x0000024ccc2402a0, 0x0000024ccc240b08]
Event: 2.479 Thread 0x0000024ce29f0290 3628   !   3       java.lang.ClassLoader::addClass (27 bytes)
Event: 2.479 Thread 0x0000024ce2869720 nmethod 3626 0x0000024ccc240d10 code [0x0000024ccc240f60, 0x0000024ccc241e48]
Event: 2.480 Thread 0x0000024ce69b4aa0 nmethod 3616 0x0000024cd380e390 code [0x0000024cd380e520, 0x0000024cd380e648]
Event: 2.480 Thread 0x0000024ce29f0290 nmethod 3628 0x0000024ccc242110 code [0x0000024ccc2422e0, 0x0000024ccc2428a8]
Event: 2.480 Thread 0x0000024ce69b4aa0 3607       4       org.codehaus.plexus.util.InterpolationFilterReader::read (477 bytes)
Event: 2.480 Thread 0x0000024ce29f5a10 nmethod 3627 0x0000024ccc242c10 code [0x0000024ccc242ea0, 0x0000024ccc243868]

GC Heap History (20 events):
Event: 1.157 GC heap before
{Heap before GC invocations=3 (full 0):
 PSYoungGen      total 29696K, used 29678K [0x00000000eab00000, 0x00000000ecc00000, 0x0000000100000000)
  eden space 25600K, 100% used [0x00000000eab00000,0x00000000ec400000,0x00000000ec400000)
  from space 4096K, 99% used [0x00000000ec800000,0x00000000ecbfbbf8,0x00000000ecc00000)
  to   space 4096K, 0% used [0x00000000ec400000,0x00000000ec400000,0x00000000ec800000)
 ParOldGen       total 68608K, used 1388K [0x00000000c0000000, 0x00000000c4300000, 0x00000000eab00000)
  object space 68608K, 2% used [0x00000000c0000000,0x00000000c015b030,0x00000000c4300000)
 Metaspace       used 19750K, committed 20096K, reserved 1114112K
  class space    used 2007K, committed 2176K, reserved 1048576K
}
Event: 1.160 GC heap after
{Heap after GC invocations=3 (full 0):
 PSYoungGen      total 29696K, used 4094K [0x00000000eab00000, 0x00000000ecc00000, 0x0000000100000000)
  eden space 25600K, 0% used [0x00000000eab00000,0x00000000eab00000,0x00000000ec400000)
  from space 4096K, 99% used [0x00000000ec400000,0x00000000ec7ff8c8,0x00000000ec800000)
  to   space 4096K, 0% used [0x00000000ec800000,0x00000000ec800000,0x00000000ecc00000)
 ParOldGen       total 68608K, used 3363K [0x00000000c0000000, 0x00000000c4300000, 0x00000000eab00000)
  object space 68608K, 4% used [0x00000000c0000000,0x00000000c0348df8,0x00000000c4300000)
 Metaspace       used 19750K, committed 20096K, reserved 1114112K
  class space    used 2007K, committed 2176K, reserved 1048576K
}
Event: 1.279 GC heap before
{Heap before GC invocations=4 (full 0):
 PSYoungGen      total 29696K, used 13989K [0x00000000eab00000, 0x00000000ecc00000, 0x0000000100000000)
  eden space 25600K, 38% used [0x00000000eab00000,0x00000000eb4a9c68,0x00000000ec400000)
  from space 4096K, 99% used [0x00000000ec400000,0x00000000ec7ff8c8,0x00000000ec800000)
  to   space 4096K, 0% used [0x00000000ec800000,0x00000000ec800000,0x00000000ecc00000)
 ParOldGen       total 68608K, used 3363K [0x00000000c0000000, 0x00000000c4300000, 0x00000000eab00000)
  object space 68608K, 4% used [0x00000000c0000000,0x00000000c0348df8,0x00000000c4300000)
 Metaspace       used 21077K, committed 21504K, reserved 1114112K
  class space    used 2154K, committed 2304K, reserved 1048576K
}
Event: 1.282 GC heap after
{Heap after GC invocations=4 (full 0):
 PSYoungGen      total 29696K, used 4092K [0x00000000eab00000, 0x00000000ecc00000, 0x0000000100000000)
  eden space 25600K, 0% used [0x00000000eab00000,0x00000000eab00000,0x00000000ec400000)
  from space 4096K, 99% used [0x00000000ec800000,0x00000000ecbff1f0,0x00000000ecc00000)
  to   space 4096K, 0% used [0x00000000ec400000,0x00000000ec400000,0x00000000ec800000)
 ParOldGen       total 68608K, used 4483K [0x00000000c0000000, 0x00000000c4300000, 0x00000000eab00000)
  object space 68608K, 6% used [0x00000000c0000000,0x00000000c0460c08,0x00000000c4300000)
 Metaspace       used 21077K, committed 21504K, reserved 1114112K
  class space    used 2154K, committed 2304K, reserved 1048576K
}
Event: 1.282 GC heap before
{Heap before GC invocations=5 (full 1):
 PSYoungGen      total 29696K, used 4092K [0x00000000eab00000, 0x00000000ecc00000, 0x0000000100000000)
  eden space 25600K, 0% used [0x00000000eab00000,0x00000000eab00000,0x00000000ec400000)
  from space 4096K, 99% used [0x00000000ec800000,0x00000000ecbff1f0,0x00000000ecc00000)
  to   space 4096K, 0% used [0x00000000ec400000,0x00000000ec400000,0x00000000ec800000)
 ParOldGen       total 68608K, used 4483K [0x00000000c0000000, 0x00000000c4300000, 0x00000000eab00000)
  object space 68608K, 6% used [0x00000000c0000000,0x00000000c0460c08,0x00000000c4300000)
 Metaspace       used 21077K, committed 21504K, reserved 1114112K
  class space    used 2154K, committed 2304K, reserved 1048576K
}
Event: 1.299 GC heap after
{Heap after GC invocations=5 (full 1):
 PSYoungGen      total 29696K, used 0K [0x00000000eab00000, 0x00000000ecc00000, 0x0000000100000000)
  eden space 25600K, 0% used [0x00000000eab00000,0x00000000eab00000,0x00000000ec400000)
  from space 4096K, 0% used [0x00000000ec800000,0x00000000ec800000,0x00000000ecc00000)
  to   space 4096K, 0% used [0x00000000ec400000,0x00000000ec400000,0x00000000ec800000)
 ParOldGen       total 68608K, used 8346K [0x00000000c0000000, 0x00000000c4300000, 0x00000000eab00000)
  object space 68608K, 12% used [0x00000000c0000000,0x00000000c0826a80,0x00000000c4300000)
 Metaspace       used 21064K, committed 21504K, reserved 1114112K
  class space    used 2151K, committed 2304K, reserved 1048576K
}
Event: 1.503 GC heap before
{Heap before GC invocations=6 (full 1):
 PSYoungGen      total 29696K, used 25600K [0x00000000eab00000, 0x00000000ecc00000, 0x0000000100000000)
  eden space 25600K, 100% used [0x00000000eab00000,0x00000000ec400000,0x00000000ec400000)
  from space 4096K, 0% used [0x00000000ec800000,0x00000000ec800000,0x00000000ecc00000)
  to   space 4096K, 0% used [0x00000000ec400000,0x00000000ec400000,0x00000000ec800000)
 ParOldGen       total 68608K, used 8346K [0x00000000c0000000, 0x00000000c4300000, 0x00000000eab00000)
  object space 68608K, 12% used [0x00000000c0000000,0x00000000c0826a80,0x00000000c4300000)
 Metaspace       used 24578K, committed 25088K, reserved 1114112K
  class space    used 2516K, committed 2752K, reserved 1048576K
}
Event: 1.505 GC heap after
{Heap after GC invocations=6 (full 1):
 PSYoungGen      total 29184K, used 3584K [0x00000000eab00000, 0x00000000ecc80000, 0x0000000100000000)
  eden space 25088K, 0% used [0x00000000eab00000,0x00000000eab00000,0x00000000ec380000)
  from space 4096K, 87% used [0x00000000ec400000,0x00000000ec780290,0x00000000ec800000)
  to   space 4608K, 0% used [0x00000000ec800000,0x00000000ec800000,0x00000000ecc80000)
 ParOldGen       total 68608K, used 8354K [0x00000000c0000000, 0x00000000c4300000, 0x00000000eab00000)
  object space 68608K, 12% used [0x00000000c0000000,0x00000000c0828a80,0x00000000c4300000)
 Metaspace       used 24578K, committed 25088K, reserved 1114112K
  class space    used 2516K, committed 2752K, reserved 1048576K
}
Event: 1.635 GC heap before
{Heap before GC invocations=7 (full 1):
 PSYoungGen      total 29184K, used 28672K [0x00000000eab00000, 0x00000000ecc80000, 0x0000000100000000)
  eden space 25088K, 100% used [0x00000000eab00000,0x00000000ec380000,0x00000000ec380000)
  from space 4096K, 87% used [0x00000000ec400000,0x00000000ec780290,0x00000000ec800000)
  to   space 4608K, 0% used [0x00000000ec800000,0x00000000ec800000,0x00000000ecc80000)
 ParOldGen       total 68608K, used 8354K [0x00000000c0000000, 0x00000000c4300000, 0x00000000eab00000)
  object space 68608K, 12% used [0x00000000c0000000,0x00000000c0828a80,0x00000000c4300000)
 Metaspace       used 28141K, committed 28672K, reserved 1114112K
  class space    used 2780K, committed 3008K, reserved 1048576K
}
Event: 1.636 GC heap after
{Heap after GC invocations=7 (full 1):
 PSYoungGen      total 27136K, used 2067K [0x00000000eab00000, 0x00000000eca80000, 0x0000000100000000)
  eden space 24576K, 0% used [0x00000000eab00000,0x00000000eab00000,0x00000000ec300000)
  from space 2560K, 80% used [0x00000000ec800000,0x00000000eca04c98,0x00000000eca80000)
  to   space 3072K, 0% used [0x00000000ec480000,0x00000000ec480000,0x00000000ec780000)
 ParOldGen       total 68608K, used 8362K [0x00000000c0000000, 0x00000000c4300000, 0x00000000eab00000)
  object space 68608K, 12% used [0x00000000c0000000,0x00000000c082aa80,0x00000000c4300000)
 Metaspace       used 28141K, committed 28672K, reserved 1114112K
  class space    used 2780K, committed 3008K, reserved 1048576K
}
Event: 1.871 GC heap before
{Heap before GC invocations=8 (full 1):
 PSYoungGen      total 27136K, used 26643K [0x00000000eab00000, 0x00000000eca80000, 0x0000000100000000)
  eden space 24576K, 100% used [0x00000000eab00000,0x00000000ec300000,0x00000000ec300000)
  from space 2560K, 80% used [0x00000000ec800000,0x00000000eca04c98,0x00000000eca80000)
  to   space 3072K, 0% used [0x00000000ec480000,0x00000000ec480000,0x00000000ec780000)
 ParOldGen       total 68608K, used 8362K [0x00000000c0000000, 0x00000000c4300000, 0x00000000eab00000)
  object space 68608K, 12% used [0x00000000c0000000,0x00000000c082aa80,0x00000000c4300000)
 Metaspace       used 31408K, committed 32000K, reserved 1114112K
  class space    used 3108K, committed 3392K, reserved 1048576K
}
Event: 1.873 GC heap after
{Heap after GC invocations=8 (full 1):
 PSYoungGen      total 27136K, used 3055K [0x00000000eab00000, 0x00000000ec980000, 0x0000000100000000)
  eden space 24064K, 0% used [0x00000000eab00000,0x00000000eab00000,0x00000000ec280000)
  from space 3072K, 99% used [0x00000000ec480000,0x00000000ec77bdb8,0x00000000ec780000)
  to   space 2048K, 0% used [0x00000000ec780000,0x00000000ec780000,0x00000000ec980000)
 ParOldGen       total 68608K, used 8498K [0x00000000c0000000, 0x00000000c4300000, 0x00000000eab00000)
  object space 68608K, 12% used [0x00000000c0000000,0x00000000c084ca80,0x00000000c4300000)
 Metaspace       used 31408K, committed 32000K, reserved 1114112K
  class space    used 3108K, committed 3392K, reserved 1048576K
}
Event: 2.191 GC heap before
{Heap before GC invocations=9 (full 1):
 PSYoungGen      total 27136K, used 27119K [0x00000000eab00000, 0x00000000ec980000, 0x0000000100000000)
  eden space 24064K, 100% used [0x00000000eab00000,0x00000000ec280000,0x00000000ec280000)
  from space 3072K, 99% used [0x00000000ec480000,0x00000000ec77bdb8,0x00000000ec780000)
  to   space 2048K, 0% used [0x00000000ec780000,0x00000000ec780000,0x00000000ec980000)
 ParOldGen       total 68608K, used 8498K [0x00000000c0000000, 0x00000000c4300000, 0x00000000eab00000)
  object space 68608K, 12% used [0x00000000c0000000,0x00000000c084ca80,0x00000000c4300000)
 Metaspace       used 34979K, committed 35712K, reserved 1114112K
  class space    used 3561K, committed 3904K, reserved 1048576K
}
Event: 2.194 GC heap after
{Heap after GC invocations=9 (full 1):
 PSYoungGen      total 25600K, used 2042K [0x00000000eab00000, 0x00000000ecb00000, 0x0000000100000000)
  eden space 23552K, 0% used [0x00000000eab00000,0x00000000eab00000,0x00000000ec200000)
  from space 2048K, 99% used [0x00000000ec780000,0x00000000ec97eb58,0x00000000ec980000)
  to   space 4608K, 0% used [0x00000000ec200000,0x00000000ec200000,0x00000000ec680000)
 ParOldGen       total 68608K, used 10731K [0x00000000c0000000, 0x00000000c4300000, 0x00000000eab00000)
  object space 68608K, 15% used [0x00000000c0000000,0x00000000c0a7ae38,0x00000000c4300000)
 Metaspace       used 34979K, committed 35712K, reserved 1114112K
  class space    used 3561K, committed 3904K, reserved 1048576K
}
Event: 2.199 GC heap before
{Heap before GC invocations=10 (full 1):
 PSYoungGen      total 25600K, used 2778K [0x00000000eab00000, 0x00000000ecb00000, 0x0000000100000000)
  eden space 23552K, 3% used [0x00000000eab00000,0x00000000eabb7e38,0x00000000ec200000)
  from space 2048K, 99% used [0x00000000ec780000,0x00000000ec97eb58,0x00000000ec980000)
  to   space 4608K, 0% used [0x00000000ec200000,0x00000000ec200000,0x00000000ec680000)
 ParOldGen       total 68608K, used 10731K [0x00000000c0000000, 0x00000000c4300000, 0x00000000eab00000)
  object space 68608K, 15% used [0x00000000c0000000,0x00000000c0a7ae38,0x00000000c4300000)
 Metaspace       used 35091K, committed 35904K, reserved 1114112K
  class space    used 3571K, committed 3904K, reserved 1048576K
}
Event: 2.200 GC heap after
{Heap after GC invocations=10 (full 1):
 PSYoungGen      total 25088K, used 1224K [0x00000000eab00000, 0x00000000ec800000, 0x0000000100000000)
  eden space 23552K, 0% used [0x00000000eab00000,0x00000000eab00000,0x00000000ec200000)
  from space 1536K, 79% used [0x00000000ec200000,0x00000000ec332080,0x00000000ec380000)
  to   space 2560K, 0% used [0x00000000ec580000,0x00000000ec580000,0x00000000ec800000)
 ParOldGen       total 68608K, used 11823K [0x00000000c0000000, 0x00000000c4300000, 0x00000000eab00000)
  object space 68608K, 17% used [0x00000000c0000000,0x00000000c0b8bfa0,0x00000000c4300000)
 Metaspace       used 35091K, committed 35904K, reserved 1114112K
  class space    used 3571K, committed 3904K, reserved 1048576K
}
Event: 2.217 GC heap before
{Heap before GC invocations=11 (full 1):
 PSYoungGen      total 25088K, used 3342K [0x00000000eab00000, 0x00000000ec800000, 0x0000000100000000)
  eden space 23552K, 8% used [0x00000000eab00000,0x00000000ead11940,0x00000000ec200000)
  from space 1536K, 79% used [0x00000000ec200000,0x00000000ec332080,0x00000000ec380000)
  to   space 2560K, 0% used [0x00000000ec580000,0x00000000ec580000,0x00000000ec800000)
 ParOldGen       total 68608K, used 11823K [0x00000000c0000000, 0x00000000c4300000, 0x00000000eab00000)
  object space 68608K, 17% used [0x00000000c0000000,0x00000000c0b8bfa0,0x00000000c4300000)
 Metaspace       used 35407K, committed 36160K, reserved 1114112K
  class space    used 3616K, committed 3968K, reserved 1048576K
}
Event: 2.218 GC heap after
{Heap after GC invocations=11 (full 1):
 PSYoungGen      total 24064K, used 416K [0x00000000eab00000, 0x00000000ec600000, 0x0000000100000000)
  eden space 23552K, 0% used [0x00000000eab00000,0x00000000eab00000,0x00000000ec200000)
  from space 512K, 81% used [0x00000000ec580000,0x00000000ec5e8000,0x00000000ec600000)
  to   space 1024K, 0% used [0x00000000ec400000,0x00000000ec400000,0x00000000ec500000)
 ParOldGen       total 68608K, used 12857K [0x00000000c0000000, 0x00000000c4300000, 0x00000000eab00000)
  object space 68608K, 18% used [0x00000000c0000000,0x00000000c0c8e648,0x00000000c4300000)
 Metaspace       used 35407K, committed 36160K, reserved 1114112K
  class space    used 3616K, committed 3968K, reserved 1048576K
}
Event: 2.218 GC heap before
{Heap before GC invocations=12 (full 2):
 PSYoungGen      total 24064K, used 416K [0x00000000eab00000, 0x00000000ec600000, 0x0000000100000000)
  eden space 23552K, 0% used [0x00000000eab00000,0x00000000eab00000,0x00000000ec200000)
  from space 512K, 81% used [0x00000000ec580000,0x00000000ec5e8000,0x00000000ec600000)
  to   space 1024K, 0% used [0x00000000ec400000,0x00000000ec400000,0x00000000ec500000)
 ParOldGen       total 68608K, used 12857K [0x00000000c0000000, 0x00000000c4300000, 0x00000000eab00000)
  object space 68608K, 18% used [0x00000000c0000000,0x00000000c0c8e648,0x00000000c4300000)
 Metaspace       used 35407K, committed 36160K, reserved 1114112K
  class space    used 3616K, committed 3968K, reserved 1048576K
}
Event: 2.233 GC heap after
{Heap after GC invocations=12 (full 2):
 PSYoungGen      total 24064K, used 0K [0x00000000eab00000, 0x00000000ec600000, 0x0000000100000000)
  eden space 23552K, 0% used [0x00000000eab00000,0x00000000eab00000,0x00000000ec200000)
  from space 512K, 0% used [0x00000000ec580000,0x00000000ec580000,0x00000000ec600000)
  to   space 1024K, 0% used [0x00000000ec400000,0x00000000ec400000,0x00000000ec500000)
 ParOldGen       total 68608K, used 12686K [0x00000000c0000000, 0x00000000c4300000, 0x00000000eab00000)
  object space 68608K, 18% used [0x00000000c0000000,0x00000000c0c63b88,0x00000000c4300000)
 Metaspace       used 35407K, committed 36160K, reserved 1114112K
  class space    used 3616K, committed 3968K, reserved 1048576K
}

Dll operation events (12 events):
Event: 0.007 Loaded shared library c:\Users\Nitish\.vscode\extensions\redhat.java-1.20.0-win32-x64\jre\17.0.7-win32-x86_64\bin\java.dll
Event: 0.098 Loaded shared library c:\Users\Nitish\.vscode\extensions\redhat.java-1.20.0-win32-x64\jre\17.0.7-win32-x86_64\bin\zip.dll
Event: 0.100 Loaded shared library C:\Users\Nitish\.vscode\extensions\redhat.java-1.20.0-win32-x64\jre\17.0.7-win32-x86_64\bin\instrument.dll
Event: 0.109 Loaded shared library C:\Users\Nitish\.vscode\extensions\redhat.java-1.20.0-win32-x64\jre\17.0.7-win32-x86_64\bin\net.dll
Event: 0.110 Loaded shared library C:\Users\Nitish\.vscode\extensions\redhat.java-1.20.0-win32-x64\jre\17.0.7-win32-x86_64\bin\nio.dll
Event: 0.115 Loaded shared library C:\Users\Nitish\.vscode\extensions\redhat.java-1.20.0-win32-x64\jre\17.0.7-win32-x86_64\bin\zip.dll
Event: 0.125 Loaded shared library C:\Users\Nitish\.vscode\extensions\redhat.java-1.20.0-win32-x64\jre\17.0.7-win32-x86_64\bin\jimage.dll
Event: 0.158 Loaded shared library c:\Users\Nitish\.vscode\extensions\redhat.java-1.20.0-win32-x64\jre\17.0.7-win32-x86_64\bin\verify.dll
Event: 0.805 Loaded shared library C:\Users\Nitish\AppData\Roaming\Code\User\globalStorage\redhat.java\1.20.0\config_win\org.eclipse.equinox.launcher\org.eclipse.equinox.launcher.win32.win32.x86_64_1.2.700.v20221108-1024\eclipse_11801.dll
Event: 1.142 Loaded shared library C:\Users\Nitish\.vscode\extensions\redhat.java-1.20.0-win32-x64\jre\17.0.7-win32-x86_64\bin\management.dll
Event: 1.144 Loaded shared library C:\Users\Nitish\.vscode\extensions\redhat.java-1.20.0-win32-x64\jre\17.0.7-win32-x86_64\bin\management_ext.dll
Event: 1.925 Loaded shared library C:\Users\Nitish\AppData\Local\Temp\jna--1961363483\jna6665845094079266767.dll

Deoptimization events (20 events):
Event: 2.304 Thread 0x0000024ce85ae2b0 Uncommon trap: trap_request=0xffffffde fr.pc=0x0000024cd3794a30 relative=0x0000000000000090
Event: 2.304 Thread 0x0000024ce85ae2b0 Uncommon trap: reason=class_check action=maybe_recompile pc=0x0000024cd3794a30 method=java.lang.Character.codePointAt(Ljava/lang/CharSequence;I)I @ 2 c2
Event: 2.304 Thread 0x0000024ce85ae2b0 DEOPT PACKING pc=0x0000024cd3794a30 sp=0x000000feeb1fd490
Event: 2.304 Thread 0x0000024ce85ae2b0 DEOPT UNPACKING pc=0x0000024cd2f866a3 sp=0x000000feeb1fd418 mode 2
Event: 2.304 Thread 0x0000024ce85ae2b0 Uncommon trap: trap_request=0xffffffde fr.pc=0x0000024cd3794a30 relative=0x0000000000000090
Event: 2.304 Thread 0x0000024ce85ae2b0 Uncommon trap: reason=class_check action=maybe_recompile pc=0x0000024cd3794a30 method=java.lang.Character.codePointAt(Ljava/lang/CharSequence;I)I @ 2 c2
Event: 2.304 Thread 0x0000024ce85ae2b0 DEOPT PACKING pc=0x0000024cd3794a30 sp=0x000000feeb1fd490
Event: 2.304 Thread 0x0000024ce85ae2b0 DEOPT UNPACKING pc=0x0000024cd2f866a3 sp=0x000000feeb1fd418 mode 2
Event: 2.462 Thread 0x0000024ce85ae2b0 Uncommon trap: trap_request=0xffffff45 fr.pc=0x0000024cd37fb9ac relative=0x00000000000000ac
Event: 2.462 Thread 0x0000024ce85ae2b0 Uncommon trap: reason=unstable_if action=reinterpret pc=0x0000024cd37fb9ac method=org.codehaus.plexus.util.xml.pull.MXParser.more()C @ 8 c2
Event: 2.462 Thread 0x0000024ce85ae2b0 DEOPT PACKING pc=0x0000024cd37fb9ac sp=0x000000feeb1fd040
Event: 2.462 Thread 0x0000024ce85ae2b0 DEOPT UNPACKING pc=0x0000024cd2f866a3 sp=0x000000feeb1fcfd0 mode 2
Event: 2.474 Thread 0x0000024ce85ae2b0 Uncommon trap: trap_request=0xffffff45 fr.pc=0x0000024cd375a2b4 relative=0x0000000000000114
Event: 2.474 Thread 0x0000024ce85ae2b0 Uncommon trap: reason=unstable_if action=reinterpret pc=0x0000024cd375a2b4 method=java.util.ArrayList.indexOfRange(Ljava/lang/Object;II)I @ 7 c2
Event: 2.474 Thread 0x0000024ce85ae2b0 DEOPT PACKING pc=0x0000024cd375a2b4 sp=0x000000feeb1fd020
Event: 2.474 Thread 0x0000024ce85ae2b0 DEOPT UNPACKING pc=0x0000024cd2f866a3 sp=0x000000feeb1fcee0 mode 2
Event: 2.481 Thread 0x0000024ce85ae2b0 Uncommon trap: trap_request=0xffffff45 fr.pc=0x0000024cd3745a10 relative=0x00000000000000f0
Event: 2.481 Thread 0x0000024ce85ae2b0 Uncommon trap: reason=unstable_if action=reinterpret pc=0x0000024cd3745a10 method=java.util.ArrayList.indexOfRange(Ljava/lang/Object;II)I @ 7 c2
Event: 2.481 Thread 0x0000024ce85ae2b0 DEOPT PACKING pc=0x0000024cd3745a10 sp=0x000000feeb1fcf40
Event: 2.481 Thread 0x0000024ce85ae2b0 DEOPT UNPACKING pc=0x0000024cd2f866a3 sp=0x000000feeb1fcee0 mode 2

Classes unloaded (7 events):
Event: 1.284 Thread 0x0000024ce2833f00 Unloading class 0x0000000100212400 'java/lang/invoke/LambdaForm$MH+0x0000000100212400'
Event: 1.284 Thread 0x0000024ce2833f00 Unloading class 0x0000000100212000 'java/lang/invoke/LambdaForm$MH+0x0000000100212000'
Event: 1.284 Thread 0x0000024ce2833f00 Unloading class 0x0000000100211c00 'java/lang/invoke/LambdaForm$MH+0x0000000100211c00'
Event: 1.284 Thread 0x0000024ce2833f00 Unloading class 0x0000000100211800 'java/lang/invoke/LambdaForm$MH+0x0000000100211800'
Event: 1.284 Thread 0x0000024ce2833f00 Unloading class 0x0000000100211000 'java/lang/invoke/LambdaForm$BMH+0x0000000100211000'
Event: 1.284 Thread 0x0000024ce2833f00 Unloading class 0x0000000100210c00 'java/lang/invoke/LambdaForm$DMH+0x0000000100210c00'
Event: 1.284 Thread 0x0000024ce2833f00 Unloading class 0x000000010020e000 'java/lang/invoke/LambdaForm$DMH+0x000000010020e000'

Classes redefined (0 events):
No events

Internal exceptions (20 events):
Event: 1.953 Thread 0x0000024ce4c8a7f0 Exception <a 'java/io/FileNotFoundException'{0x00000000eae3ff40}> (0x00000000eae3ff40) 
thrown [s\src\hotspot\share\prims\jni.cpp, line 516]
Event: 1.961 Thread 0x0000024ce4c8a7f0 Exception <a 'java/lang/UnsatisfiedLinkError'{0x00000000eaecc318}: The specified procedure could not be found.
> (0x00000000eaecc318) 
thrown [s\src\hotspot\share\prims\jni.cpp, line 535]
Event: 1.973 Thread 0x0000024cc7681bd0 Exception <a 'sun/nio/fs/WindowsException'{0x00000000eaf68e08}> (0x00000000eaf68e08) 
thrown [s\src\hotspot\share\prims\jni.cpp, line 516]
Event: 1.974 Thread 0x0000024cc7681bd0 Exception <a 'sun/nio/fs/WindowsException'{0x00000000eaf70348}> (0x00000000eaf70348) 
thrown [s\src\hotspot\share\prims\jni.cpp, line 516]
Event: 1.974 Thread 0x0000024cc7681bd0 Exception <a 'sun/nio/fs/WindowsException'{0x00000000eaf70918}> (0x00000000eaf70918) 
thrown [s\src\hotspot\share\prims\jni.cpp, line 516]
Event: 1.999 Thread 0x0000024cc7681bd0 Exception <a 'java/io/FileNotFoundException'{0x00000000eb1aaf30}> (0x00000000eb1aaf30) 
thrown [s\src\hotspot\share\prims\jni.cpp, line 516]
Event: 2.048 Thread 0x0000024cc7681bd0 Exception <a 'sun/nio/fs/WindowsException'{0x00000000eb4b1bd8}> (0x00000000eb4b1bd8) 
thrown [s\src\hotspot\share\prims\jni.cpp, line 516]
Event: 2.058 Thread 0x0000024ce4c89e50 Exception <a 'java/lang/NoSuchMethodError'{0x00000000eb4d39f8}: 'int java.lang.invoke.DirectMethodHandle$Holder.invokeVirtual(java.lang.Object, java.lang.Object)'> (0x00000000eb4d39f8) 
thrown [s\src\hotspot\share\interpreter\linkResolver.cpp, line 759]
Event: 2.069 Thread 0x0000024cc7681bd0 Exception <a 'java/lang/NoSuchMethodError'{0x00000000eb62b7d8}: 'java.lang.Object java.lang.invoke.DirectMethodHandle$Holder.invokeStatic(java.lang.Object, java.lang.Object, long, java.lang.Object)'> (0x00000000eb62b7d8) 
thrown [s\src\hotspot\share\interpreter\linkResolver.cpp, line 759]
Event: 2.069 Thread 0x0000024cc7681bd0 Exception <a 'java/lang/NoSuchMethodError'{0x00000000eb62f270}: 'java.lang.Object java.lang.invoke.DirectMethodHandle$Holder.invokeStaticInit(java.lang.Object, java.lang.Object, long, java.lang.Object)'> (0x00000000eb62f270) 
thrown [s\src\hotspot\share\interpreter\linkResolver.cpp, line 759]
Event: 2.069 Thread 0x0000024cc7681bd0 Exception <a 'java/lang/NoSuchMethodError'{0x00000000eb635880}: 'java.lang.Object java.lang.invoke.DirectMethodHandle$Holder.newInvokeSpecial(java.lang.Object, java.lang.Object, long)'> (0x00000000eb635880) 
thrown [s\src\hotspot\share\interpreter\linkResolver.cpp, line 759]
Event: 2.070 Thread 0x0000024cc7681bd0 Exception <a 'java/lang/NoSuchMethodError'{0x00000000eb6392c0}: 'java.lang.Object java.lang.invoke.Invokers$Holder.linkToTargetMethod(java.lang.Object, long, java.lang.Object)'> (0x00000000eb6392c0) 
thrown [s\src\hotspot\share\interpreter\linkResolver.cpp, line 759]
Event: 2.103 Thread 0x0000024cc7681bd0 Exception <a 'java/lang/NoSuchMethodError'{0x00000000eb81df58}: 'void java.lang.invoke.DirectMethodHandle$Holder.invokeStatic(java.lang.Object, java.lang.Object, java.lang.Object, java.lang.Object)'> (0x00000000eb81df58) 
thrown [s\src\hotspot\share\interpreter\linkResolver.cpp, line 759]
Event: 2.175 Thread 0x0000024cc7681bd0 Exception <a 'java/lang/NoSuchMethodError'{0x00000000ec16e1f0}: 'void java.lang.invoke.DirectMethodHandle$Holder.invokeSpecial(java.lang.Object, java.lang.Object, java.lang.Object, java.lang.Object, java.lang.Object, java.lang.Object)'> (0x00000000ec16e1f0) 
thrown [s\src\hotspot\share\interpreter\linkResolver.cpp, line 759]
Event: 2.176 Thread 0x0000024cc7681bd0 Exception <a 'java/lang/IncompatibleClassChangeError'{0x00000000ec177b98}: Found class java.lang.Object, but interface was expected> (0x00000000ec177b98) 
thrown [s\src\hotspot\share\interpreter\linkResolver.cpp, line 826]
Event: 2.270 Thread 0x0000024ce85ae2b0 Exception <a 'java/io/FileNotFoundException'{0x00000000ead44048}> (0x00000000ead44048) 
thrown [s\src\hotspot\share\prims\jni.cpp, line 516]
Event: 2.284 Thread 0x0000024ce85ae2b0 Exception <a 'sun/nio/fs/WindowsException'{0x00000000eae66450}> (0x00000000eae66450) 
thrown [s\src\hotspot\share\prims\jni.cpp, line 516]
Event: 2.315 Thread 0x0000024ce85ae2b0 Exception <a 'java/lang/NoSuchMethodError'{0x00000000eafd9010}: 'java.lang.Object java.lang.invoke.DirectMethodHandle$Holder.invokeSpecialIFC(java.lang.Object, java.lang.Object, java.lang.Object, java.lang.Object)'> (0x00000000eafd9010) 
thrown [s\src\hotspot\share\interpreter\linkResolver.cpp, line 759]
Event: 2.394 Thread 0x0000024ce85ae2b0 Exception <a 'java/lang/NoSuchMethodError'{0x00000000eb7da978}: 'int java.lang.invoke.DirectMethodHandle$Holder.invokeSpecialIFC(java.lang.Object, java.lang.Object, java.lang.Object, java.lang.Object, java.lang.Object)'> (0x00000000eb7da978) 
thrown [s\src\hotspot\share\interpreter\linkResolver.cpp, line 759]
Event: 2.460 Thread 0x0000024ce85ae2b0 Exception <a 'java/lang/NoClassDefFoundError'{0x00000000ebdc3920}: javax/enterprise/inject/Typed> (0x00000000ebdc3920) 
thrown [s\src\hotspot\share\classfile\systemDictionary.cpp, line 245]

VM Operations (20 events):
Event: 1.935 Executing VM operation: HandshakeAllThreads
Event: 1.935 Executing VM operation: HandshakeAllThreads done
Event: 2.088 Executing VM operation: HandshakeAllThreads
Event: 2.088 Executing VM operation: HandshakeAllThreads done
Event: 2.191 Executing VM operation: ParallelGCFailedAllocation
Event: 2.194 Executing VM operation: ParallelGCFailedAllocation done
Event: 2.198 Executing VM operation: CollectForMetadataAllocation
Event: 2.198 Executing VM operation: CollectForMetadataAllocation done
Event: 2.198 Executing VM operation: ParallelGCSystemGC
Event: 2.200 Executing VM operation: ParallelGCSystemGC done
Event: 2.217 Executing VM operation: CollectForMetadataAllocation
Event: 2.233 Executing VM operation: CollectForMetadataAllocation done
Event: 2.264 Executing VM operation: HandshakeAllThreads
Event: 2.264 Executing VM operation: HandshakeAllThreads done
Event: 2.298 Executing VM operation: HandshakeAllThreads
Event: 2.298 Executing VM operation: HandshakeAllThreads done
Event: 2.322 Executing VM operation: HandshakeAllThreads
Event: 2.322 Executing VM operation: HandshakeAllThreads done
Event: 2.452 Executing VM operation: HandshakeAllThreads
Event: 2.452 Executing VM operation: HandshakeAllThreads done

Events (20 events):
Event: 2.381 loading class java/util/stream/Streams$ConcatSpliterator
Event: 2.381 loading class java/util/stream/Streams$ConcatSpliterator done
Event: 2.381 loading class java/util/stream/Streams$ConcatSpliterator$OfRef done
Event: 2.381 loading class java/util/stream/Streams$2
Event: 2.382 loading class java/util/stream/Streams$2 done
Event: 2.398 loading class java/util/stream/SortedOps$SizedRefSortingSink
Event: 2.398 loading class java/util/stream/SortedOps$SizedRefSortingSink done
Event: 2.420 loading class java/lang/annotation/ElementType
Event: 2.420 loading class java/lang/annotation/ElementType done
Event: 2.426 loading class java/util/concurrent/CancellationException
Event: 2.426 loading class java/util/concurrent/CancellationException done
Event: 2.453 loading class java/lang/Short$ShortCache
Event: 2.454 loading class java/lang/Short$ShortCache done
Event: 2.460 loading class java/lang/annotation/IncompleteAnnotationException
Event: 2.460 loading class java/lang/annotation/IncompleteAnnotationException done
Event: 2.477 loading class jdk/internal/access/foreign/MemorySegmentProxy
Event: 2.477 loading class jdk/internal/access/foreign/MemorySegmentProxy done
Event: 2.478 Thread 0x0000024ce69b4aa0 Thread added: 0x0000024ce69b4aa0
Event: 2.478 Thread 0x0000024ce8683970 Thread added: 0x0000024ce8683970
Event: 2.478 Thread 0x0000024ce8391c60 Thread added: 0x0000024ce8391c60


Dynamic libraries:
0x00007ff6f6f80000 - 0x00007ff6f6f8e000 	c:\Users\Nitish\.vscode\extensions\redhat.java-1.20.0-win32-x64\jre\17.0.7-win32-x86_64\bin\java.exe
0x00007ff956630000 - 0x00007ff956828000 	C:\Windows\SYSTEM32\ntdll.dll
0x00007ff954d00000 - 0x00007ff954dbf000 	C:\Windows\System32\KERNEL32.DLL
0x00007ff953e60000 - 0x00007ff954156000 	C:\Windows\System32\KERNELBASE.dll
0x00007ff954590000 - 0x00007ff954690000 	C:\Windows\System32\ucrtbase.dll
0x00007ff941bd0000 - 0x00007ff941be7000 	c:\Users\Nitish\.vscode\extensions\redhat.java-1.20.0-win32-x64\jre\17.0.7-win32-x86_64\bin\jli.dll
0x00007ff9418c0000 - 0x00007ff9418d9000 	c:\Users\Nitish\.vscode\extensions\redhat.java-1.20.0-win32-x64\jre\17.0.7-win32-x86_64\bin\VCRUNTIME140.dll
0x00007ff955010000 - 0x00007ff9551ad000 	C:\Windows\System32\USER32.dll
0x00007ff954400000 - 0x00007ff954422000 	C:\Windows\System32\win32u.dll
0x00007ff944d30000 - 0x00007ff944fca000 	C:\Windows\WinSxS\amd64_microsoft.windows.common-controls_6595b64144ccf1df_6.0.19041.1110_none_60b5254171f9507e\COMCTL32.dll
0x00007ff954770000 - 0x00007ff95479c000 	C:\Windows\System32\GDI32.dll
0x00007ff954dc0000 - 0x00007ff954e5e000 	C:\Windows\System32\msvcrt.dll
0x00007ff953d40000 - 0x00007ff953e55000 	C:\Windows\System32\gdi32full.dll
0x00007ff954260000 - 0x00007ff9542fd000 	C:\Windows\System32\msvcp_win.dll
0x00007ff955a00000 - 0x00007ff955a30000 	C:\Windows\System32\IMM32.DLL
0x00007ff943310000 - 0x00007ff94331c000 	c:\Users\Nitish\.vscode\extensions\redhat.java-1.20.0-win32-x64\jre\17.0.7-win32-x86_64\bin\vcruntime140_1.dll
0x00007ff91a510000 - 0x00007ff91a5a1000 	c:\Users\Nitish\.vscode\extensions\redhat.java-1.20.0-win32-x64\jre\17.0.7-win32-x86_64\bin\msvcp140.dll
0x00007ff901d10000 - 0x00007ff902958000 	c:\Users\Nitish\.vscode\extensions\redhat.java-1.20.0-win32-x64\jre\17.0.7-win32-x86_64\bin\server\jvm.dll
0x00007ff9555d0000 - 0x00007ff95567f000 	C:\Windows\System32\ADVAPI32.dll
0x00007ff956360000 - 0x00007ff9563fc000 	C:\Windows\System32\sechost.dll
0x00007ff956230000 - 0x00007ff956356000 	C:\Windows\System32\RPCRT4.dll
0x00007ff937a10000 - 0x00007ff937a19000 	C:\Windows\SYSTEM32\WSOCK32.dll
0x00007ff9557d0000 - 0x00007ff95583b000 	C:\Windows\System32\WS2_32.dll
0x00007ff9519a0000 - 0x00007ff9519c7000 	C:\Windows\SYSTEM32\WINMM.dll
0x00007ff94c8a0000 - 0x00007ff94c8aa000 	C:\Windows\SYSTEM32\VERSION.dll
0x00007ff952550000 - 0x00007ff952562000 	C:\Windows\SYSTEM32\kernel.appcore.dll
0x00007ff942500000 - 0x00007ff94250a000 	c:\Users\Nitish\.vscode\extensions\redhat.java-1.20.0-win32-x64\jre\17.0.7-win32-x86_64\bin\jimage.dll
0x00007ff951750000 - 0x00007ff951934000 	C:\Windows\SYSTEM32\DBGHELP.DLL
0x00007ff951960000 - 0x00007ff951994000 	C:\Windows\SYSTEM32\dbgcore.DLL
0x00007ff954160000 - 0x00007ff9541e2000 	C:\Windows\System32\bcryptPrimitives.dll
0x00007ff942250000 - 0x00007ff94225e000 	c:\Users\Nitish\.vscode\extensions\redhat.java-1.20.0-win32-x64\jre\17.0.7-win32-x86_64\bin\instrument.dll
0x00007ff941890000 - 0x00007ff9418b5000 	c:\Users\Nitish\.vscode\extensions\redhat.java-1.20.0-win32-x64\jre\17.0.7-win32-x86_64\bin\java.dll
0x00007ff941820000 - 0x00007ff941838000 	c:\Users\Nitish\.vscode\extensions\redhat.java-1.20.0-win32-x64\jre\17.0.7-win32-x86_64\bin\zip.dll
0x00007ff955ae0000 - 0x00007ff956224000 	C:\Windows\System32\SHELL32.dll
0x00007ff951da0000 - 0x00007ff952533000 	C:\Windows\SYSTEM32\windows.storage.dll
0x00007ff955260000 - 0x00007ff9555b4000 	C:\Windows\System32\combase.dll
0x00007ff953680000 - 0x00007ff9536ae000 	C:\Windows\SYSTEM32\Wldp.dll
0x00007ff9551b0000 - 0x00007ff95525d000 	C:\Windows\System32\SHCORE.dll
0x00007ff955680000 - 0x00007ff9556d5000 	C:\Windows\System32\shlwapi.dll
0x00007ff953c50000 - 0x00007ff953c6f000 	C:\Windows\SYSTEM32\profapi.dll
0x00007ff941800000 - 0x00007ff941819000 	C:\Users\Nitish\.vscode\extensions\redhat.java-1.20.0-win32-x64\jre\17.0.7-win32-x86_64\bin\net.dll
0x00007ff94e460000 - 0x00007ff94e56a000 	C:\Windows\SYSTEM32\WINHTTP.dll
0x00007ff9533e0000 - 0x00007ff95344a000 	C:\Windows\system32\mswsock.dll
0x00007ff9417e0000 - 0x00007ff9417f5000 	C:\Users\Nitish\.vscode\extensions\redhat.java-1.20.0-win32-x64\jre\17.0.7-win32-x86_64\bin\nio.dll
0x00007ff941b10000 - 0x00007ff941b20000 	c:\Users\Nitish\.vscode\extensions\redhat.java-1.20.0-win32-x64\jre\17.0.7-win32-x86_64\bin\verify.dll
0x00007ff930480000 - 0x00007ff9304be000 	C:\Users\Nitish\AppData\Roaming\Code\User\globalStorage\redhat.java\1.20.0\config_win\org.eclipse.equinox.launcher\org.eclipse.equinox.launcher.win32.win32.x86_64_1.2.700.v20221108-1024\eclipse_11801.dll
0x00007ff9558d0000 - 0x00007ff9559fa000 	C:\Windows\System32\ole32.dll
0x00007ff941880000 - 0x00007ff941889000 	C:\Users\Nitish\.vscode\extensions\redhat.java-1.20.0-win32-x64\jre\17.0.7-win32-x86_64\bin\management.dll
0x00007ff9417b0000 - 0x00007ff9417bb000 	C:\Users\Nitish\.vscode\extensions\redhat.java-1.20.0-win32-x64\jre\17.0.7-win32-x86_64\bin\management_ext.dll
0x00007ff9547a0000 - 0x00007ff9547a8000 	C:\Windows\System32\PSAPI.DLL
0x00007ff9535d0000 - 0x00007ff9535e8000 	C:\Windows\SYSTEM32\CRYPTSP.dll
0x00007ff952d00000 - 0x00007ff952d34000 	C:\Windows\system32\rsaenh.dll
0x00007ff953d10000 - 0x00007ff953d37000 	C:\Windows\System32\bcrypt.dll
0x00007ff953bd0000 - 0x00007ff953bfe000 	C:\Windows\SYSTEM32\USERENV.dll
0x00007ff9535f0000 - 0x00007ff9535fc000 	C:\Windows\SYSTEM32\CRYPTBASE.dll
0x00007ff9530d0000 - 0x00007ff95310c000 	C:\Windows\SYSTEM32\IPHLPAPI.DLL
0x00007ff9558c0000 - 0x00007ff9558c8000 	C:\Windows\System32\NSI.dll
0x00007ff94da30000 - 0x00007ff94da47000 	C:\Windows\SYSTEM32\dhcpcsvc6.DLL
0x00007ff94da10000 - 0x00007ff94da2d000 	C:\Windows\SYSTEM32\dhcpcsvc.DLL
0x00007ff953110000 - 0x00007ff9531da000 	C:\Windows\SYSTEM32\DNSAPI.dll
0x00007ff919fe0000 - 0x00007ff91a025000 	C:\Users\Nitish\AppData\Local\Temp\jna--1961363483\jna6665845094079266767.dll

dbghelp: loaded successfully - version: 4.0.5 - missing functions: none
symbol engine: initialized successfully - sym options: 0x614 - pdb path: .;c:\Users\Nitish\.vscode\extensions\redhat.java-1.20.0-win32-x64\jre\17.0.7-win32-x86_64\bin;C:\Windows\SYSTEM32;C:\Windows\WinSxS\amd64_microsoft.windows.common-controls_6595b64144ccf1df_6.0.19041.1110_none_60b5254171f9507e;c:\Users\Nitish\.vscode\extensions\redhat.java-1.20.0-win32-x64\jre\17.0.7-win32-x86_64\bin\server;C:\Users\Nitish\AppData\Roaming\Code\User\globalStorage\redhat.java\1.20.0\config_win\org.eclipse.equinox.launcher\org.eclipse.equinox.launcher.win32.win32.x86_64_1.2.700.v20221108-1024;C:\Users\Nitish\AppData\Local\Temp\jna--1961363483

VM Arguments:
jvm_args: --add-modules=ALL-SYSTEM --add-opens=java.base/java.util=ALL-UNNAMED --add-opens=java.base/java.lang=ALL-UNNAMED --add-opens=java.base/sun.nio.fs=ALL-UNNAMED -Declipse.application=org.eclipse.jdt.ls.core.id1 -Dosgi.bundles.defaultStartLevel=4 -Declipse.product=org.eclipse.jdt.ls.core.product -Djava.import.generatesMetadataFilesAtProjectRoot=false -Dfile.encoding=utf8 -XX:+UseParallelGC -XX:GCTimeRatio=4 -XX:AdaptiveSizePolicyWeight=90 -Dsun.zip.disableMemoryMapping=true -Xmx1G -Xms100m -Xlog:disable -javaagent:c:\Users\Nitish\.vscode\extensions\redhat.java-1.20.0-win32-x64\lombok\lombok-1.18.28.jar -XX:+HeapDumpOnOutOfMemoryError -XX:HeapDumpPath=c:\Users\Nitish\AppData\Roaming\Code\User\workspaceStorage\30ac4f06b3502b363aba4d30d4dde98c\redhat.java -Daether.dependencyCollector.impl=bf 
java_command: c:\Users\Nitish\.vscode\extensions\redhat.java-1.20.0-win32-x64\server\plugins\org.eclipse.equinox.launcher_1.6.500.v20230622-2056.jar -configuration c:\Users\Nitish\AppData\Roaming\Code\User\globalStorage\redhat.java\1.20.0\config_win -data c:\Users\Nitish\AppData\Roaming\Code\User\workspaceStorage\30ac4f06b3502b363aba4d30d4dde98c\redhat.java\jdt_ws
java_class_path (initial): c:\Users\Nitish\.vscode\extensions\redhat.java-1.20.0-win32-x64\server\plugins\org.eclipse.equinox.launcher_1.6.500.v20230622-2056.jar
Launcher Type: SUN_STANDARD

[Global flags]
    uintx AdaptiveSizePolicyWeight                 = 90                                        {product} {command line}
     intx CICompilerCount                          = 12                                        {product} {ergonomic}
    uintx GCTimeRatio                              = 4                                         {product} {command line}
     bool HeapDumpOnOutOfMemoryError               = true                                   {manageable} {command line}
    ccstr HeapDumpPath                             = c:\Users\Nitish\AppData\Roaming\Code\User\workspaceStorage\30ac4f06b3502b363aba4d30d4dde98c\redhat.java         {manageable} {command line}
   size_t InitialHeapSize                          = 104857600                                 {product} {command line}
   size_t MaxHeapSize                              = 1073741824                                {product} {command line}
   size_t MaxNewSize                               = 357564416                                 {product} {ergonomic}
   size_t MinHeapDeltaBytes                        = 524288                                    {product} {ergonomic}
   size_t MinHeapSize                              = 104857600                                 {product} {command line}
   size_t NewSize                                  = 34603008                                  {product} {ergonomic}
    uintx NonNMethodCodeHeapSize                   = 7602480                                {pd product} {ergonomic}
    uintx NonProfiledCodeHeapSize                  = 122027880                              {pd product} {ergonomic}
   size_t OldSize                                  = 70254592                                  {product} {ergonomic}
    uintx ProfiledCodeHeapSize                     = 122027880                              {pd product} {ergonomic}
    uintx ReservedCodeCacheSize                    = 251658240                              {pd product} {ergonomic}
     bool SegmentedCodeCache                       = true                                      {product} {ergonomic}
   size_t SoftMaxHeapSize                          = 1073741824                             {manageable} {ergonomic}
     bool UseCompressedClassPointers               = true                           {product lp64_product} {ergonomic}
     bool UseCompressedOops                        = true                           {product lp64_product} {ergonomic}
     bool UseLargePagesIndividualAllocation        = false                                  {pd product} {ergonomic}
     bool UseParallelGC                            = true                                      {product} {command line}

Logging:
Log output configuration:
 #0: stdout all=off uptime,level,tags
 #1: stderr all=off uptime,level,tags

Environment Variables:
JAVA_HOME=C:\Users\Nitish\AppData\Local\Programs\Eclipse Adoptium\jdk-17.0.3.7-hotspot\
PATH=C:\ProgramData\Oracle\Java\javapath;C:\Windows\system32;C:\Windows;C:\Windows\System32\Wbem;C:\Windows\System32\WindowsPowerShell\v1.0\;C:\Windows\System32\OpenSSH\;C:\Program Files (x86)\NVIDIA Corporation\PhysX\Common;C:\Program Files\NVIDIA Corporation\NVIDIA NvDLISR;C:\Program Files\dotnet\;C:\MinGW\bin;C:\Program Files\Cloudflare\Cloudflare WARP\;C:\Program Files\nodejs\;C:\Program Files\Git\cmd;C:\Users\Nitish\AppData\Local\Pub\Cache\bin;C:\Program Files\MySQL\MySQL Shell 8.0\bin\;C:\Users\Nitish\AppData\Local\Programs\Eclipse Adoptium\jdk-17.0.3.7-hotspot\bin;C:\Users\Nitish\AppData\Local\Programs\Python\Python310\Scripts\;C:\Users\Nitish\AppData\Local\Programs\Python\Python310\;C:\Users\Nitish\AppData\Local\Microsoft\WindowsApps;C:\Users\Nitish\AppData\Local\Programs\Microsoft VS Code\bin;C:\Users\Nitish\VIT (3)\paketriot\pktriot-0.14.1;C:\intelFPGA\18.1\modelsim_ase\win32aloem;C:\Users\Nitish\AppData\Roaming\npm;D:\flutter_windows_3.10.4-stable\flutter\bin;C:\Users\Nitish\AppData\Local\Android\Sdk\emulator;C:\Users\Nitish\AppData\Local\Pub\Cache\bin;
USERNAME=Nitish
OS=Windows_NT
PROCESSOR_IDENTIFIER=AMD64 Family 25 Model 80 Stepping 0, AuthenticAMD
TMP=C:\Users\Nitish\AppData\Local\Temp
TEMP=C:\Users\Nitish\AppData\Local\Temp



---------------  S Y S T E M  ---------------

OS:
 Windows 10 , 64 bit Build 19041 (10.0.19041.3031)
OS uptime: 0 days 5:06 hours

CPU: total 16 (initial active 16) (16 cores per cpu, 2 threads per core) family 25 model 80 stepping 0 microcode 0x0, cx8, cmov, fxsr, ht, mmx, 3dnowpref, sse, sse2, sse3, ssse3, sse4a, sse4.1, sse4.2, popcnt, lzcnt, tsc, tscinvbit, avx, avx2, aes, erms, clmul, bmi1, bmi2, adx, sha, fma, vzeroupper, clflush, clflushopt

Memory: 4k page, system-wide physical 15775M (2009M free)
TotalPageFile size 20795M (AvailPageFile size 5M)
current process WorkingSet (physical memory assigned to process): 185M, peak: 185M
current process commit charge ("private bytes"): 302M, peak: 303M

vm_info: OpenJDK 64-Bit Server VM (17.0.7+7) for windows-amd64 JRE (17.0.7+7), built on Apr 18 2023 22:10:42 by "temurin" with MS VC++ 16.7 (VS2019)

END.
