#
# There is insufficient memory for the Java Runtime Environment to continue.
# Native memory allocation (malloc) failed to allocate 32744 bytes for ChunkPool::allocate
# Possible reasons:
#   The system is out of physical RAM or swap space
#   The process is running with CompressedOops enabled, and the Java Heap may be blocking the growth of the native heap
# Possible solutions:
#   Reduce memory load on the system
#   Increase physical memory or swap space
#   Check if swap backing store is full
#   Decrease Java heap size (-Xmx/-Xms)
#   Decrease number of Java threads
#   Decrease Java thread stack sizes (-Xss)
#   Set larger code cache with -XX:ReservedCodeCacheSize=
#   JVM is running with Unscaled Compressed Oops mode in which the Java heap is
#     placed in the first 4GB address space. The Java Heap base address is the
#     maximum limit for the native heap growth. Please use -XX:HeapBaseMinAddress
#     to set the Java Heap base and to place the Java Heap above 4GB virtual address.
# This output file may be truncated or incomplete.
#
#  Out of Memory Error (arena.cpp:78), pid=24540, tid=18584
#
# JRE version: OpenJDK Runtime Environment Temurin-17.0.7+7 (17.0.7+7) (build 17.0.7+7)
# Java VM: OpenJDK 64-Bit Server VM Temurin-17.0.7+7 (17.0.7+7, mixed mode, tiered, compressed oops, compressed class ptrs, parallel gc, windows-amd64)
# No core dump will be written. Minidumps are not enabled by default on client versions of Windows
#

---------------  S U M M A R Y ------------

Command Line: --add-modules=ALL-SYSTEM --add-opens=java.base/java.util=ALL-UNNAMED --add-opens=java.base/java.lang=ALL-UNNAMED --add-opens=java.base/sun.nio.fs=ALL-UNNAMED -Declipse.application=org.eclipse.jdt.ls.core.id1 -Dosgi.bundles.defaultStartLevel=4 -Declipse.product=org.eclipse.jdt.ls.core.product -Djava.import.generatesMetadataFilesAtProjectRoot=false -Dfile.encoding=utf8 -XX:+UseParallelGC -XX:GCTimeRatio=4 -XX:AdaptiveSizePolicyWeight=90 -Dsun.zip.disableMemoryMapping=true -Xmx1G -Xms100m -Xlog:disable -javaagent:c:\Users\Nitish\.vscode\extensions\redhat.java-1.20.0-win32-x64\lombok\lombok-1.18.28.jar c:\Users\Nitish\.vscode\extensions\redhat.java-1.20.0-win32-x64\server\plugins\org.eclipse.equinox.launcher_1.6.500.v20230622-2056.jar -configuration c:\Users\Nitish\AppData\Roaming\Code\User\globalStorage\redhat.java\1.20.0\config_ss_win -data c:\Users\Nitish\AppData\Roaming\Code\User\workspaceStorage\30ac4f06b3502b363aba4d30d4dde98c\redhat.java\ss_ws

Host: AMD Ryzen 9 5900HS with Radeon Graphics        , 16 cores, 15G,  Windows 10 , 64 bit Build 19041 (10.0.19041.3031)
Time: Tue Jul  4 10:34:26 2023 India Standard Time elapsed time: 1.492950 seconds (0d 0h 0m 1s)

---------------  T H R E A D  ---------------

Current thread (0x0000025e17204d80):  JavaThread "C2 CompilerThread0" daemon [_thread_in_native, id=18584, stack(0x000000d0f9e00000,0x000000d0f9f00000)]


Current CompileTask:
C2:   1493 2287       4       org.objectweb.asm.MethodWriter::<init> (232 bytes)

Stack: [0x000000d0f9e00000,0x000000d0f9f00000]
Native frames: (J=compiled Java code, j=interpreted, Vv=VM code, C=native code)
V  [jvm.dll+0x67754a]
V  [jvm.dll+0x834304]
V  [jvm.dll+0x835aae]
V  [jvm.dll+0x836113]
V  [jvm.dll+0x24696f]
V  [jvm.dll+0xac2cc]
V  [jvm.dll+0xac67c]
V  [jvm.dll+0x6538f3]
V  [jvm.dll+0x1bb44a]
V  [jvm.dll+0x689cc7]
V  [jvm.dll+0x68f3a8]
V  [jvm.dll+0x68794b]
V  [jvm.dll+0x686f87]
V  [jvm.dll+0x684e82]
V  [jvm.dll+0x1a7fdc]
V  [jvm.dll+0x1a8ba6]
V  [jvm.dll+0x2ace54]
V  [jvm.dll+0x68f857]
V  [jvm.dll+0x68794b]
V  [jvm.dll+0x686f87]
V  [jvm.dll+0x684e82]
V  [jvm.dll+0x1a7fdc]
V  [jvm.dll+0x218628]
V  [jvm.dll+0x1a4d8d]
V  [jvm.dll+0x2284da]
V  [jvm.dll+0x226615]
V  [jvm.dll+0x7ea90b]
V  [jvm.dll+0x7e4e7a]
V  [jvm.dll+0x676395]
C  [ucrtbase.dll+0x21bb2]
C  [KERNEL32.DLL+0x17614]
C  [ntdll.dll+0x526f1]


---------------  P R O C E S S  ---------------

Threads class SMR info:
_java_thread_list=0x0000025e19bbc100, length=25, elements={
0x0000025e7dc63820, 0x0000025e7ff2ae00, 0x0000025e7ff2c5a0, 0x0000025e171c3740,
0x0000025e171c48d0, 0x0000025e171c5df0, 0x0000025e171f7020, 0x0000025e17204d80,
0x0000025e17205b40, 0x0000025e1720ec10, 0x0000025e172b7160, 0x0000025e7dd1ba00,
0x0000025e173ca5e0, 0x0000025e174f8400, 0x0000025e174f8910, 0x0000025e18de56f0,
0x0000025e196ae030, 0x0000025e198db720, 0x0000025e199b3380, 0x0000025e1988b420,
0x0000025e19981740, 0x0000025e1986e970, 0x0000025e19b40fc0, 0x0000025e19beeac0,
0x0000025e19ab86c0
}

Java Threads: ( => current thread )
  0x0000025e7dc63820 JavaThread "main" [_thread_blocked, id=23804, stack(0x000000d0f9500000,0x000000d0f9600000)]
  0x0000025e7ff2ae00 JavaThread "Reference Handler" daemon [_thread_blocked, id=16936, stack(0x000000d0f9800000,0x000000d0f9900000)]
  0x0000025e7ff2c5a0 JavaThread "Finalizer" daemon [_thread_blocked, id=18956, stack(0x000000d0f9900000,0x000000d0f9a00000)]
  0x0000025e171c3740 JavaThread "Signal Dispatcher" daemon [_thread_blocked, id=15492, stack(0x000000d0f9a00000,0x000000d0f9b00000)]
  0x0000025e171c48d0 JavaThread "Attach Listener" daemon [_thread_blocked, id=3372, stack(0x000000d0f9b00000,0x000000d0f9c00000)]
  0x0000025e171c5df0 JavaThread "Service Thread" daemon [_thread_blocked, id=23580, stack(0x000000d0f9c00000,0x000000d0f9d00000)]
  0x0000025e171f7020 JavaThread "Monitor Deflation Thread" daemon [_thread_blocked, id=11524, stack(0x000000d0f9d00000,0x000000d0f9e00000)]
=>0x0000025e17204d80 JavaThread "C2 CompilerThread0" daemon [_thread_in_native, id=18584, stack(0x000000d0f9e00000,0x000000d0f9f00000)]
  0x0000025e17205b40 JavaThread "C1 CompilerThread0" daemon [_thread_blocked, id=21560, stack(0x000000d0f9f00000,0x000000d0fa000000)]
  0x0000025e1720ec10 JavaThread "Sweeper thread" daemon [_thread_blocked, id=18576, stack(0x000000d0fa000000,0x000000d0fa100000)]
  0x0000025e172b7160 JavaThread "Common-Cleaner" daemon [_thread_blocked, id=2852, stack(0x000000d0fa100000,0x000000d0fa200000)]
  0x0000025e7dd1ba00 JavaThread "C1 CompilerThread1" daemon [_thread_blocked, id=18696, stack(0x000000d0fa200000,0x000000d0fa300000)]
  0x0000025e173ca5e0 JavaThread "C2 CompilerThread1" daemon [_thread_in_native, id=21148, stack(0x000000d0fa300000,0x000000d0fa400000)]
  0x0000025e174f8400 JavaThread "C1 CompilerThread2" daemon [_thread_blocked, id=18040, stack(0x000000d0fa400000,0x000000d0fa500000)]
  0x0000025e174f8910 JavaThread "C1 CompilerThread3" daemon [_thread_blocked, id=22556, stack(0x000000d0fa500000,0x000000d0fa600000)]
  0x0000025e18de56f0 JavaThread "Notification Thread" daemon [_thread_blocked, id=18792, stack(0x000000d0fa600000,0x000000d0fa700000)]
  0x0000025e196ae030 JavaThread "Active Thread: Equinox Container: 36104e24-76cf-439c-95e0-6256b772055e" [_thread_blocked, id=18860, stack(0x000000d0fae00000,0x000000d0faf00000)]
  0x0000025e198db720 JavaThread "Framework Event Dispatcher: Equinox Container: 36104e24-76cf-439c-95e0-6256b772055e" daemon [_thread_blocked, id=20324, stack(0x000000d0faf00000,0x000000d0fb000000)]
  0x0000025e199b3380 JavaThread "Start Level: Equinox Container: 36104e24-76cf-439c-95e0-6256b772055e" daemon [_thread_in_vm, id=24324, stack(0x000000d0fb000000,0x000000d0fb100000)]
  0x0000025e1988b420 JavaThread "SCR Component Actor" daemon [_thread_blocked, id=21396, stack(0x000000d0fb100000,0x000000d0fb200000)]
  0x0000025e19981740 JavaThread "SCR Component Registry" daemon [_thread_blocked, id=23920, stack(0x000000d0fb400000,0x000000d0fb500000)]
  0x0000025e1986e970 JavaThread "Worker-JM" [_thread_blocked, id=8108, stack(0x000000d0fa800000,0x000000d0fa900000)]
  0x0000025e19b40fc0 JavaThread "Worker-0" [_thread_blocked, id=7788, stack(0x000000d0fb800000,0x000000d0fb900000)]
  0x0000025e19beeac0 JavaThread "Worker-1" [_thread_blocked, id=24028, stack(0x000000d0fb900000,0x000000d0fba00000)]
  0x0000025e19ab86c0 JavaThread "C2 CompilerThread2" daemon [_thread_in_native, id=3804, stack(0x000000d0fba00000,0x000000d0fbb00000)]

Other Threads:
  0x0000025e171a58e0 VMThread "VM Thread" [stack: 0x000000d0f9700000,0x000000d0f9800000] [id=15396]
  0x0000025e18de5bc0 WatcherThread [stack: 0x000000d0fa700000,0x000000d0fa800000] [id=15420]
  0x0000025e7dc74040 GCTaskThread "GC Thread#0" [stack: 0x000000d0f9600000,0x000000d0f9700000] [id=17180]
  0x0000025e194215e0 GCTaskThread "GC Thread#1" [stack: 0x000000d0fa900000,0x000000d0faa00000] [id=3380]
  0x0000025e19530b10 GCTaskThread "GC Thread#2" [stack: 0x000000d0faa00000,0x000000d0fab00000] [id=23484]
  0x0000025e195315d0 GCTaskThread "GC Thread#3" [stack: 0x000000d0fab00000,0x000000d0fac00000] [id=21036]
  0x0000025e19531880 GCTaskThread "GC Thread#4" [stack: 0x000000d0fac00000,0x000000d0fad00000] [id=16508]
  0x0000025e194c00e0 GCTaskThread "GC Thread#5" [stack: 0x000000d0fad00000,0x000000d0fae00000] [id=17244]
  0x0000025e196fd9a0 GCTaskThread "GC Thread#6" [stack: 0x000000d0fb200000,0x000000d0fb300000] [id=17644]
  0x0000025e196fd440 GCTaskThread "GC Thread#7" [stack: 0x000000d0fb300000,0x000000d0fb400000] [id=20476]
  0x0000025e196fdc50 GCTaskThread "GC Thread#8" [stack: 0x000000d0fb500000,0x000000d0fb600000] [id=12164]
  0x0000025e196fe1b0 GCTaskThread "GC Thread#9" [stack: 0x000000d0fb600000,0x000000d0fb700000] [id=24052]
  0x0000025e196fc980 GCTaskThread "GC Thread#10" [stack: 0x000000d0fb700000,0x000000d0fb800000] [id=9404]

Threads with active compile tasks:
C2 CompilerThread0     1516 2287       4       org.objectweb.asm.MethodWriter::<init> (232 bytes)
C2 CompilerThread1     1516 2286       4       lombok.patcher.PatchScript$MethodPatcher::visitMethod (158 bytes)
C2 CompilerThread2     1517 2278       4       org.objectweb.asm.ClassReader::readMethod (1066 bytes)

VM state: not at safepoint (normal execution)

VM Mutex/Monitor currently owned by a thread:  ([mutex/lock_event])
[0x0000025e7dc5d9f0] Metaspace_lock - owner thread: 0x0000025e199b3380

Heap address: 0x00000000c0000000, size: 1024 MB, Compressed Oops mode: 32-bit

CDS archive(s) not mapped
Compressed class space mapped at: 0x0000000100000000-0x0000000140000000, reserved size: 1073741824
Narrow klass base: 0x0000000000000000, Narrow klass shift: 3, Narrow klass range: 0x140000000

GC Precious Log:
 CPUs: 16 total, 16 available
 Memory: 15775M
 Large Page Support: Disabled
 NUMA Support: Disabled
 Compressed Oops: Enabled (32-bit)
 Alignments: Space 512K, Generation 512K, Heap 2M
 Heap Min Capacity: 100M
 Heap Initial Capacity: 100M
 Heap Max Capacity: 1G
 Pre-touch: Disabled
 Parallel Workers: 13

Heap:
 PSYoungGen      total 25600K, used 6532K [0x00000000eab00000, 0x00000000ec880000, 0x0000000100000000)
  eden space 25088K, 24% used [0x00000000eab00000,0x00000000eb109238,0x00000000ec380000)
  from space 512K, 68% used [0x00000000ec400000,0x00000000ec458000,0x00000000ec480000)
  to   space 2048K, 0% used [0x00000000ec680000,0x00000000ec680000,0x00000000ec880000)
 ParOldGen       total 68608K, used 6747K [0x00000000c0000000, 0x00000000c4300000, 0x00000000eab00000)
  object space 68608K, 9% used [0x00000000c0000000,0x00000000c0696ef8,0x00000000c4300000)
 Metaspace       used 25377K, committed 25728K, reserved 1114112K
  class space    used 2485K, committed 2624K, reserved 1048576K

Card table byte_map: [0x0000025e7d640000,0x0000025e7d850000] _byte_map_base: 0x0000025e7d040000

Marking Bits: (ParMarkBitMap*) 0x00007ff9028952c0
 Begin Bits: [0x0000025e7dd30000, 0x0000025e7ed30000)
 End Bits:   [0x0000025e7ed30000, 0x0000025e7fd30000)

Polling page: 0x0000025e7d430000

Metaspace:

Usage:
  Non-class:     22.36 MB used.
      Class:      2.43 MB used.
       Both:     24.78 MB used.

Virtual space:
  Non-class space:       64.00 MB reserved,      22.56 MB ( 35%) committed,  1 nodes.
      Class space:        1.00 GB reserved,       2.56 MB ( <1%) committed,  1 nodes.
             Both:        1.06 GB reserved,      25.12 MB (  2%) committed. 

Chunk freelists:
   Non-Class:  9.42 MB
       Class:  13.44 MB
        Both:  22.86 MB

MaxMetaspaceSize: unlimited
CompressedClassSpaceSize: 1.00 GB
Initial GC threshold: 21.00 MB
Current GC threshold: 35.00 MB
CDS: off
MetaspaceReclaimPolicy: balanced
 - commit_granule_bytes: 65536.
 - commit_granule_words: 8192.
 - virtual_space_node_default_size: 8388608.
 - enlarge_chunks_in_place: 1.
 - new_chunks_are_fully_committed: 0.
 - uncommit_free_chunks: 1.
 - use_allocation_guard: 0.
 - handle_deallocations: 1.


Internal statistics:

num_allocs_failed_limit: 3.
num_arena_births: 188.
num_arena_deaths: 14.
num_vsnodes_births: 2.
num_vsnodes_deaths: 0.
num_space_committed: 402.
num_space_uncommitted: 0.
num_chunks_returned_to_freelist: 17.
num_chunks_taken_from_freelist: 827.
num_chunk_merges: 4.
num_chunk_splits: 550.
num_chunks_enlarged: 401.
num_inconsistent_stats: 0.

CodeHeap 'non-profiled nmethods': size=119168Kb used=878Kb max_used=878Kb free=118290Kb
 bounds [0x0000025e0a760000, 0x0000025e0a9d0000, 0x0000025e11bc0000]
CodeHeap 'profiled nmethods': size=119104Kb used=4592Kb max_used=4592Kb free=114511Kb
 bounds [0x0000025e02bc0000, 0x0000025e03040000, 0x0000025e0a010000]
CodeHeap 'non-nmethods': size=7488Kb used=2914Kb max_used=2928Kb free=4573Kb
 bounds [0x0000025e0a010000, 0x0000025e0a2f0000, 0x0000025e0a760000]
 total_blobs=2824 nmethods=2290 adapters=445
 compilation: enabled
              stopped_count=0, restarted_count=0
 full_count=0

Compilation events (20 events):
Event: 1.478 Thread 0x0000025e7dd1ba00 2282 %     3       org.objectweb.asm.ClassReader::<init> @ 110 (371 bytes)
Event: 1.478 Thread 0x0000025e173ca5e0 nmethod 2279 0x0000025e0a839490 code [0x0000025e0a839600, 0x0000025e0a8396b8]
Event: 1.478 Thread 0x0000025e173ca5e0 2281       4       org.objectweb.asm.ByteVector::putByteArray (49 bytes)
Event: 1.478 Thread 0x0000025e17204d80 nmethod 2275 0x0000025e0a839790 code [0x0000025e0a839920, 0x0000025e0a839d78]
Event: 1.478 Thread 0x0000025e174f8400 2283       3       org.objectweb.asm.SymbolTable::hash (14 bytes)
Event: 1.479 Thread 0x0000025e174f8400 nmethod 2283 0x0000025e0302f510 code [0x0000025e0302f6a0, 0x0000025e0302f798]
Event: 1.479 Thread 0x0000025e7dd1ba00 nmethod 2282% 0x0000025e0302f810 code [0x0000025e0302fb00, 0x0000025e03030e58]
Event: 1.479 Thread 0x0000025e174f8400 2284 %     3       org.objectweb.asm.SymbolTable::<init> @ 98 (536 bytes)
Event: 1.479 Thread 0x0000025e173ca5e0 nmethod 2281 0x0000025e0a83a090 code [0x0000025e0a83a200, 0x0000025e0a83a358]
Event: 1.479 Thread 0x0000025e17204d80 2285       4       lombok.patcher.MethodTarget::matches (29 bytes)
Event: 1.479 Thread 0x0000025e173ca5e0 2286       4       lombok.patcher.PatchScript$MethodPatcher::visitMethod (158 bytes)
Event: 1.481 Thread 0x0000025e17204d80 nmethod 2285 0x0000025e0a83a490 code [0x0000025e0a83a620, 0x0000025e0a83a858]
Event: 1.481 Thread 0x0000025e17204d80 2290       4       org.objectweb.asm.Type::getArgumentsAndReturnSizes (140 bytes)
Event: 1.481 Thread 0x0000025e174f8400 nmethod 2284% 0x0000025e03031410 code [0x0000025e030319c0, 0x0000025e030345c8]
Event: 1.485 Thread 0x0000025e174f8400 2293       3       java.lang.AbstractStringBuilder::<init> (63 bytes)
Event: 1.486 Thread 0x0000025e174f8400 nmethod 2293 0x0000025e03035790 code [0x0000025e03035980, 0x0000025e03035eb8]
Event: 1.487 Thread 0x0000025e17204d80 nmethod 2290 0x0000025e0a83a990 code [0x0000025e0a83ab80, 0x0000025e0a83b250]
Event: 1.488 Thread 0x0000025e17204d80 2287       4       org.objectweb.asm.MethodWriter::<init> (232 bytes)
Event: 1.489 Thread 0x0000025e174f8400 2294       3       org.objectweb.asm.ClassReader::<init> (371 bytes)
Event: 1.490 Thread 0x0000025e7dd1ba00 2295       3       org.objectweb.asm.SymbolTable::<init> (536 bytes)

GC Heap History (12 events):
Event: 0.529 GC heap before
{Heap before GC invocations=1 (full 0):
 PSYoungGen      total 29696K, used 25600K [0x00000000eab00000, 0x00000000ecc00000, 0x0000000100000000)
  eden space 25600K, 100% used [0x00000000eab00000,0x00000000ec400000,0x00000000ec400000)
  from space 4096K, 0% used [0x00000000ec800000,0x00000000ec800000,0x00000000ecc00000)
  to   space 4096K, 0% used [0x00000000ec400000,0x00000000ec400000,0x00000000ec800000)
 ParOldGen       total 68608K, used 0K [0x00000000c0000000, 0x00000000c4300000, 0x00000000eab00000)
  object space 68608K, 0% used [0x00000000c0000000,0x00000000c0000000,0x00000000c4300000)
 Metaspace       used 10790K, committed 11008K, reserved 1114112K
  class space    used 1071K, committed 1152K, reserved 1048576K
}
Event: 0.533 GC heap after
{Heap after GC invocations=1 (full 0):
 PSYoungGen      total 29696K, used 3048K [0x00000000eab00000, 0x00000000ecc00000, 0x0000000100000000)
  eden space 25600K, 0% used [0x00000000eab00000,0x00000000eab00000,0x00000000ec400000)
  from space 4096K, 74% used [0x00000000ec400000,0x00000000ec6fa3a8,0x00000000ec800000)
  to   space 4096K, 0% used [0x00000000ec800000,0x00000000ec800000,0x00000000ecc00000)
 ParOldGen       total 68608K, used 16K [0x00000000c0000000, 0x00000000c4300000, 0x00000000eab00000)
  object space 68608K, 0% used [0x00000000c0000000,0x00000000c0004000,0x00000000c4300000)
 Metaspace       used 10790K, committed 11008K, reserved 1114112K
  class space    used 1071K, committed 1152K, reserved 1048576K
}
Event: 0.899 GC heap before
{Heap before GC invocations=2 (full 0):
 PSYoungGen      total 29696K, used 28641K [0x00000000eab00000, 0x00000000ecc00000, 0x0000000100000000)
  eden space 25600K, 99% used [0x00000000eab00000,0x00000000ec3fe168,0x00000000ec400000)
  from space 4096K, 74% used [0x00000000ec400000,0x00000000ec6fa3a8,0x00000000ec800000)
  to   space 4096K, 0% used [0x00000000ec800000,0x00000000ec800000,0x00000000ecc00000)
 ParOldGen       total 68608K, used 16K [0x00000000c0000000, 0x00000000c4300000, 0x00000000eab00000)
  object space 68608K, 0% used [0x00000000c0000000,0x00000000c0004000,0x00000000c4300000)
 Metaspace       used 15067K, committed 15360K, reserved 1114112K
  class space    used 1525K, committed 1664K, reserved 1048576K
}
Event: 0.903 GC heap after
{Heap after GC invocations=2 (full 0):
 PSYoungGen      total 29696K, used 4094K [0x00000000eab00000, 0x00000000ecc00000, 0x0000000100000000)
  eden space 25600K, 0% used [0x00000000eab00000,0x00000000eab00000,0x00000000ec400000)
  from space 4096K, 99% used [0x00000000ec800000,0x00000000ecbff8b8,0x00000000ecc00000)
  to   space 4096K, 0% used [0x00000000ec400000,0x00000000ec400000,0x00000000ec800000)
 ParOldGen       total 68608K, used 660K [0x00000000c0000000, 0x00000000c4300000, 0x00000000eab00000)
  object space 68608K, 0% used [0x00000000c0000000,0x00000000c00a5350,0x00000000c4300000)
 Metaspace       used 15067K, committed 15360K, reserved 1114112K
  class space    used 1525K, committed 1664K, reserved 1048576K
}
Event: 1.253 GC heap before
{Heap before GC invocations=3 (full 0):
 PSYoungGen      total 29696K, used 29694K [0x00000000eab00000, 0x00000000ecc00000, 0x0000000100000000)
  eden space 25600K, 100% used [0x00000000eab00000,0x00000000ec400000,0x00000000ec400000)
  from space 4096K, 99% used [0x00000000ec800000,0x00000000ecbff8b8,0x00000000ecc00000)
  to   space 4096K, 0% used [0x00000000ec400000,0x00000000ec400000,0x00000000ec800000)
 ParOldGen       total 68608K, used 660K [0x00000000c0000000, 0x00000000c4300000, 0x00000000eab00000)
  object space 68608K, 0% used [0x00000000c0000000,0x00000000c00a5350,0x00000000c4300000)
 Metaspace       used 20144K, committed 20544K, reserved 1114112K
  class space    used 2057K, committed 2240K, reserved 1048576K
}
Event: 1.257 GC heap after
{Heap after GC invocations=3 (full 0):
 PSYoungGen      total 29696K, used 4074K [0x00000000eab00000, 0x00000000ecc00000, 0x0000000100000000)
  eden space 25600K, 0% used [0x00000000eab00000,0x00000000eab00000,0x00000000ec400000)
  from space 4096K, 99% used [0x00000000ec400000,0x00000000ec7fab30,0x00000000ec800000)
  to   space 4096K, 0% used [0x00000000ec800000,0x00000000ec800000,0x00000000ecc00000)
 ParOldGen       total 68608K, used 2541K [0x00000000c0000000, 0x00000000c4300000, 0x00000000eab00000)
  object space 68608K, 3% used [0x00000000c0000000,0x00000000c027b698,0x00000000c4300000)
 Metaspace       used 20144K, committed 20544K, reserved 1114112K
  class space    used 2057K, committed 2240K, reserved 1048576K
}
Event: 1.302 GC heap before
{Heap before GC invocations=4 (full 0):
 PSYoungGen      total 29696K, used 10081K [0x00000000eab00000, 0x00000000ecc00000, 0x0000000100000000)
  eden space 25600K, 23% used [0x00000000eab00000,0x00000000eb0ddac8,0x00000000ec400000)
  from space 4096K, 99% used [0x00000000ec400000,0x00000000ec7fab30,0x00000000ec800000)
  to   space 4096K, 0% used [0x00000000ec800000,0x00000000ec800000,0x00000000ecc00000)
 ParOldGen       total 68608K, used 2541K [0x00000000c0000000, 0x00000000c4300000, 0x00000000eab00000)
  object space 68608K, 3% used [0x00000000c0000000,0x00000000c027b698,0x00000000c4300000)
 Metaspace       used 21128K, committed 21504K, reserved 1114112K
  class space    used 2159K, committed 2304K, reserved 1048576K
}
Event: 1.304 GC heap after
{Heap after GC invocations=4 (full 0):
 PSYoungGen      total 29696K, used 4077K [0x00000000eab00000, 0x00000000ecc00000, 0x0000000100000000)
  eden space 25600K, 0% used [0x00000000eab00000,0x00000000eab00000,0x00000000ec400000)
  from space 4096K, 99% used [0x00000000ec800000,0x00000000ecbfb5f8,0x00000000ecc00000)
  to   space 4096K, 0% used [0x00000000ec400000,0x00000000ec400000,0x00000000ec800000)
 ParOldGen       total 68608K, used 2846K [0x00000000c0000000, 0x00000000c4300000, 0x00000000eab00000)
  object space 68608K, 4% used [0x00000000c0000000,0x00000000c02c78a0,0x00000000c4300000)
 Metaspace       used 21128K, committed 21504K, reserved 1114112K
  class space    used 2159K, committed 2304K, reserved 1048576K
}
Event: 1.304 GC heap before
{Heap before GC invocations=5 (full 1):
 PSYoungGen      total 29696K, used 4077K [0x00000000eab00000, 0x00000000ecc00000, 0x0000000100000000)
  eden space 25600K, 0% used [0x00000000eab00000,0x00000000eab00000,0x00000000ec400000)
  from space 4096K, 99% used [0x00000000ec800000,0x00000000ecbfb5f8,0x00000000ecc00000)
  to   space 4096K, 0% used [0x00000000ec400000,0x00000000ec400000,0x00000000ec800000)
 ParOldGen       total 68608K, used 2846K [0x00000000c0000000, 0x00000000c4300000, 0x00000000eab00000)
  object space 68608K, 4% used [0x00000000c0000000,0x00000000c02c78a0,0x00000000c4300000)
 Metaspace       used 21128K, committed 21504K, reserved 1114112K
  class space    used 2159K, committed 2304K, reserved 1048576K
}
Event: 1.319 GC heap after
{Heap after GC invocations=5 (full 1):
 PSYoungGen      total 29696K, used 0K [0x00000000eab00000, 0x00000000ecc00000, 0x0000000100000000)
  eden space 25600K, 0% used [0x00000000eab00000,0x00000000eab00000,0x00000000ec400000)
  from space 4096K, 0% used [0x00000000ec800000,0x00000000ec800000,0x00000000ecc00000)
  to   space 4096K, 0% used [0x00000000ec400000,0x00000000ec400000,0x00000000ec800000)
 ParOldGen       total 68608K, used 6739K [0x00000000c0000000, 0x00000000c4300000, 0x00000000eab00000)
  object space 68608K, 9% used [0x00000000c0000000,0x00000000c0694ef8,0x00000000c4300000)
 Metaspace       used 21114K, committed 21504K, reserved 1114112K
  class space    used 2155K, committed 2304K, reserved 1048576K
}
Event: 1.460 GC heap before
{Heap before GC invocations=6 (full 1):
 PSYoungGen      total 29696K, used 25600K [0x00000000eab00000, 0x00000000ecc00000, 0x0000000100000000)
  eden space 25600K, 100% used [0x00000000eab00000,0x00000000ec400000,0x00000000ec400000)
  from space 4096K, 0% used [0x00000000ec800000,0x00000000ec800000,0x00000000ecc00000)
  to   space 4096K, 0% used [0x00000000ec400000,0x00000000ec400000,0x00000000ec800000)
 ParOldGen       total 68608K, used 6739K [0x00000000c0000000, 0x00000000c4300000, 0x00000000eab00000)
  object space 68608K, 9% used [0x00000000c0000000,0x00000000c0694ef8,0x00000000c4300000)
 Metaspace       used 24684K, committed 25024K, reserved 1114112K
  class space    used 2424K, committed 2560K, reserved 1048576K
}
Event: 1.461 GC heap after
{Heap after GC invocations=6 (full 1):
 PSYoungGen      total 25600K, used 352K [0x00000000eab00000, 0x00000000ec880000, 0x0000000100000000)
  eden space 25088K, 0% used [0x00000000eab00000,0x00000000eab00000,0x00000000ec380000)
  from space 512K, 68% used [0x00000000ec400000,0x00000000ec458000,0x00000000ec480000)
  to   space 2048K, 0% used [0x00000000ec680000,0x00000000ec680000,0x00000000ec880000)
 ParOldGen       total 68608K, used 6747K [0x00000000c0000000, 0x00000000c4300000, 0x00000000eab00000)
  object space 68608K, 9% used [0x00000000c0000000,0x00000000c0696ef8,0x00000000c4300000)
 Metaspace       used 24684K, committed 25024K, reserved 1114112K
  class space    used 2424K, committed 2560K, reserved 1048576K
}

Dll operation events (11 events):
Event: 0.007 Loaded shared library c:\Users\Nitish\.vscode\extensions\redhat.java-1.20.0-win32-x64\jre\17.0.7-win32-x86_64\bin\java.dll
Event: 0.111 Loaded shared library c:\Users\Nitish\.vscode\extensions\redhat.java-1.20.0-win32-x64\jre\17.0.7-win32-x86_64\bin\zip.dll
Event: 0.114 Loaded shared library C:\Users\Nitish\.vscode\extensions\redhat.java-1.20.0-win32-x64\jre\17.0.7-win32-x86_64\bin\instrument.dll
Event: 0.123 Loaded shared library C:\Users\Nitish\.vscode\extensions\redhat.java-1.20.0-win32-x64\jre\17.0.7-win32-x86_64\bin\net.dll
Event: 0.125 Loaded shared library C:\Users\Nitish\.vscode\extensions\redhat.java-1.20.0-win32-x64\jre\17.0.7-win32-x86_64\bin\nio.dll
Event: 0.132 Loaded shared library C:\Users\Nitish\.vscode\extensions\redhat.java-1.20.0-win32-x64\jre\17.0.7-win32-x86_64\bin\zip.dll
Event: 0.144 Loaded shared library C:\Users\Nitish\.vscode\extensions\redhat.java-1.20.0-win32-x64\jre\17.0.7-win32-x86_64\bin\jimage.dll
Event: 0.187 Loaded shared library c:\Users\Nitish\.vscode\extensions\redhat.java-1.20.0-win32-x64\jre\17.0.7-win32-x86_64\bin\verify.dll
Event: 0.821 Loaded shared library C:\Users\Nitish\AppData\Roaming\Code\User\globalStorage\redhat.java\1.20.0\config_ss_win\org.eclipse.equinox.launcher\org.eclipse.equinox.launcher.win32.win32.x86_64_1.2.700.v20221108-1024\eclipse_11801.dll
Event: 1.207 Loaded shared library C:\Users\Nitish\.vscode\extensions\redhat.java-1.20.0-win32-x64\jre\17.0.7-win32-x86_64\bin\management.dll
Event: 1.209 Loaded shared library C:\Users\Nitish\.vscode\extensions\redhat.java-1.20.0-win32-x64\jre\17.0.7-win32-x86_64\bin\management_ext.dll

Deoptimization events (20 events):
Event: 1.081 Thread 0x0000025e199b3380 Uncommon trap: trap_request=0xffffffc6 fr.pc=0x0000025e0a80b8cc relative=0x0000000000000d0c
Event: 1.081 Thread 0x0000025e199b3380 Uncommon trap: reason=bimorphic_or_optimized_type_check action=maybe_recompile pc=0x0000025e0a80b8cc method=java.io.DataInputStream.readInt()I @ 4 c2
Event: 1.081 Thread 0x0000025e199b3380 DEOPT PACKING pc=0x0000025e0a80b8cc sp=0x000000d0fb0f39e0
Event: 1.081 Thread 0x0000025e199b3380 DEOPT UNPACKING pc=0x0000025e0a0666a3 sp=0x000000d0fb0f3990 mode 2
Event: 1.081 Thread 0x0000025e199b3380 Uncommon trap: trap_request=0xffffffc6 fr.pc=0x0000025e0a80b8cc relative=0x0000000000000d0c
Event: 1.081 Thread 0x0000025e199b3380 Uncommon trap: reason=bimorphic_or_optimized_type_check action=maybe_recompile pc=0x0000025e0a80b8cc method=java.io.DataInputStream.readInt()I @ 4 c2
Event: 1.081 Thread 0x0000025e199b3380 DEOPT PACKING pc=0x0000025e0a80b8cc sp=0x000000d0fb0f39e0
Event: 1.081 Thread 0x0000025e199b3380 DEOPT UNPACKING pc=0x0000025e0a0666a3 sp=0x000000d0fb0f3990 mode 2
Event: 1.158 Thread 0x0000025e199b3380 Uncommon trap: trap_request=0xffffff45 fr.pc=0x0000025e0a797b60 relative=0x0000000000000cc0
Event: 1.158 Thread 0x0000025e199b3380 Uncommon trap: reason=unstable_if action=reinterpret pc=0x0000025e0a797b60 method=lombok.patcher.PatchScript.classMatches(Ljava/lang/String;Ljava/util/Collection;)Z @ 25 c2
Event: 1.158 Thread 0x0000025e199b3380 DEOPT PACKING pc=0x0000025e0a797b60 sp=0x000000d0fb0f1ef0
Event: 1.158 Thread 0x0000025e199b3380 DEOPT UNPACKING pc=0x0000025e0a0666a3 sp=0x000000d0fb0f1eb0 mode 2
Event: 1.213 Thread 0x0000025e199b3380 Uncommon trap: trap_request=0xffffff45 fr.pc=0x0000025e0a7e6bc8 relative=0x0000000000000988
Event: 1.213 Thread 0x0000025e199b3380 Uncommon trap: reason=unstable_if action=reinterpret pc=0x0000025e0a7e6bc8 method=java.util.HashMap.putVal(ILjava/lang/Object;Ljava/lang/Object;ZZ)Ljava/lang/Object; @ 236 c2
Event: 1.213 Thread 0x0000025e199b3380 DEOPT PACKING pc=0x0000025e0a7e6bc8 sp=0x000000d0fb0f4000
Event: 1.213 Thread 0x0000025e199b3380 DEOPT UNPACKING pc=0x0000025e0a0666a3 sp=0x000000d0fb0f3f88 mode 2
Event: 1.222 Thread 0x0000025e199b3380 Uncommon trap: trap_request=0xffffff45 fr.pc=0x0000025e0a81ed10 relative=0x0000000000000e70
Event: 1.222 Thread 0x0000025e199b3380 Uncommon trap: reason=unstable_if action=reinterpret pc=0x0000025e0a81ed10 method=java.util.Properties.loadConvert([CIILjava/lang/StringBuilder;)Ljava/lang/String; @ 491 c2
Event: 1.222 Thread 0x0000025e199b3380 DEOPT PACKING pc=0x0000025e0a81ed10 sp=0x000000d0fb0f2ca0
Event: 1.222 Thread 0x0000025e199b3380 DEOPT UNPACKING pc=0x0000025e0a0666a3 sp=0x000000d0fb0f2c80 mode 2

Classes unloaded (7 events):
Event: 1.306 Thread 0x0000025e171a58e0 Unloading class 0x0000000100214400 'java/lang/invoke/LambdaForm$MH+0x0000000100214400'
Event: 1.306 Thread 0x0000025e171a58e0 Unloading class 0x0000000100214000 'java/lang/invoke/LambdaForm$MH+0x0000000100214000'
Event: 1.306 Thread 0x0000025e171a58e0 Unloading class 0x0000000100213c00 'java/lang/invoke/LambdaForm$MH+0x0000000100213c00'
Event: 1.306 Thread 0x0000025e171a58e0 Unloading class 0x0000000100213800 'java/lang/invoke/LambdaForm$MH+0x0000000100213800'
Event: 1.306 Thread 0x0000025e171a58e0 Unloading class 0x0000000100213000 'java/lang/invoke/LambdaForm$BMH+0x0000000100213000'
Event: 1.306 Thread 0x0000025e171a58e0 Unloading class 0x0000000100212c00 'java/lang/invoke/LambdaForm$DMH+0x0000000100212c00'
Event: 1.306 Thread 0x0000025e171a58e0 Unloading class 0x0000000100210000 'java/lang/invoke/LambdaForm$DMH+0x0000000100210000'

Classes redefined (0 events):
No events

Internal exceptions (20 events):
Event: 1.175 Thread 0x0000025e199b3380 Exception <a 'java/lang/NoSuchMethodError'{0x00000000ebec9398}: 'java.lang.Object java.lang.invoke.DirectMethodHandle$Holder.invokeStatic(java.lang.Object, java.lang.Object, java.lang.Object, java.lang.Object, int)'> (0x00000000ebec9398) 
thrown [s\src\hotspot\share\interpreter\linkResolver.cpp, line 759]
Event: 1.176 Thread 0x0000025e199b3380 Exception <a 'java/lang/NoSuchMethodError'{0x00000000ebed5600}: 'java.lang.Object java.lang.invoke.DelegatingMethodHandle$Holder.reinvoke_L(java.lang.Object, java.lang.Object, java.lang.Object, java.lang.Object, int, int)'> (0x00000000ebed5600) 
thrown [s\src\hotspot\share\interpreter\linkResolver.cpp, line 759]
Event: 1.179 Thread 0x0000025e199b3380 Exception <a 'java/lang/NoSuchMethodError'{0x00000000ebeedb88}: 'java.lang.Object java.lang.invoke.Invokers$Holder.invokeExact_MT(java.lang.Object, java.lang.Object, java.lang.Object, java.lang.Object)'> (0x00000000ebeedb88) 
thrown [s\src\hotspot\share\interpreter\linkResolver.cpp, line 759]
Event: 1.204 Thread 0x0000025e199b3380 Exception <a 'java/io/FileNotFoundException'{0x00000000ebfed6e8}> (0x00000000ebfed6e8) 
thrown [s\src\hotspot\share\prims\jni.cpp, line 516]
Event: 1.206 Thread 0x0000025e199b3380 Exception <a 'java/io/FileNotFoundException'{0x00000000ec0063c0}> (0x00000000ec0063c0) 
thrown [s\src\hotspot\share\prims\jni.cpp, line 516]
Event: 1.248 Thread 0x0000025e199b3380 Exception <a 'java/lang/NoSuchMethodError'{0x00000000ec3b3478}: 'java.lang.Object java.lang.invoke.DirectMethodHandle$Holder.newInvokeSpecial(java.lang.Object, java.lang.Object, java.lang.Object, java.lang.Object, java.lang.Object)'> (0x00000000ec3b3478) 
thrown [s\src\hotspot\share\interpreter\linkResolver.cpp, line 759]
Event: 1.263 Thread 0x0000025e199b3380 Exception <a 'java/lang/NoSuchMethodError'{0x00000000eab86f80}: 'java.lang.Object java.lang.invoke.DirectMethodHandle$Holder.invokeSpecial(java.lang.Object, java.lang.Object, java.lang.Object, long, java.lang.Object)'> (0x00000000eab86f80) 
thrown [s\src\hotspot\share\interpreter\linkResolver.cpp, line 759]
Event: 1.263 Thread 0x0000025e199b3380 Exception <a 'java/lang/NoSuchMethodError'{0x00000000eab8f138}: 'java.lang.Object java.lang.invoke.DirectMethodHandle$Holder.newInvokeSpecial(java.lang.Object, java.lang.Object, java.lang.Object, long)'> (0x00000000eab8f138) 
thrown [s\src\hotspot\share\interpreter\linkResolver.cpp, line 759]
Event: 1.263 Thread 0x0000025e199b3380 Exception <a 'java/lang/NoSuchMethodError'{0x00000000eab936d8}: 'java.lang.Object java.lang.invoke.DirectMethodHandle$Holder.invokeSpecial(java.lang.Object, java.lang.Object, java.lang.Object, java.lang.Object, long)'> (0x00000000eab936d8) 
thrown [s\src\hotspot\share\interpreter\linkResolver.cpp, line 759]
Event: 1.272 Thread 0x0000025e199b3380 Exception <a 'java/lang/IncompatibleClassChangeError'{0x00000000eacac648}: Found class java.lang.Object, but interface was expected> (0x00000000eacac648) 
thrown [s\src\hotspot\share\interpreter\linkResolver.cpp, line 826]
Event: 1.273 Thread 0x0000025e199b3380 Exception <a 'java/lang/NoSuchMethodError'{0x00000000eacb0790}: 'java.lang.Object java.lang.invoke.DirectMethodHandle$Holder.invokeSpecial(java.lang.Object, java.lang.Object, java.lang.Object, int, java.lang.Object, java.lang.Object)'> (0x00000000eacb0790) 
thrown [s\src\hotspot\share\interpreter\linkResolver.cpp, line 759]
Event: 1.273 Thread 0x0000025e199b3380 Exception <a 'java/lang/NoSuchMethodError'{0x00000000eacb8f18}: 'java.lang.Object java.lang.invoke.DirectMethodHandle$Holder.newInvokeSpecial(java.lang.Object, java.lang.Object, java.lang.Object, int, java.lang.Object)'> (0x00000000eacb8f18) 
thrown [s\src\hotspot\share\interpreter\linkResolver.cpp, line 759]
Event: 1.273 Thread 0x0000025e199b3380 Exception <a 'java/lang/NoSuchMethodError'{0x00000000eacbd370}: 'java.lang.Object java.lang.invoke.DirectMethodHandle$Holder.invokeSpecial(java.lang.Object, java.lang.Object, java.lang.Object, java.lang.Object, int, java.lang.Object)'> (0x00000000eacbd370) 
thrown [s\src\hotspot\share\interpreter\linkResolver.cpp, line 759]
Event: 1.274 Thread 0x0000025e19b40fc0 Exception <a 'java/lang/NoSuchMethodError'{0x00000000eac05018}: 'java.lang.Object java.lang.invoke.DirectMethodHandle$Holder.invokeSpecial(java.lang.Object, java.lang.Object, int, java.lang.Object, java.lang.Object)'> (0x00000000eac05018) 
thrown [s\src\hotspot\share\interpreter\linkResolver.cpp, line 759]
Event: 1.274 Thread 0x0000025e19b40fc0 Exception <a 'java/lang/NoSuchMethodError'{0x00000000eac0c6e8}: 'java.lang.Object java.lang.invoke.DirectMethodHandle$Holder.newInvokeSpecial(java.lang.Object, java.lang.Object, int, java.lang.Object)'> (0x00000000eac0c6e8) 
thrown [s\src\hotspot\share\interpreter\linkResolver.cpp, line 759]
Event: 1.274 Thread 0x0000025e19b40fc0 Exception <a 'java/lang/NoSuchMethodError'{0x00000000eac101f8}: 'java.lang.Object java.lang.invoke.DirectMethodHandle$Holder.invokeSpecial(java.lang.Object, java.lang.Object, java.lang.Object, int, java.lang.Object)'> (0x00000000eac101f8) 
thrown [s\src\hotspot\share\interpreter\linkResolver.cpp, line 759]
Event: 1.370 Thread 0x0000025e199b3380 Exception <a 'java/io/FileNotFoundException'{0x00000000eb766810}> (0x00000000eb766810) 
thrown [s\src\hotspot\share\prims\jni.cpp, line 516]
Event: 1.370 Thread 0x0000025e199b3380 Exception <a 'java/io/FileNotFoundException'{0x00000000eb767628}> (0x00000000eb767628) 
thrown [s\src\hotspot\share\prims\jni.cpp, line 516]
Event: 1.370 Thread 0x0000025e199b3380 Exception <a 'java/io/FileNotFoundException'{0x00000000eb768450}> (0x00000000eb768450) 
thrown [s\src\hotspot\share\prims\jni.cpp, line 516]
Event: 1.432 Thread 0x0000025e199b3380 Exception <a 'java/lang/NoSuchMethodError'{0x00000000ec022548}: 'int java.lang.invoke.DirectMethodHandle$Holder.invokeStaticInit(java.lang.Object, java.lang.Object, java.lang.Object)'> (0x00000000ec022548) 
thrown [s\src\hotspot\share\interpreter\linkResolver.cpp, line 759]

VM Operations (20 events):
Event: 0.759 Executing VM operation: ICBufferFull
Event: 0.759 Executing VM operation: ICBufferFull done
Event: 0.859 Executing VM operation: HandshakeAllThreads
Event: 0.859 Executing VM operation: HandshakeAllThreads done
Event: 0.899 Executing VM operation: ParallelGCFailedAllocation
Event: 0.903 Executing VM operation: ParallelGCFailedAllocation done
Event: 1.081 Executing VM operation: HandshakeAllThreads
Event: 1.081 Executing VM operation: HandshakeAllThreads done
Event: 1.170 Executing VM operation: HandshakeAllThreads
Event: 1.170 Executing VM operation: HandshakeAllThreads done
Event: 1.253 Executing VM operation: ParallelGCFailedAllocation
Event: 1.257 Executing VM operation: ParallelGCFailedAllocation done
Event: 1.282 Executing VM operation: HandshakeAllThreads
Event: 1.282 Executing VM operation: HandshakeAllThreads done
Event: 1.302 Executing VM operation: CollectForMetadataAllocation
Event: 1.319 Executing VM operation: CollectForMetadataAllocation done
Event: 1.425 Executing VM operation: HandshakeAllThreads
Event: 1.425 Executing VM operation: HandshakeAllThreads done
Event: 1.460 Executing VM operation: ParallelGCFailedAllocation
Event: 1.461 Executing VM operation: ParallelGCFailedAllocation done

Events (20 events):
Event: 1.293 loading class java/util/zip/GZIPOutputStream done
Event: 1.302 loading class java/io/StringReader
Event: 1.319 loading class java/io/StringReader done
Event: 1.321 loading class java/util/zip/GZIPInputStream
Event: 1.321 loading class java/util/zip/GZIPInputStream done
Event: 1.323 loading class java/net/SocketTimeoutException
Event: 1.323 loading class java/io/InterruptedIOException
Event: 1.323 loading class java/io/InterruptedIOException done
Event: 1.323 loading class java/net/SocketTimeoutException done
Event: 1.323 loading class java/net/SocketException
Event: 1.323 loading class java/net/SocketException done
Event: 1.323 loading class java/net/UnknownHostException
Event: 1.323 loading class java/net/UnknownHostException done
Event: 1.323 loading class java/net/ProtocolException
Event: 1.323 loading class java/net/ProtocolException done
Event: 1.338 loading class java/io/FileWriter
Event: 1.338 loading class java/io/FileWriter done
Event: 1.338 loading class java/lang/NegativeArraySizeException
Event: 1.338 loading class java/lang/NegativeArraySizeException done
Event: 1.359 Thread 0x0000025e19ab86c0 Thread added: 0x0000025e19ab86c0


Dynamic libraries:
0x00007ff6f6f80000 - 0x00007ff6f6f8e000 	c:\Users\Nitish\.vscode\extensions\redhat.java-1.20.0-win32-x64\jre\17.0.7-win32-x86_64\bin\java.exe
0x00007ff956630000 - 0x00007ff956828000 	C:\Windows\SYSTEM32\ntdll.dll
0x00007ff954d00000 - 0x00007ff954dbf000 	C:\Windows\System32\KERNEL32.DLL
0x00007ff953e60000 - 0x00007ff954156000 	C:\Windows\System32\KERNELBASE.dll
0x00007ff954590000 - 0x00007ff954690000 	C:\Windows\System32\ucrtbase.dll
0x00007ff9418c0000 - 0x00007ff9418d9000 	c:\Users\Nitish\.vscode\extensions\redhat.java-1.20.0-win32-x64\jre\17.0.7-win32-x86_64\bin\VCRUNTIME140.dll
0x00007ff941bd0000 - 0x00007ff941be7000 	c:\Users\Nitish\.vscode\extensions\redhat.java-1.20.0-win32-x64\jre\17.0.7-win32-x86_64\bin\jli.dll
0x00007ff955010000 - 0x00007ff9551ad000 	C:\Windows\System32\USER32.dll
0x00007ff954400000 - 0x00007ff954422000 	C:\Windows\System32\win32u.dll
0x00007ff944d30000 - 0x00007ff944fca000 	C:\Windows\WinSxS\amd64_microsoft.windows.common-controls_6595b64144ccf1df_6.0.19041.1110_none_60b5254171f9507e\COMCTL32.dll
0x00007ff954770000 - 0x00007ff95479c000 	C:\Windows\System32\GDI32.dll
0x00007ff954dc0000 - 0x00007ff954e5e000 	C:\Windows\System32\msvcrt.dll
0x00007ff953d40000 - 0x00007ff953e55000 	C:\Windows\System32\gdi32full.dll
0x00007ff954260000 - 0x00007ff9542fd000 	C:\Windows\System32\msvcp_win.dll
0x00007ff955a00000 - 0x00007ff955a30000 	C:\Windows\System32\IMM32.DLL
0x00007ff943310000 - 0x00007ff94331c000 	c:\Users\Nitish\.vscode\extensions\redhat.java-1.20.0-win32-x64\jre\17.0.7-win32-x86_64\bin\vcruntime140_1.dll
0x00007ff91a510000 - 0x00007ff91a5a1000 	c:\Users\Nitish\.vscode\extensions\redhat.java-1.20.0-win32-x64\jre\17.0.7-win32-x86_64\bin\msvcp140.dll
0x00007ff901d10000 - 0x00007ff902958000 	c:\Users\Nitish\.vscode\extensions\redhat.java-1.20.0-win32-x64\jre\17.0.7-win32-x86_64\bin\server\jvm.dll
0x00007ff9555d0000 - 0x00007ff95567f000 	C:\Windows\System32\ADVAPI32.dll
0x00007ff956360000 - 0x00007ff9563fc000 	C:\Windows\System32\sechost.dll
0x00007ff956230000 - 0x00007ff956356000 	C:\Windows\System32\RPCRT4.dll
0x00007ff937a10000 - 0x00007ff937a19000 	C:\Windows\SYSTEM32\WSOCK32.dll
0x00007ff9519a0000 - 0x00007ff9519c7000 	C:\Windows\SYSTEM32\WINMM.dll
0x00007ff94c8a0000 - 0x00007ff94c8aa000 	C:\Windows\SYSTEM32\VERSION.dll
0x00007ff9557d0000 - 0x00007ff95583b000 	C:\Windows\System32\WS2_32.dll
0x00007ff952550000 - 0x00007ff952562000 	C:\Windows\SYSTEM32\kernel.appcore.dll
0x00007ff942500000 - 0x00007ff94250a000 	c:\Users\Nitish\.vscode\extensions\redhat.java-1.20.0-win32-x64\jre\17.0.7-win32-x86_64\bin\jimage.dll
0x00007ff951750000 - 0x00007ff951934000 	C:\Windows\SYSTEM32\DBGHELP.DLL
0x00007ff951960000 - 0x00007ff951994000 	C:\Windows\SYSTEM32\dbgcore.DLL
0x00007ff954160000 - 0x00007ff9541e2000 	C:\Windows\System32\bcryptPrimitives.dll
0x00007ff942250000 - 0x00007ff94225e000 	c:\Users\Nitish\.vscode\extensions\redhat.java-1.20.0-win32-x64\jre\17.0.7-win32-x86_64\bin\instrument.dll
0x00007ff941890000 - 0x00007ff9418b5000 	c:\Users\Nitish\.vscode\extensions\redhat.java-1.20.0-win32-x64\jre\17.0.7-win32-x86_64\bin\java.dll
0x00007ff941820000 - 0x00007ff941838000 	c:\Users\Nitish\.vscode\extensions\redhat.java-1.20.0-win32-x64\jre\17.0.7-win32-x86_64\bin\zip.dll
0x00007ff955ae0000 - 0x00007ff956224000 	C:\Windows\System32\SHELL32.dll
0x00007ff951da0000 - 0x00007ff952533000 	C:\Windows\SYSTEM32\windows.storage.dll
0x00007ff955260000 - 0x00007ff9555b4000 	C:\Windows\System32\combase.dll
0x00007ff953680000 - 0x00007ff9536ae000 	C:\Windows\SYSTEM32\Wldp.dll
0x00007ff9551b0000 - 0x00007ff95525d000 	C:\Windows\System32\SHCORE.dll
0x00007ff955680000 - 0x00007ff9556d5000 	C:\Windows\System32\shlwapi.dll
0x00007ff953c50000 - 0x00007ff953c6f000 	C:\Windows\SYSTEM32\profapi.dll
0x00007ff941800000 - 0x00007ff941819000 	C:\Users\Nitish\.vscode\extensions\redhat.java-1.20.0-win32-x64\jre\17.0.7-win32-x86_64\bin\net.dll
0x00007ff94e460000 - 0x00007ff94e56a000 	C:\Windows\SYSTEM32\WINHTTP.dll
0x00007ff9533e0000 - 0x00007ff95344a000 	C:\Windows\system32\mswsock.dll
0x00007ff9417e0000 - 0x00007ff9417f5000 	C:\Users\Nitish\.vscode\extensions\redhat.java-1.20.0-win32-x64\jre\17.0.7-win32-x86_64\bin\nio.dll
0x00007ff941b10000 - 0x00007ff941b20000 	c:\Users\Nitish\.vscode\extensions\redhat.java-1.20.0-win32-x64\jre\17.0.7-win32-x86_64\bin\verify.dll
0x00007ff925aa0000 - 0x00007ff925ade000 	C:\Users\Nitish\AppData\Roaming\Code\User\globalStorage\redhat.java\1.20.0\config_ss_win\org.eclipse.equinox.launcher\org.eclipse.equinox.launcher.win32.win32.x86_64_1.2.700.v20221108-1024\eclipse_11801.dll
0x00007ff9558d0000 - 0x00007ff9559fa000 	C:\Windows\System32\ole32.dll
0x00007ff941880000 - 0x00007ff941889000 	C:\Users\Nitish\.vscode\extensions\redhat.java-1.20.0-win32-x64\jre\17.0.7-win32-x86_64\bin\management.dll
0x00007ff9417b0000 - 0x00007ff9417bb000 	C:\Users\Nitish\.vscode\extensions\redhat.java-1.20.0-win32-x64\jre\17.0.7-win32-x86_64\bin\management_ext.dll
0x00007ff9547a0000 - 0x00007ff9547a8000 	C:\Windows\System32\PSAPI.DLL

dbghelp: loaded successfully - version: 4.0.5 - missing functions: none
symbol engine: initialized successfully - sym options: 0x614 - pdb path: .;c:\Users\Nitish\.vscode\extensions\redhat.java-1.20.0-win32-x64\jre\17.0.7-win32-x86_64\bin;C:\Windows\SYSTEM32;C:\Windows\WinSxS\amd64_microsoft.windows.common-controls_6595b64144ccf1df_6.0.19041.1110_none_60b5254171f9507e;c:\Users\Nitish\.vscode\extensions\redhat.java-1.20.0-win32-x64\jre\17.0.7-win32-x86_64\bin\server;C:\Users\Nitish\AppData\Roaming\Code\User\globalStorage\redhat.java\1.20.0\config_ss_win\org.eclipse.equinox.launcher\org.eclipse.equinox.launcher.win32.win32.x86_64_1.2.700.v20221108-1024

VM Arguments:
jvm_args: --add-modules=ALL-SYSTEM --add-opens=java.base/java.util=ALL-UNNAMED --add-opens=java.base/java.lang=ALL-UNNAMED --add-opens=java.base/sun.nio.fs=ALL-UNNAMED -Declipse.application=org.eclipse.jdt.ls.core.id1 -Dosgi.bundles.defaultStartLevel=4 -Declipse.product=org.eclipse.jdt.ls.core.product -Djava.import.generatesMetadataFilesAtProjectRoot=false -Dfile.encoding=utf8 -XX:+UseParallelGC -XX:GCTimeRatio=4 -XX:AdaptiveSizePolicyWeight=90 -Dsun.zip.disableMemoryMapping=true -Xmx1G -Xms100m -Xlog:disable -javaagent:c:\Users\Nitish\.vscode\extensions\redhat.java-1.20.0-win32-x64\lombok\lombok-1.18.28.jar 
java_command: c:\Users\Nitish\.vscode\extensions\redhat.java-1.20.0-win32-x64\server\plugins\org.eclipse.equinox.launcher_1.6.500.v20230622-2056.jar -configuration c:\Users\Nitish\AppData\Roaming\Code\User\globalStorage\redhat.java\1.20.0\config_ss_win -data c:\Users\Nitish\AppData\Roaming\Code\User\workspaceStorage\30ac4f06b3502b363aba4d30d4dde98c\redhat.java\ss_ws
java_class_path (initial): c:\Users\Nitish\.vscode\extensions\redhat.java-1.20.0-win32-x64\server\plugins\org.eclipse.equinox.launcher_1.6.500.v20230622-2056.jar
Launcher Type: SUN_STANDARD

[Global flags]
    uintx AdaptiveSizePolicyWeight                 = 90                                        {product} {command line}
     intx CICompilerCount                          = 12                                        {product} {ergonomic}
    uintx GCTimeRatio                              = 4                                         {product} {command line}
   size_t InitialHeapSize                          = 104857600                                 {product} {command line}
   size_t MaxHeapSize                              = 1073741824                                {product} {command line}
   size_t MaxNewSize                               = 357564416                                 {product} {ergonomic}
   size_t MinHeapDeltaBytes                        = 524288                                    {product} {ergonomic}
   size_t MinHeapSize                              = 104857600                                 {product} {command line}
   size_t NewSize                                  = 34603008                                  {product} {ergonomic}
    uintx NonNMethodCodeHeapSize                   = 7602480                                {pd product} {ergonomic}
    uintx NonProfiledCodeHeapSize                  = 122027880                              {pd product} {ergonomic}
   size_t OldSize                                  = 70254592                                  {product} {ergonomic}
    uintx ProfiledCodeHeapSize                     = 122027880                              {pd product} {ergonomic}
    uintx ReservedCodeCacheSize                    = 251658240                              {pd product} {ergonomic}
     bool SegmentedCodeCache                       = true                                      {product} {ergonomic}
   size_t SoftMaxHeapSize                          = 1073741824                             {manageable} {ergonomic}
     bool UseCompressedClassPointers               = true                           {product lp64_product} {ergonomic}
     bool UseCompressedOops                        = true                           {product lp64_product} {ergonomic}
     bool UseLargePagesIndividualAllocation        = false                                  {pd product} {ergonomic}
     bool UseParallelGC                            = true                                      {product} {command line}

Logging:
Log output configuration:
 #0: stdout all=off uptime,level,tags
 #1: stderr all=off uptime,level,tags

Environment Variables:
JAVA_HOME=C:\Users\Nitish\AppData\Local\Programs\Eclipse Adoptium\jdk-17.0.3.7-hotspot\
PATH=C:\ProgramData\Oracle\Java\javapath;C:\Windows\system32;C:\Windows;C:\Windows\System32\Wbem;C:\Windows\System32\WindowsPowerShell\v1.0\;C:\Windows\System32\OpenSSH\;C:\Program Files (x86)\NVIDIA Corporation\PhysX\Common;C:\Program Files\NVIDIA Corporation\NVIDIA NvDLISR;C:\Program Files\dotnet\;C:\MinGW\bin;C:\Program Files\Cloudflare\Cloudflare WARP\;C:\Program Files\nodejs\;C:\Program Files\Git\cmd;C:\Users\Nitish\AppData\Local\Pub\Cache\bin;C:\Program Files\MySQL\MySQL Shell 8.0\bin\;C:\Users\Nitish\AppData\Local\Programs\Eclipse Adoptium\jdk-17.0.3.7-hotspot\bin;C:\Users\Nitish\AppData\Local\Programs\Python\Python310\Scripts\;C:\Users\Nitish\AppData\Local\Programs\Python\Python310\;C:\Users\Nitish\AppData\Local\Microsoft\WindowsApps;C:\Users\Nitish\AppData\Local\Programs\Microsoft VS Code\bin;C:\Users\Nitish\VIT (3)\paketriot\pktriot-0.14.1;C:\intelFPGA\18.1\modelsim_ase\win32aloem;C:\Users\Nitish\AppData\Roaming\npm;D:\flutter_windows_3.10.4-stable\flutter\bin;C:\Users\Nitish\AppData\Local\Android\Sdk\emulator;C:\Users\Nitish\AppData\Local\Pub\Cache\bin;
USERNAME=Nitish
OS=Windows_NT
PROCESSOR_IDENTIFIER=AMD64 Family 25 Model 80 Stepping 0, AuthenticAMD
TMP=C:\Users\Nitish\AppData\Local\Temp
TEMP=C:\Users\Nitish\AppData\Local\Temp



---------------  S Y S T E M  ---------------

OS:
 Windows 10 , 64 bit Build 19041 (10.0.19041.3031)
OS uptime: 0 days 5:06 hours

CPU: total 16 (initial active 16) (16 cores per cpu, 2 threads per core) family 25 model 80 stepping 0 microcode 0x0, cx8, cmov, fxsr, ht, mmx, 3dnowpref, sse, sse2, sse3, ssse3, sse4a, sse4.1, sse4.2, popcnt, lzcnt, tsc, tscinvbit, avx, avx2, aes, erms, clmul, bmi1, bmi2, adx, sha, fma, vzeroupper, clflush, clflushopt

Memory: 4k page, system-wide physical 15775M (2033M free)
TotalPageFile size 20795M (AvailPageFile size 0M)
current process WorkingSet (physical memory assigned to process): 120M, peak: 120M
current process commit charge ("private bytes"): 244M, peak: 244M

vm_info: OpenJDK 64-Bit Server VM (17.0.7+7) for windows-amd64 JRE (17.0.7+7), built on Apr 18 2023 22:10:42 by "temurin" with MS VC++ 16.7 (VS2019)

END.
