#
# There is insufficient memory for the Java Runtime Environment to continue.
# Native memory allocation (malloc) failed to allocate 926416 bytes for Chunk::new
# Possible reasons:
#   The system is out of physical RAM or swap space
#   The process is running with CompressedOops enabled, and the Java Heap may be blocking the growth of the native heap
# Possible solutions:
#   Reduce memory load on the system
#   Increase physical memory or swap space
#   Check if swap backing store is full
#   Decrease Java heap size (-Xmx/-Xms)
#   Decrease number of Java threads
#   Decrease Java thread stack sizes (-Xss)
#   Set larger code cache with -XX:ReservedCodeCacheSize=
#   JVM is running with Unscaled Compressed Oops mode in which the Java heap is
#     placed in the first 4GB address space. The Java Heap base address is the
#     maximum limit for the native heap growth. Please use -XX:HeapBaseMinAddress
#     to set the Java Heap base and to place the Java Heap above 4GB virtual address.
# This output file may be truncated or incomplete.
#
#  Out of Memory Error (arena.cpp:189), pid=9544, tid=7712
#
# JRE version: OpenJDK Runtime Environment Temurin-17.0.7+7 (17.0.7+7) (build 17.0.7+7)
# Java VM: OpenJDK 64-Bit Server VM Temurin-17.0.7+7 (17.0.7+7, mixed mode, tiered, compressed oops, compressed class ptrs, parallel gc, windows-amd64)
# No core dump will be written. Minidumps are not enabled by default on client versions of Windows
#

---------------  S U M M A R Y ------------

Command Line: --add-modules=ALL-SYSTEM --add-opens=java.base/java.util=ALL-UNNAMED --add-opens=java.base/java.lang=ALL-UNNAMED --add-opens=java.base/sun.nio.fs=ALL-UNNAMED -Declipse.application=org.eclipse.jdt.ls.core.id1 -Dosgi.bundles.defaultStartLevel=4 -Declipse.product=org.eclipse.jdt.ls.core.product -Djava.import.generatesMetadataFilesAtProjectRoot=false -Dfile.encoding=utf8 -XX:+UseParallelGC -XX:GCTimeRatio=4 -XX:AdaptiveSizePolicyWeight=90 -Dsun.zip.disableMemoryMapping=true -Xmx1G -Xms100m -Xlog:disable -javaagent:c:\Users\Nitish\.vscode\extensions\redhat.java-1.20.0-win32-x64\lombok\lombok-1.18.28.jar c:\Users\Nitish\.vscode\extensions\redhat.java-1.20.0-win32-x64\server\plugins\org.eclipse.equinox.launcher_1.6.500.v20230622-2056.jar -configuration c:\Users\Nitish\AppData\Roaming\Code\User\globalStorage\redhat.java\1.20.0\config_ss_win -data c:\Users\Nitish\AppData\Roaming\Code\User\workspaceStorage\30ac4f06b3502b363aba4d30d4dde98c\redhat.java\ss_ws

Host: AMD Ryzen 9 5900HS with Radeon Graphics        , 16 cores, 15G,  Windows 10 , 64 bit Build 19041 (10.0.19041.3031)
Time: Tue Jul  4 10:34:31 2023 India Standard Time elapsed time: 1.472845 seconds (0d 0h 0m 1s)

---------------  T H R E A D  ---------------

Current thread (0x000001d65d2960d0):  JavaThread "C2 CompilerThread2" daemon [_thread_in_native, id=7712, stack(0x00000078f5100000,0x00000078f5200000)]


Current CompileTask:
C2:   1472 2256       4       org.objectweb.asm.ClassReader::readMethod (1066 bytes)

Stack: [0x00000078f5100000,0x00000078f5200000]
Native frames: (J=compiled Java code, j=interpreted, Vv=VM code, C=native code)
V  [jvm.dll+0x67754a]
V  [jvm.dll+0x834304]
V  [jvm.dll+0x835aae]
V  [jvm.dll+0x836113]
V  [jvm.dll+0x24696f]
V  [jvm.dll+0xac0ac]
V  [jvm.dll+0xac67c]
V  [jvm.dll+0x2adbef]
V  [jvm.dll+0x580067]
V  [jvm.dll+0x221e72]
V  [jvm.dll+0x22224f]
V  [jvm.dll+0x21b4a5]
V  [jvm.dll+0x21895b]
V  [jvm.dll+0x1a4d8d]
V  [jvm.dll+0x2284da]
V  [jvm.dll+0x226615]
V  [jvm.dll+0x7ea90b]
V  [jvm.dll+0x7e4e7a]
V  [jvm.dll+0x676395]
C  [ucrtbase.dll+0x21bb2]
C  [KERNEL32.DLL+0x17614]
C  [ntdll.dll+0x526f1]


---------------  P R O C E S S  ---------------

Threads class SMR info:
_java_thread_list=0x000001d65e1b3740, length=26, elements={
0x000001d64021df00, 0x000001d655ffea20, 0x000001d65b4fa040, 0x000001d65b521280,
0x000001d65b5220f0, 0x000001d65b523700, 0x000001d65b525a60, 0x000001d65b52d6f0,
0x000001d65b52f0d0, 0x000001d65b538a30, 0x000001d65b67bff0, 0x000001d65b6b7c70,
0x000001d65b6e2550, 0x000001d65b807cd0, 0x000001d65b8081e0, 0x000001d65d2978d0,
0x000001d65d2960d0, 0x000001d65da0c410, 0x000001d65da0b0d0, 0x000001d65da0b5a0,
0x000001d65da0c8e0, 0x000001d65da0ba70, 0x000001d65da0cdb0, 0x000001d65da0d280,
0x000001d65da0d750, 0x000001d65da0dc20
}

Java Threads: ( => current thread )
  0x000001d64021df00 JavaThread "main" [_thread_blocked, id=22908, stack(0x00000078f3e00000,0x00000078f3f00000)]
  0x000001d655ffea20 JavaThread "Reference Handler" daemon [_thread_blocked, id=18752, stack(0x00000078f4100000,0x00000078f4200000)]
  0x000001d65b4fa040 JavaThread "Finalizer" daemon [_thread_blocked, id=13696, stack(0x00000078f4200000,0x00000078f4300000)]
  0x000001d65b521280 JavaThread "Signal Dispatcher" daemon [_thread_blocked, id=24152, stack(0x00000078f4300000,0x00000078f4400000)]
  0x000001d65b5220f0 JavaThread "Attach Listener" daemon [_thread_blocked, id=22852, stack(0x00000078f4400000,0x00000078f4500000)]
  0x000001d65b523700 JavaThread "Service Thread" daemon [_thread_blocked, id=8900, stack(0x00000078f4500000,0x00000078f4600000)]
  0x000001d65b525a60 JavaThread "Monitor Deflation Thread" daemon [_thread_blocked, id=22876, stack(0x00000078f4600000,0x00000078f4700000)]
  0x000001d65b52d6f0 JavaThread "C2 CompilerThread0" daemon [_thread_in_native, id=6072, stack(0x00000078f4700000,0x00000078f4800000)]
  0x000001d65b52f0d0 JavaThread "C1 CompilerThread0" daemon [_thread_blocked, id=23308, stack(0x00000078f4800000,0x00000078f4900000)]
  0x000001d65b538a30 JavaThread "Sweeper thread" daemon [_thread_blocked, id=2132, stack(0x00000078f4900000,0x00000078f4a00000)]
  0x000001d65b67bff0 JavaThread "Common-Cleaner" daemon [_thread_blocked, id=18544, stack(0x00000078f4a00000,0x00000078f4b00000)]
  0x000001d65b6b7c70 JavaThread "C1 CompilerThread1" daemon [_thread_blocked, id=4708, stack(0x00000078f4b00000,0x00000078f4c00000)]
  0x000001d65b6e2550 JavaThread "C2 CompilerThread1" daemon [_thread_blocked, id=21176, stack(0x00000078f4c00000,0x00000078f4d00000)]
  0x000001d65b807cd0 JavaThread "C1 CompilerThread2" daemon [_thread_blocked, id=7676, stack(0x00000078f4d00000,0x00000078f4e00000)]
  0x000001d65b8081e0 JavaThread "C1 CompilerThread3" daemon [_thread_blocked, id=12420, stack(0x00000078f4e00000,0x00000078f4f00000)]
  0x000001d65d2978d0 JavaThread "Notification Thread" daemon [_thread_blocked, id=17240, stack(0x00000078f4f00000,0x00000078f5000000)]
=>0x000001d65d2960d0 JavaThread "C2 CompilerThread2" daemon [_thread_in_native, id=7712, stack(0x00000078f5100000,0x00000078f5200000)]
  0x000001d65da0c410 JavaThread "Active Thread: Equinox Container: 2cc3aad1-17b4-4cd0-930e-7ff4b654e9eb" [_thread_blocked, id=7880, stack(0x00000078f5800000,0x00000078f5900000)]
  0x000001d65da0b0d0 JavaThread "Framework Event Dispatcher: Equinox Container: 2cc3aad1-17b4-4cd0-930e-7ff4b654e9eb" daemon [_thread_blocked, id=20988, stack(0x00000078f5900000,0x00000078f5a00000)]
  0x000001d65da0b5a0 JavaThread "Start Level: Equinox Container: 2cc3aad1-17b4-4cd0-930e-7ff4b654e9eb" daemon [_thread_blocked, id=2272, stack(0x00000078f5a00000,0x00000078f5b00000)]
  0x000001d65da0c8e0 JavaThread "SCR Component Actor" daemon [_thread_blocked, id=16984, stack(0x00000078f5b00000,0x00000078f5c00000)]
  0x000001d65da0ba70 JavaThread "SCR Component Registry" daemon [_thread_blocked, id=22884, stack(0x00000078f5e00000,0x00000078f5f00000)]
  0x000001d65da0cdb0 JavaThread "Worker-JM" [_thread_blocked, id=24156, stack(0x00000078f5200000,0x00000078f5300000)]
  0x000001d65da0d280 JavaThread "Worker-0" [_thread_blocked, id=22004, stack(0x00000078f5f00000,0x00000078f6000000)]
  0x000001d65da0d750 JavaThread "Worker-1" [_thread_blocked, id=5740, stack(0x00000078f6200000,0x00000078f6300000)]
  0x000001d65da0dc20 JavaThread "Java indexing" daemon [_thread_blocked, id=22672, stack(0x00000078f6400000,0x00000078f6500000)]

Other Threads:
  0x000001d65b4e58e0 VMThread "VM Thread" [stack: 0x00000078f4000000,0x00000078f4100000] [id=21132]
  0x000001d65d204970 WatcherThread [stack: 0x00000078f5000000,0x00000078f5100000] [id=18748]
  0x000001d640232650 GCTaskThread "GC Thread#0" [stack: 0x00000078f3f00000,0x00000078f4000000] [id=20864]
  0x000001d65d9b9a60 GCTaskThread "GC Thread#1" [stack: 0x00000078f5300000,0x00000078f5400000] [id=20912]
  0x000001d65d9b5090 GCTaskThread "GC Thread#2" [stack: 0x00000078f5400000,0x00000078f5500000] [id=12592]
  0x000001d65d9b5340 GCTaskThread "GC Thread#3" [stack: 0x00000078f5500000,0x00000078f5600000] [id=7900]
  0x000001d65d881730 GCTaskThread "GC Thread#4" [stack: 0x00000078f5600000,0x00000078f5700000] [id=16464]
  0x000001d65d8819e0 GCTaskThread "GC Thread#5" [stack: 0x00000078f5700000,0x00000078f5800000] [id=9432]
  0x000001d65dbab490 GCTaskThread "GC Thread#6" [stack: 0x00000078f5c00000,0x00000078f5d00000] [id=14620]
  0x000001d65dbab740 GCTaskThread "GC Thread#7" [stack: 0x00000078f5d00000,0x00000078f5e00000] [id=13836]
  0x000001d65dcb50a0 GCTaskThread "GC Thread#8" [stack: 0x00000078f6000000,0x00000078f6100000] [id=6500]
  0x000001d65ded4c60 GCTaskThread "GC Thread#9" [stack: 0x00000078f6100000,0x00000078f6200000] [id=12752]
  0x000001d65dd61970 GCTaskThread "GC Thread#10" [stack: 0x00000078f6300000,0x00000078f6400000] [id=23180]

Threads with active compile tasks:
C2 CompilerThread2     1485 2256       4       org.objectweb.asm.ClassReader::readMethod (1066 bytes)

VM state: not at safepoint (normal execution)

VM Mutex/Monitor currently owned by a thread: None

Heap address: 0x00000000c0000000, size: 1024 MB, Compressed Oops mode: 32-bit

CDS archive(s) not mapped
Compressed class space mapped at: 0x0000000100000000-0x0000000140000000, reserved size: 1073741824
Narrow klass base: 0x0000000000000000, Narrow klass shift: 3, Narrow klass range: 0x140000000

GC Precious Log:
 CPUs: 16 total, 16 available
 Memory: 15775M
 Large Page Support: Disabled
 NUMA Support: Disabled
 Compressed Oops: Enabled (32-bit)
 Alignments: Space 512K, Generation 512K, Heap 2M
 Heap Min Capacity: 100M
 Heap Initial Capacity: 100M
 Heap Max Capacity: 1G
 Pre-touch: Disabled
 Parallel Workers: 13

Heap:
 PSYoungGen      total 25600K, used 19559K [0x00000000eab00000, 0x00000000ec880000, 0x0000000100000000)
  eden space 25088K, 76% used [0x00000000eab00000,0x00000000ebdc1e88,0x00000000ec380000)
  from space 512K, 68% used [0x00000000ec400000,0x00000000ec458000,0x00000000ec480000)
  to   space 2048K, 0% used [0x00000000ec680000,0x00000000ec680000,0x00000000ec880000)
 ParOldGen       total 68608K, used 6762K [0x00000000c0000000, 0x00000000c4300000, 0x00000000eab00000)
  object space 68608K, 9% used [0x00000000c0000000,0x00000000c069aac0,0x00000000c4300000)
 Metaspace       used 26080K, committed 26560K, reserved 1114112K
  class space    used 2511K, committed 2688K, reserved 1048576K

Card table byte_map: [0x000001d653870000,0x000001d653a80000] _byte_map_base: 0x000001d653270000

Marking Bits: (ParMarkBitMap*) 0x00007ff9028952c0
 Begin Bits: [0x000001d653be0000, 0x000001d654be0000)
 End Bits:   [0x000001d654be0000, 0x000001d655be0000)

Polling page: 0x000001d6402f0000

Metaspace:

Usage:
  Non-class:     23.02 MB used.
      Class:      2.45 MB used.
       Both:     25.47 MB used.

Virtual space:
  Non-class space:       64.00 MB reserved,      23.31 MB ( 36%) committed,  1 nodes.
      Class space:        1.00 GB reserved,       2.62 MB ( <1%) committed,  1 nodes.
             Both:        1.06 GB reserved,      25.94 MB (  2%) committed. 

Chunk freelists:
   Non-Class:  8.61 MB
       Class:  13.38 MB
        Both:  21.99 MB

MaxMetaspaceSize: unlimited
CompressedClassSpaceSize: 1.00 GB
Initial GC threshold: 21.00 MB
Current GC threshold: 35.00 MB
CDS: off
MetaspaceReclaimPolicy: balanced
 - commit_granule_bytes: 65536.
 - commit_granule_words: 8192.
 - virtual_space_node_default_size: 8388608.
 - enlarge_chunks_in_place: 1.
 - new_chunks_are_fully_committed: 0.
 - uncommit_free_chunks: 1.
 - use_allocation_guard: 0.
 - handle_deallocations: 1.


Internal statistics:

num_allocs_failed_limit: 3.
num_arena_births: 194.
num_arena_deaths: 14.
num_vsnodes_births: 2.
num_vsnodes_deaths: 0.
num_space_committed: 415.
num_space_uncommitted: 0.
num_chunks_returned_to_freelist: 17.
num_chunks_taken_from_freelist: 886.
num_chunk_merges: 7.
num_chunk_splits: 600.
num_chunks_enlarged: 418.
num_inconsistent_stats: 0.

CodeHeap 'non-profiled nmethods': size=119168Kb used=931Kb max_used=931Kb free=118236Kb
 bounds [0x000001d64c230000, 0x000001d64c4a0000, 0x000001d653690000]
CodeHeap 'profiled nmethods': size=119104Kb used=4696Kb max_used=4696Kb free=114407Kb
 bounds [0x000001d644690000, 0x000001d644b30000, 0x000001d64bae0000]
CodeHeap 'non-nmethods': size=7488Kb used=2916Kb max_used=2935Kb free=4572Kb
 bounds [0x000001d64bae0000, 0x000001d64bdd0000, 0x000001d64c230000]
 total_blobs=2862 nmethods=2328 adapters=445
 compilation: enabled
              stopped_count=0, restarted_count=0
 full_count=0

Compilation events (20 events):
Event: 1.443 Thread 0x000001d65b807cd0 nmethod 2318 0x000001d644b1ca90 code [0x000001d644b1cc80, 0x000001d644b1d098]
Event: 1.443 Thread 0x000001d65b52f0d0 nmethod 2316 0x000001d644b1d290 code [0x000001d644b1d620, 0x000001d644b1e9c8]
Event: 1.444 Thread 0x000001d65b8081e0 2320       1       java.util.concurrent.atomic.AtomicLong::get (5 bytes)
Event: 1.444 Thread 0x000001d65b8081e0 nmethod 2320 0x000001d64c30ce10 code [0x000001d64c30cfa0, 0x000001d64c30d078]
Event: 1.449 Thread 0x000001d65b6e2550 nmethod 2313 0x000001d64c30d110 code [0x000001d64c30d2c0, 0x000001d64c30ded8]
Event: 1.450 Thread 0x000001d65b6e2550 2315       4       java.util.Properties::loadConvert (540 bytes)
Event: 1.451 Thread 0x000001d65b8081e0 2321       3       sun.nio.fs.WindowsPathParser::normalize (233 bytes)
Event: 1.453 Thread 0x000001d65b52f0d0 2323       1       java.lang.reflect.Constructor::getDeclaringClass (5 bytes)
Event: 1.453 Thread 0x000001d65b52f0d0 nmethod 2323 0x000001d64c30e610 code [0x000001d64c30e7a0, 0x000001d64c30e878]
Event: 1.453 Thread 0x000001d65b8081e0 nmethod 2321 0x000001d644b1ef10 code [0x000001d644b1f4e0, 0x000001d644b220e8]
Event: 1.456 Thread 0x000001d65b6b7c70 2325       3       java.util.TreeMap::leftOf (13 bytes)
Event: 1.456 Thread 0x000001d65b807cd0 2326       3       java.lang.Character::toUpperCase (6 bytes)
Event: 1.456 Thread 0x000001d65b8081e0 2327       3       java.lang.Character::toUpperCase (9 bytes)
Event: 1.456 Thread 0x000001d65b6b7c70 nmethod 2325 0x000001d644b23210 code [0x000001d644b233a0, 0x000001d644b23518]
Event: 1.456 Thread 0x000001d65b807cd0 nmethod 2326 0x000001d644b23610 code [0x000001d644b237c0, 0x000001d644b23a18]
Event: 1.456 Thread 0x000001d65b8081e0 nmethod 2327 0x000001d644b23b10 code [0x000001d644b23cc0, 0x000001d644b23eb8]
Event: 1.456 Thread 0x000001d65b807cd0 2328       3       java.lang.ProcessEnvironment$NameComparator::compare (13 bytes)
Event: 1.456 Thread 0x000001d65b52f0d0 2329       3       java.lang.ProcessEnvironment$NameComparator::compare (90 bytes)
Event: 1.456 Thread 0x000001d65b807cd0 nmethod 2328 0x000001d644b23f90 code [0x000001d644b24140, 0x000001d644b24448]
Event: 1.457 Thread 0x000001d65b52f0d0 nmethod 2329 0x000001d644b24510 code [0x000001d644b24820, 0x000001d644b25a38]

GC Heap History (12 events):
Event: 0.493 GC heap before
{Heap before GC invocations=1 (full 0):
 PSYoungGen      total 29696K, used 25600K [0x00000000eab00000, 0x00000000ecc00000, 0x0000000100000000)
  eden space 25600K, 100% used [0x00000000eab00000,0x00000000ec400000,0x00000000ec400000)
  from space 4096K, 0% used [0x00000000ec800000,0x00000000ec800000,0x00000000ecc00000)
  to   space 4096K, 0% used [0x00000000ec400000,0x00000000ec400000,0x00000000ec800000)
 ParOldGen       total 68608K, used 0K [0x00000000c0000000, 0x00000000c4300000, 0x00000000eab00000)
  object space 68608K, 0% used [0x00000000c0000000,0x00000000c0000000,0x00000000c4300000)
 Metaspace       used 10779K, committed 10944K, reserved 1114112K
  class space    used 1070K, committed 1152K, reserved 1048576K
}
Event: 0.497 GC heap after
{Heap after GC invocations=1 (full 0):
 PSYoungGen      total 29696K, used 3032K [0x00000000eab00000, 0x00000000ecc00000, 0x0000000100000000)
  eden space 25600K, 0% used [0x00000000eab00000,0x00000000eab00000,0x00000000ec400000)
  from space 4096K, 74% used [0x00000000ec400000,0x00000000ec6f63b8,0x00000000ec800000)
  to   space 4096K, 0% used [0x00000000ec800000,0x00000000ec800000,0x00000000ecc00000)
 ParOldGen       total 68608K, used 16K [0x00000000c0000000, 0x00000000c4300000, 0x00000000eab00000)
  object space 68608K, 0% used [0x00000000c0000000,0x00000000c0004000,0x00000000c4300000)
 Metaspace       used 10779K, committed 10944K, reserved 1114112K
  class space    used 1070K, committed 1152K, reserved 1048576K
}
Event: 0.857 GC heap before
{Heap before GC invocations=2 (full 0):
 PSYoungGen      total 29696K, used 28632K [0x00000000eab00000, 0x00000000ecc00000, 0x0000000100000000)
  eden space 25600K, 100% used [0x00000000eab00000,0x00000000ec400000,0x00000000ec400000)
  from space 4096K, 74% used [0x00000000ec400000,0x00000000ec6f63b8,0x00000000ec800000)
  to   space 4096K, 0% used [0x00000000ec800000,0x00000000ec800000,0x00000000ecc00000)
 ParOldGen       total 68608K, used 16K [0x00000000c0000000, 0x00000000c4300000, 0x00000000eab00000)
  object space 68608K, 0% used [0x00000000c0000000,0x00000000c0004000,0x00000000c4300000)
 Metaspace       used 14868K, committed 15168K, reserved 1114112K
  class space    used 1506K, committed 1664K, reserved 1048576K
}
Event: 0.861 GC heap after
{Heap after GC invocations=2 (full 0):
 PSYoungGen      total 29696K, used 4078K [0x00000000eab00000, 0x00000000ecc00000, 0x0000000100000000)
  eden space 25600K, 0% used [0x00000000eab00000,0x00000000eab00000,0x00000000ec400000)
  from space 4096K, 99% used [0x00000000ec800000,0x00000000ecbfbbf8,0x00000000ecc00000)
  to   space 4096K, 0% used [0x00000000ec400000,0x00000000ec400000,0x00000000ec800000)
 ParOldGen       total 68608K, used 662K [0x00000000c0000000, 0x00000000c4300000, 0x00000000eab00000)
  object space 68608K, 0% used [0x00000000c0000000,0x00000000c00a5820,0x00000000c4300000)
 Metaspace       used 14868K, committed 15168K, reserved 1114112K
  class space    used 1506K, committed 1664K, reserved 1048576K
}
Event: 1.158 GC heap before
{Heap before GC invocations=3 (full 0):
 PSYoungGen      total 29696K, used 29678K [0x00000000eab00000, 0x00000000ecc00000, 0x0000000100000000)
  eden space 25600K, 100% used [0x00000000eab00000,0x00000000ec400000,0x00000000ec400000)
  from space 4096K, 99% used [0x00000000ec800000,0x00000000ecbfbbf8,0x00000000ecc00000)
  to   space 4096K, 0% used [0x00000000ec400000,0x00000000ec400000,0x00000000ec800000)
 ParOldGen       total 68608K, used 662K [0x00000000c0000000, 0x00000000c4300000, 0x00000000eab00000)
  object space 68608K, 0% used [0x00000000c0000000,0x00000000c00a5820,0x00000000c4300000)
 Metaspace       used 19983K, committed 20352K, reserved 1114112K
  class space    used 2038K, committed 2176K, reserved 1048576K
}
Event: 1.162 GC heap after
{Heap after GC invocations=3 (full 0):
 PSYoungGen      total 29696K, used 4067K [0x00000000eab00000, 0x00000000ecc00000, 0x0000000100000000)
  eden space 25600K, 0% used [0x00000000eab00000,0x00000000eab00000,0x00000000ec400000)
  from space 4096K, 99% used [0x00000000ec400000,0x00000000ec7f8dc8,0x00000000ec800000)
  to   space 4096K, 0% used [0x00000000ec800000,0x00000000ec800000,0x00000000ecc00000)
 ParOldGen       total 68608K, used 2394K [0x00000000c0000000, 0x00000000c4300000, 0x00000000eab00000)
  object space 68608K, 3% used [0x00000000c0000000,0x00000000c02569e0,0x00000000c4300000)
 Metaspace       used 19983K, committed 20352K, reserved 1114112K
  class space    used 2038K, committed 2176K, reserved 1048576K
}
Event: 1.210 GC heap before
{Heap before GC invocations=4 (full 0):
 PSYoungGen      total 29696K, used 10278K [0x00000000eab00000, 0x00000000ecc00000, 0x0000000100000000)
  eden space 25600K, 24% used [0x00000000eab00000,0x00000000eb110d98,0x00000000ec400000)
  from space 4096K, 99% used [0x00000000ec400000,0x00000000ec7f8dc8,0x00000000ec800000)
  to   space 4096K, 0% used [0x00000000ec800000,0x00000000ec800000,0x00000000ecc00000)
 ParOldGen       total 68608K, used 2394K [0x00000000c0000000, 0x00000000c4300000, 0x00000000eab00000)
  object space 68608K, 3% used [0x00000000c0000000,0x00000000c02569e0,0x00000000c4300000)
 Metaspace       used 21073K, committed 21504K, reserved 1114112K
  class space    used 2145K, committed 2368K, reserved 1048576K
}
Event: 1.213 GC heap after
{Heap after GC invocations=4 (full 0):
 PSYoungGen      total 29696K, used 4092K [0x00000000eab00000, 0x00000000ecc00000, 0x0000000100000000)
  eden space 25600K, 0% used [0x00000000eab00000,0x00000000eab00000,0x00000000ec400000)
  from space 4096K, 99% used [0x00000000ec800000,0x00000000ecbff120,0x00000000ecc00000)
  to   space 4096K, 0% used [0x00000000ec400000,0x00000000ec400000,0x00000000ec800000)
 ParOldGen       total 68608K, used 2854K [0x00000000c0000000, 0x00000000c4300000, 0x00000000eab00000)
  object space 68608K, 4% used [0x00000000c0000000,0x00000000c02c9be8,0x00000000c4300000)
 Metaspace       used 21073K, committed 21504K, reserved 1114112K
  class space    used 2145K, committed 2368K, reserved 1048576K
}
Event: 1.213 GC heap before
{Heap before GC invocations=5 (full 1):
 PSYoungGen      total 29696K, used 4092K [0x00000000eab00000, 0x00000000ecc00000, 0x0000000100000000)
  eden space 25600K, 0% used [0x00000000eab00000,0x00000000eab00000,0x00000000ec400000)
  from space 4096K, 99% used [0x00000000ec800000,0x00000000ecbff120,0x00000000ecc00000)
  to   space 4096K, 0% used [0x00000000ec400000,0x00000000ec400000,0x00000000ec800000)
 ParOldGen       total 68608K, used 2854K [0x00000000c0000000, 0x00000000c4300000, 0x00000000eab00000)
  object space 68608K, 4% used [0x00000000c0000000,0x00000000c02c9be8,0x00000000c4300000)
 Metaspace       used 21073K, committed 21504K, reserved 1114112K
  class space    used 2145K, committed 2368K, reserved 1048576K
}
Event: 1.228 GC heap after
{Heap after GC invocations=5 (full 1):
 PSYoungGen      total 29696K, used 0K [0x00000000eab00000, 0x00000000ecc00000, 0x0000000100000000)
  eden space 25600K, 0% used [0x00000000eab00000,0x00000000eab00000,0x00000000ec400000)
  from space 4096K, 0% used [0x00000000ec800000,0x00000000ec800000,0x00000000ecc00000)
  to   space 4096K, 0% used [0x00000000ec400000,0x00000000ec400000,0x00000000ec800000)
 ParOldGen       total 68608K, used 6754K [0x00000000c0000000, 0x00000000c4300000, 0x00000000eab00000)
  object space 68608K, 9% used [0x00000000c0000000,0x00000000c0698ac0,0x00000000c4300000)
 Metaspace       used 21060K, committed 21504K, reserved 1114112K
  class space    used 2141K, committed 2368K, reserved 1048576K
}
Event: 1.370 GC heap before
{Heap before GC invocations=6 (full 1):
 PSYoungGen      total 29696K, used 25600K [0x00000000eab00000, 0x00000000ecc00000, 0x0000000100000000)
  eden space 25600K, 100% used [0x00000000eab00000,0x00000000ec400000,0x00000000ec400000)
  from space 4096K, 0% used [0x00000000ec800000,0x00000000ec800000,0x00000000ecc00000)
  to   space 4096K, 0% used [0x00000000ec400000,0x00000000ec400000,0x00000000ec800000)
 ParOldGen       total 68608K, used 6754K [0x00000000c0000000, 0x00000000c4300000, 0x00000000eab00000)
  object space 68608K, 9% used [0x00000000c0000000,0x00000000c0698ac0,0x00000000c4300000)
 Metaspace       used 24577K, committed 25024K, reserved 1114112K
  class space    used 2402K, committed 2624K, reserved 1048576K
}
Event: 1.371 GC heap after
{Heap after GC invocations=6 (full 1):
 PSYoungGen      total 25600K, used 352K [0x00000000eab00000, 0x00000000ec880000, 0x0000000100000000)
  eden space 25088K, 0% used [0x00000000eab00000,0x00000000eab00000,0x00000000ec380000)
  from space 512K, 68% used [0x00000000ec400000,0x00000000ec458000,0x00000000ec480000)
  to   space 2048K, 0% used [0x00000000ec680000,0x00000000ec680000,0x00000000ec880000)
 ParOldGen       total 68608K, used 6762K [0x00000000c0000000, 0x00000000c4300000, 0x00000000eab00000)
  object space 68608K, 9% used [0x00000000c0000000,0x00000000c069aac0,0x00000000c4300000)
 Metaspace       used 24577K, committed 25024K, reserved 1114112K
  class space    used 2402K, committed 2624K, reserved 1048576K
}

Dll operation events (9 events):
Event: 0.006 Loaded shared library c:\Users\Nitish\.vscode\extensions\redhat.java-1.20.0-win32-x64\jre\17.0.7-win32-x86_64\bin\java.dll
Event: 0.105 Loaded shared library c:\Users\Nitish\.vscode\extensions\redhat.java-1.20.0-win32-x64\jre\17.0.7-win32-x86_64\bin\zip.dll
Event: 0.108 Loaded shared library C:\Users\Nitish\.vscode\extensions\redhat.java-1.20.0-win32-x64\jre\17.0.7-win32-x86_64\bin\instrument.dll
Event: 0.117 Loaded shared library C:\Users\Nitish\.vscode\extensions\redhat.java-1.20.0-win32-x64\jre\17.0.7-win32-x86_64\bin\net.dll
Event: 0.118 Loaded shared library C:\Users\Nitish\.vscode\extensions\redhat.java-1.20.0-win32-x64\jre\17.0.7-win32-x86_64\bin\nio.dll
Event: 0.123 Loaded shared library C:\Users\Nitish\.vscode\extensions\redhat.java-1.20.0-win32-x64\jre\17.0.7-win32-x86_64\bin\zip.dll
Event: 0.133 Loaded shared library C:\Users\Nitish\.vscode\extensions\redhat.java-1.20.0-win32-x64\jre\17.0.7-win32-x86_64\bin\jimage.dll
Event: 0.168 Loaded shared library c:\Users\Nitish\.vscode\extensions\redhat.java-1.20.0-win32-x64\jre\17.0.7-win32-x86_64\bin\verify.dll
Event: 0.795 Loaded shared library C:\Users\Nitish\AppData\Roaming\Code\User\globalStorage\redhat.java\1.20.0\config_ss_win\org.eclipse.equinox.launcher\org.eclipse.equinox.launcher.win32.win32.x86_64_1.2.700.v20221108-1024\eclipse_11801.dll

Deoptimization events (20 events):
Event: 1.440 Thread 0x000001d65da0b5a0 DEOPT PACKING pc=0x000001d6447f7a1e sp=0x00000078f5af7d20
Event: 1.440 Thread 0x000001d65da0b5a0 DEOPT UNPACKING pc=0x000001d64bb36e43 sp=0x00000078f5af7218 mode 0
Event: 1.440 Thread 0x000001d65da0b5a0 DEOPT PACKING pc=0x000001d6447f7a1e sp=0x00000078f5af7d20
Event: 1.440 Thread 0x000001d65da0b5a0 DEOPT UNPACKING pc=0x000001d64bb36e43 sp=0x00000078f5af7218 mode 0
Event: 1.455 Thread 0x000001d65da0b5a0 Uncommon trap: trap_request=0xffffffc6 fr.pc=0x000001d64c2b6cf8 relative=0x0000000000000938
Event: 1.455 Thread 0x000001d65da0b5a0 Uncommon trap: reason=bimorphic_or_optimized_type_check action=maybe_recompile pc=0x000001d64c2b6cf8 method=java.util.HashMap.putVal(ILjava/lang/Object;Ljava/lang/Object;ZZ)Ljava/lang/Object; @ 56 c2
Event: 1.455 Thread 0x000001d65da0b5a0 DEOPT PACKING pc=0x000001d64c2b6cf8 sp=0x00000078f5afda10
Event: 1.455 Thread 0x000001d65da0b5a0 DEOPT UNPACKING pc=0x000001d64bb366a3 sp=0x00000078f5afd968 mode 2
Event: 1.455 Thread 0x000001d65da0b5a0 Uncommon trap: trap_request=0xffffffc6 fr.pc=0x000001d64c2b6cf8 relative=0x0000000000000938
Event: 1.455 Thread 0x000001d65da0b5a0 Uncommon trap: reason=bimorphic_or_optimized_type_check action=maybe_recompile pc=0x000001d64c2b6cf8 method=java.util.HashMap.putVal(ILjava/lang/Object;Ljava/lang/Object;ZZ)Ljava/lang/Object; @ 56 c2
Event: 1.455 Thread 0x000001d65da0b5a0 DEOPT PACKING pc=0x000001d64c2b6cf8 sp=0x00000078f5afda10
Event: 1.455 Thread 0x000001d65da0b5a0 DEOPT UNPACKING pc=0x000001d64bb366a3 sp=0x00000078f5afd968 mode 2
Event: 1.455 Thread 0x000001d65da0b5a0 Uncommon trap: trap_request=0xffffffc6 fr.pc=0x000001d64c2b6cf8 relative=0x0000000000000938
Event: 1.455 Thread 0x000001d65da0b5a0 Uncommon trap: reason=bimorphic_or_optimized_type_check action=maybe_recompile pc=0x000001d64c2b6cf8 method=java.util.HashMap.putVal(ILjava/lang/Object;Ljava/lang/Object;ZZ)Ljava/lang/Object; @ 56 c2
Event: 1.455 Thread 0x000001d65da0b5a0 DEOPT PACKING pc=0x000001d64c2b6cf8 sp=0x00000078f5afda10
Event: 1.455 Thread 0x000001d65da0b5a0 DEOPT UNPACKING pc=0x000001d64bb366a3 sp=0x00000078f5afd968 mode 2
Event: 1.455 Thread 0x000001d65da0b5a0 Uncommon trap: trap_request=0xffffffc6 fr.pc=0x000001d64c2b6cf8 relative=0x0000000000000938
Event: 1.455 Thread 0x000001d65da0b5a0 Uncommon trap: reason=bimorphic_or_optimized_type_check action=maybe_recompile pc=0x000001d64c2b6cf8 method=java.util.HashMap.putVal(ILjava/lang/Object;Ljava/lang/Object;ZZ)Ljava/lang/Object; @ 56 c2
Event: 1.455 Thread 0x000001d65da0b5a0 DEOPT PACKING pc=0x000001d64c2b6cf8 sp=0x00000078f5afda10
Event: 1.455 Thread 0x000001d65da0b5a0 DEOPT UNPACKING pc=0x000001d64bb366a3 sp=0x00000078f5afd968 mode 2

Classes unloaded (7 events):
Event: 1.215 Thread 0x000001d65b4e58e0 Unloading class 0x0000000100212400 'java/lang/invoke/LambdaForm$MH+0x0000000100212400'
Event: 1.215 Thread 0x000001d65b4e58e0 Unloading class 0x0000000100212000 'java/lang/invoke/LambdaForm$MH+0x0000000100212000'
Event: 1.215 Thread 0x000001d65b4e58e0 Unloading class 0x0000000100211c00 'java/lang/invoke/LambdaForm$MH+0x0000000100211c00'
Event: 1.215 Thread 0x000001d65b4e58e0 Unloading class 0x0000000100211800 'java/lang/invoke/LambdaForm$MH+0x0000000100211800'
Event: 1.215 Thread 0x000001d65b4e58e0 Unloading class 0x0000000100211000 'java/lang/invoke/LambdaForm$BMH+0x0000000100211000'
Event: 1.215 Thread 0x000001d65b4e58e0 Unloading class 0x0000000100210c00 'java/lang/invoke/LambdaForm$DMH+0x0000000100210c00'
Event: 1.215 Thread 0x000001d65b4e58e0 Unloading class 0x000000010020e000 'java/lang/invoke/LambdaForm$DMH+0x000000010020e000'

Classes redefined (0 events):
No events

Internal exceptions (20 events):
Event: 1.118 Thread 0x000001d65da0b5a0 Exception <a 'java/io/FileNotFoundException'{0x00000000ec035148}> (0x00000000ec035148) 
thrown [s\src\hotspot\share\prims\jni.cpp, line 516]
Event: 1.146 Thread 0x000001d65da0b5a0 Exception <a 'java/lang/NoSuchMethodError'{0x00000000ec2ec1f8}: 'java.lang.Object java.lang.invoke.DirectMethodHandle$Holder.newInvokeSpecial(java.lang.Object, java.lang.Object, java.lang.Object, java.lang.Object, java.lang.Object)'> (0x00000000ec2ec1f8) 
thrown [s\src\hotspot\share\interpreter\linkResolver.cpp, line 759]
Event: 1.156 Thread 0x000001d65da0b5a0 Exception <a 'java/lang/NoSuchMethodError'{0x00000000ec3c7378}: 'java.lang.Object java.lang.invoke.DirectMethodHandle$Holder.invokeSpecial(java.lang.Object, java.lang.Object, java.lang.Object, long, java.lang.Object)'> (0x00000000ec3c7378) 
thrown [s\src\hotspot\share\interpreter\linkResolver.cpp, line 759]
Event: 1.156 Thread 0x000001d65da0b5a0 Exception <a 'java/lang/NoSuchMethodError'{0x00000000ec3cf788}: 'java.lang.Object java.lang.invoke.DirectMethodHandle$Holder.newInvokeSpecial(java.lang.Object, java.lang.Object, java.lang.Object, long)'> (0x00000000ec3cf788) 
thrown [s\src\hotspot\share\interpreter\linkResolver.cpp, line 759]
Event: 1.157 Thread 0x000001d65da0b5a0 Exception <a 'java/lang/NoSuchMethodError'{0x00000000ec3d3d28}: 'java.lang.Object java.lang.invoke.DirectMethodHandle$Holder.invokeSpecial(java.lang.Object, java.lang.Object, java.lang.Object, java.lang.Object, long)'> (0x00000000ec3d3d28) 
thrown [s\src\hotspot\share\interpreter\linkResolver.cpp, line 759]
Event: 1.170 Thread 0x000001d65da0b5a0 Exception <a 'java/lang/IncompatibleClassChangeError'{0x00000000eac09ad8}: Found class java.lang.Object, but interface was expected> (0x00000000eac09ad8) 
thrown [s\src\hotspot\share\interpreter\linkResolver.cpp, line 826]
Event: 1.170 Thread 0x000001d65da0b5a0 Exception <a 'java/lang/NoSuchMethodError'{0x00000000eac0d978}: 'java.lang.Object java.lang.invoke.DirectMethodHandle$Holder.invokeSpecial(java.lang.Object, java.lang.Object, java.lang.Object, int, java.lang.Object, java.lang.Object)'> (0x00000000eac0d978) 
thrown [s\src\hotspot\share\interpreter\linkResolver.cpp, line 759]
Event: 1.171 Thread 0x000001d65da0b5a0 Exception <a 'java/lang/NoSuchMethodError'{0x00000000eac16100}: 'java.lang.Object java.lang.invoke.DirectMethodHandle$Holder.newInvokeSpecial(java.lang.Object, java.lang.Object, java.lang.Object, int, java.lang.Object)'> (0x00000000eac16100) 
thrown [s\src\hotspot\share\interpreter\linkResolver.cpp, line 759]
Event: 1.171 Thread 0x000001d65da0b5a0 Exception <a 'java/lang/NoSuchMethodError'{0x00000000eac1a558}: 'java.lang.Object java.lang.invoke.DirectMethodHandle$Holder.invokeSpecial(java.lang.Object, java.lang.Object, java.lang.Object, java.lang.Object, int, java.lang.Object)'> (0x00000000eac1a558) 
thrown [s\src\hotspot\share\interpreter\linkResolver.cpp, line 759]
Event: 1.172 Thread 0x000001d65da0d280 Exception <a 'java/lang/NoSuchMethodError'{0x00000000eab3d820}: 'java.lang.Object java.lang.invoke.DirectMethodHandle$Holder.invokeSpecial(java.lang.Object, java.lang.Object, int, java.lang.Object, java.lang.Object)'> (0x00000000eab3d820) 
thrown [s\src\hotspot\share\interpreter\linkResolver.cpp, line 759]
Event: 1.172 Thread 0x000001d65da0d280 Exception <a 'java/lang/NoSuchMethodError'{0x00000000eab44ef0}: 'java.lang.Object java.lang.invoke.DirectMethodHandle$Holder.newInvokeSpecial(java.lang.Object, java.lang.Object, int, java.lang.Object)'> (0x00000000eab44ef0) 
thrown [s\src\hotspot\share\interpreter\linkResolver.cpp, line 759]
Event: 1.173 Thread 0x000001d65da0d280 Exception <a 'java/lang/NoSuchMethodError'{0x00000000eab48a00}: 'java.lang.Object java.lang.invoke.DirectMethodHandle$Holder.invokeSpecial(java.lang.Object, java.lang.Object, java.lang.Object, int, java.lang.Object)'> (0x00000000eab48a00) 
thrown [s\src\hotspot\share\interpreter\linkResolver.cpp, line 759]
Event: 1.274 Thread 0x000001d65da0b5a0 Exception <a 'java/io/FileNotFoundException'{0x00000000eb708640}> (0x00000000eb708640) 
thrown [s\src\hotspot\share\prims\jni.cpp, line 516]
Event: 1.274 Thread 0x000001d65da0b5a0 Exception <a 'java/io/FileNotFoundException'{0x00000000eb709458}> (0x00000000eb709458) 
thrown [s\src\hotspot\share\prims\jni.cpp, line 516]
Event: 1.274 Thread 0x000001d65da0b5a0 Exception <a 'java/io/FileNotFoundException'{0x00000000eb70a280}> (0x00000000eb70a280) 
thrown [s\src\hotspot\share\prims\jni.cpp, line 516]
Event: 1.338 Thread 0x000001d65da0b5a0 Exception <a 'java/lang/NoSuchMethodError'{0x00000000ebfc3dc8}: 'int java.lang.invoke.DirectMethodHandle$Holder.invokeStaticInit(java.lang.Object, java.lang.Object, java.lang.Object)'> (0x00000000ebfc3dc8) 
thrown [s\src\hotspot\share\interpreter\linkResolver.cpp, line 759]
Event: 1.413 Thread 0x000001d65da0b5a0 Exception <a 'java/io/FileNotFoundException'{0x00000000eb15f588}> (0x00000000eb15f588) 
thrown [s\src\hotspot\share\prims\jni.cpp, line 516]
Event: 1.435 Thread 0x000001d65da0b5a0 Exception <a 'java/io/FileNotFoundException'{0x00000000ebb85520}> (0x00000000ebb85520) 
thrown [s\src\hotspot\share\prims\jni.cpp, line 516]
Event: 1.442 Thread 0x000001d65da0b5a0 Exception <a 'java/lang/NoSuchMethodError'{0x00000000ebc2e190}: 'void java.lang.invoke.DirectMethodHandle$Holder.invokeVirtual(java.lang.Object, java.lang.Object)'> (0x00000000ebc2e190) 
thrown [s\src\hotspot\share\interpreter\linkResolver.cpp, line 759]
Event: 1.454 Thread 0x000001d65da0b5a0 Exception <a 'java/io/FileNotFoundException'{0x00000000ebd6c960}> (0x00000000ebd6c960) 
thrown [s\src\hotspot\share\prims\jni.cpp, line 516]

VM Operations (20 events):
Event: 0.828 Executing VM operation: HandshakeAllThreads
Event: 0.829 Executing VM operation: HandshakeAllThreads done
Event: 0.857 Executing VM operation: ParallelGCFailedAllocation
Event: 0.861 Executing VM operation: ParallelGCFailedAllocation done
Event: 1.019 Executing VM operation: HandshakeAllThreads
Event: 1.019 Executing VM operation: HandshakeAllThreads done
Event: 1.083 Executing VM operation: HandshakeAllThreads
Event: 1.083 Executing VM operation: HandshakeAllThreads done
Event: 1.158 Executing VM operation: ParallelGCFailedAllocation
Event: 1.162 Executing VM operation: ParallelGCFailedAllocation done
Event: 1.179 Executing VM operation: HandshakeAllThreads
Event: 1.179 Executing VM operation: HandshakeAllThreads done
Event: 1.210 Executing VM operation: CollectForMetadataAllocation
Event: 1.228 Executing VM operation: CollectForMetadataAllocation done
Event: 1.331 Executing VM operation: HandshakeAllThreads
Event: 1.331 Executing VM operation: HandshakeAllThreads done
Event: 1.370 Executing VM operation: ParallelGCFailedAllocation
Event: 1.371 Executing VM operation: ParallelGCFailedAllocation done
Event: 1.455 Executing VM operation: HandshakeAllThreads
Event: 1.455 Executing VM operation: HandshakeAllThreads done

Events (20 events):
Event: 1.450 loading class java/net/SocketAddress
Event: 1.450 loading class java/net/SocketAddress done
Event: 1.450 loading class java/net/InetSocketAddress
Event: 1.450 loading class java/net/InetSocketAddress done
Event: 1.450 loading class java/nio/channels/AsynchronousByteChannel
Event: 1.450 loading class java/nio/channels/AsynchronousChannel
Event: 1.450 loading class java/nio/channels/AsynchronousChannel done
Event: 1.450 loading class java/nio/channels/AsynchronousByteChannel done
Event: 1.455 loading class java/lang/ProcessEnvironment
Event: 1.455 loading class java/lang/ProcessEnvironment done
Event: 1.455 loading class java/lang/ProcessEnvironment$NameComparator
Event: 1.455 loading class java/lang/ProcessEnvironment$NameComparator done
Event: 1.455 loading class java/lang/ProcessEnvironment$EntryComparator
Event: 1.455 loading class java/lang/ProcessEnvironment$EntryComparator done
Event: 1.455 loading class java/lang/ProcessEnvironment$CheckedEntrySet
Event: 1.456 loading class java/lang/ProcessEnvironment$CheckedEntrySet done
Event: 1.456 loading class java/lang/ProcessEnvironment$CheckedEntrySet$1
Event: 1.456 loading class java/lang/ProcessEnvironment$CheckedEntrySet$1 done
Event: 1.456 loading class java/lang/ProcessEnvironment$CheckedEntry
Event: 1.456 loading class java/lang/ProcessEnvironment$CheckedEntry done


Dynamic libraries:
0x00007ff6f6f80000 - 0x00007ff6f6f8e000 	c:\Users\Nitish\.vscode\extensions\redhat.java-1.20.0-win32-x64\jre\17.0.7-win32-x86_64\bin\java.exe
0x00007ff956630000 - 0x00007ff956828000 	C:\Windows\SYSTEM32\ntdll.dll
0x00007ff954d00000 - 0x00007ff954dbf000 	C:\Windows\System32\KERNEL32.DLL
0x00007ff953e60000 - 0x00007ff954156000 	C:\Windows\System32\KERNELBASE.dll
0x00007ff954590000 - 0x00007ff954690000 	C:\Windows\System32\ucrtbase.dll
0x00007ff941bd0000 - 0x00007ff941be7000 	c:\Users\Nitish\.vscode\extensions\redhat.java-1.20.0-win32-x64\jre\17.0.7-win32-x86_64\bin\jli.dll
0x00007ff9418c0000 - 0x00007ff9418d9000 	c:\Users\Nitish\.vscode\extensions\redhat.java-1.20.0-win32-x64\jre\17.0.7-win32-x86_64\bin\VCRUNTIME140.dll
0x00007ff955010000 - 0x00007ff9551ad000 	C:\Windows\System32\USER32.dll
0x00007ff954400000 - 0x00007ff954422000 	C:\Windows\System32\win32u.dll
0x00007ff944d30000 - 0x00007ff944fca000 	C:\Windows\WinSxS\amd64_microsoft.windows.common-controls_6595b64144ccf1df_6.0.19041.1110_none_60b5254171f9507e\COMCTL32.dll
0x00007ff954770000 - 0x00007ff95479c000 	C:\Windows\System32\GDI32.dll
0x00007ff954dc0000 - 0x00007ff954e5e000 	C:\Windows\System32\msvcrt.dll
0x00007ff953d40000 - 0x00007ff953e55000 	C:\Windows\System32\gdi32full.dll
0x00007ff954260000 - 0x00007ff9542fd000 	C:\Windows\System32\msvcp_win.dll
0x00007ff955a00000 - 0x00007ff955a30000 	C:\Windows\System32\IMM32.DLL
0x00007ff943310000 - 0x00007ff94331c000 	c:\Users\Nitish\.vscode\extensions\redhat.java-1.20.0-win32-x64\jre\17.0.7-win32-x86_64\bin\vcruntime140_1.dll
0x00007ff91a510000 - 0x00007ff91a5a1000 	c:\Users\Nitish\.vscode\extensions\redhat.java-1.20.0-win32-x64\jre\17.0.7-win32-x86_64\bin\msvcp140.dll
0x00007ff901d10000 - 0x00007ff902958000 	c:\Users\Nitish\.vscode\extensions\redhat.java-1.20.0-win32-x64\jre\17.0.7-win32-x86_64\bin\server\jvm.dll
0x00007ff9555d0000 - 0x00007ff95567f000 	C:\Windows\System32\ADVAPI32.dll
0x00007ff956360000 - 0x00007ff9563fc000 	C:\Windows\System32\sechost.dll
0x00007ff956230000 - 0x00007ff956356000 	C:\Windows\System32\RPCRT4.dll
0x00007ff937a10000 - 0x00007ff937a19000 	C:\Windows\SYSTEM32\WSOCK32.dll
0x00007ff94c8a0000 - 0x00007ff94c8aa000 	C:\Windows\SYSTEM32\VERSION.dll
0x00007ff9557d0000 - 0x00007ff95583b000 	C:\Windows\System32\WS2_32.dll
0x00007ff9519a0000 - 0x00007ff9519c7000 	C:\Windows\SYSTEM32\WINMM.dll
0x00007ff952550000 - 0x00007ff952562000 	C:\Windows\SYSTEM32\kernel.appcore.dll
0x00007ff942500000 - 0x00007ff94250a000 	c:\Users\Nitish\.vscode\extensions\redhat.java-1.20.0-win32-x64\jre\17.0.7-win32-x86_64\bin\jimage.dll
0x00007ff951750000 - 0x00007ff951934000 	C:\Windows\SYSTEM32\DBGHELP.DLL
0x00007ff951960000 - 0x00007ff951994000 	C:\Windows\SYSTEM32\dbgcore.DLL
0x00007ff954160000 - 0x00007ff9541e2000 	C:\Windows\System32\bcryptPrimitives.dll
0x00007ff942250000 - 0x00007ff94225e000 	c:\Users\Nitish\.vscode\extensions\redhat.java-1.20.0-win32-x64\jre\17.0.7-win32-x86_64\bin\instrument.dll
0x00007ff941890000 - 0x00007ff9418b5000 	c:\Users\Nitish\.vscode\extensions\redhat.java-1.20.0-win32-x64\jre\17.0.7-win32-x86_64\bin\java.dll
0x00007ff941820000 - 0x00007ff941838000 	c:\Users\Nitish\.vscode\extensions\redhat.java-1.20.0-win32-x64\jre\17.0.7-win32-x86_64\bin\zip.dll
0x00007ff955ae0000 - 0x00007ff956224000 	C:\Windows\System32\SHELL32.dll
0x00007ff951da0000 - 0x00007ff952533000 	C:\Windows\SYSTEM32\windows.storage.dll
0x00007ff955260000 - 0x00007ff9555b4000 	C:\Windows\System32\combase.dll
0x00007ff953680000 - 0x00007ff9536ae000 	C:\Windows\SYSTEM32\Wldp.dll
0x00007ff9551b0000 - 0x00007ff95525d000 	C:\Windows\System32\SHCORE.dll
0x00007ff955680000 - 0x00007ff9556d5000 	C:\Windows\System32\shlwapi.dll
0x00007ff953c50000 - 0x00007ff953c6f000 	C:\Windows\SYSTEM32\profapi.dll
0x00007ff941800000 - 0x00007ff941819000 	C:\Users\Nitish\.vscode\extensions\redhat.java-1.20.0-win32-x64\jre\17.0.7-win32-x86_64\bin\net.dll
0x00007ff94e460000 - 0x00007ff94e56a000 	C:\Windows\SYSTEM32\WINHTTP.dll
0x00007ff9533e0000 - 0x00007ff95344a000 	C:\Windows\system32\mswsock.dll
0x00007ff9417e0000 - 0x00007ff9417f5000 	C:\Users\Nitish\.vscode\extensions\redhat.java-1.20.0-win32-x64\jre\17.0.7-win32-x86_64\bin\nio.dll
0x00007ff941b10000 - 0x00007ff941b20000 	c:\Users\Nitish\.vscode\extensions\redhat.java-1.20.0-win32-x64\jre\17.0.7-win32-x86_64\bin\verify.dll
0x00007ff919ff0000 - 0x00007ff91a02e000 	C:\Users\Nitish\AppData\Roaming\Code\User\globalStorage\redhat.java\1.20.0\config_ss_win\org.eclipse.equinox.launcher\org.eclipse.equinox.launcher.win32.win32.x86_64_1.2.700.v20221108-1024\eclipse_11801.dll
0x00007ff9558d0000 - 0x00007ff9559fa000 	C:\Windows\System32\ole32.dll

dbghelp: loaded successfully - version: 4.0.5 - missing functions: none
symbol engine: initialized successfully - sym options: 0x614 - pdb path: .;c:\Users\Nitish\.vscode\extensions\redhat.java-1.20.0-win32-x64\jre\17.0.7-win32-x86_64\bin;C:\Windows\SYSTEM32;C:\Windows\WinSxS\amd64_microsoft.windows.common-controls_6595b64144ccf1df_6.0.19041.1110_none_60b5254171f9507e;c:\Users\Nitish\.vscode\extensions\redhat.java-1.20.0-win32-x64\jre\17.0.7-win32-x86_64\bin\server;C:\Users\Nitish\AppData\Roaming\Code\User\globalStorage\redhat.java\1.20.0\config_ss_win\org.eclipse.equinox.launcher\org.eclipse.equinox.launcher.win32.win32.x86_64_1.2.700.v20221108-1024

VM Arguments:
jvm_args: --add-modules=ALL-SYSTEM --add-opens=java.base/java.util=ALL-UNNAMED --add-opens=java.base/java.lang=ALL-UNNAMED --add-opens=java.base/sun.nio.fs=ALL-UNNAMED -Declipse.application=org.eclipse.jdt.ls.core.id1 -Dosgi.bundles.defaultStartLevel=4 -Declipse.product=org.eclipse.jdt.ls.core.product -Djava.import.generatesMetadataFilesAtProjectRoot=false -Dfile.encoding=utf8 -XX:+UseParallelGC -XX:GCTimeRatio=4 -XX:AdaptiveSizePolicyWeight=90 -Dsun.zip.disableMemoryMapping=true -Xmx1G -Xms100m -Xlog:disable -javaagent:c:\Users\Nitish\.vscode\extensions\redhat.java-1.20.0-win32-x64\lombok\lombok-1.18.28.jar 
java_command: c:\Users\Nitish\.vscode\extensions\redhat.java-1.20.0-win32-x64\server\plugins\org.eclipse.equinox.launcher_1.6.500.v20230622-2056.jar -configuration c:\Users\Nitish\AppData\Roaming\Code\User\globalStorage\redhat.java\1.20.0\config_ss_win -data c:\Users\Nitish\AppData\Roaming\Code\User\workspaceStorage\30ac4f06b3502b363aba4d30d4dde98c\redhat.java\ss_ws
java_class_path (initial): c:\Users\Nitish\.vscode\extensions\redhat.java-1.20.0-win32-x64\server\plugins\org.eclipse.equinox.launcher_1.6.500.v20230622-2056.jar
Launcher Type: SUN_STANDARD

[Global flags]
    uintx AdaptiveSizePolicyWeight                 = 90                                        {product} {command line}
     intx CICompilerCount                          = 12                                        {product} {ergonomic}
    uintx GCTimeRatio                              = 4                                         {product} {command line}
   size_t InitialHeapSize                          = 104857600                                 {product} {command line}
   size_t MaxHeapSize                              = 1073741824                                {product} {command line}
   size_t MaxNewSize                               = 357564416                                 {product} {ergonomic}
   size_t MinHeapDeltaBytes                        = 524288                                    {product} {ergonomic}
   size_t MinHeapSize                              = 104857600                                 {product} {command line}
   size_t NewSize                                  = 34603008                                  {product} {ergonomic}
    uintx NonNMethodCodeHeapSize                   = 7602480                                {pd product} {ergonomic}
    uintx NonProfiledCodeHeapSize                  = 122027880                              {pd product} {ergonomic}
   size_t OldSize                                  = 70254592                                  {product} {ergonomic}
    uintx ProfiledCodeHeapSize                     = 122027880                              {pd product} {ergonomic}
    uintx ReservedCodeCacheSize                    = 251658240                              {pd product} {ergonomic}
     bool SegmentedCodeCache                       = true                                      {product} {ergonomic}
   size_t SoftMaxHeapSize                          = 1073741824                             {manageable} {ergonomic}
     bool UseCompressedClassPointers               = true                           {product lp64_product} {ergonomic}
     bool UseCompressedOops                        = true                           {product lp64_product} {ergonomic}
     bool UseLargePagesIndividualAllocation        = false                                  {pd product} {ergonomic}
     bool UseParallelGC                            = true                                      {product} {command line}

Logging:
Log output configuration:
 #0: stdout all=off uptime,level,tags
 #1: stderr all=off uptime,level,tags

Environment Variables:
JAVA_HOME=C:\Users\Nitish\AppData\Local\Programs\Eclipse Adoptium\jdk-17.0.3.7-hotspot\
PATH=C:\ProgramData\Oracle\Java\javapath;C:\Windows\system32;C:\Windows;C:\Windows\System32\Wbem;C:\Windows\System32\WindowsPowerShell\v1.0\;C:\Windows\System32\OpenSSH\;C:\Program Files (x86)\NVIDIA Corporation\PhysX\Common;C:\Program Files\NVIDIA Corporation\NVIDIA NvDLISR;C:\Program Files\dotnet\;C:\MinGW\bin;C:\Program Files\Cloudflare\Cloudflare WARP\;C:\Program Files\nodejs\;C:\Program Files\Git\cmd;C:\Users\Nitish\AppData\Local\Pub\Cache\bin;C:\Program Files\MySQL\MySQL Shell 8.0\bin\;C:\Users\Nitish\AppData\Local\Programs\Eclipse Adoptium\jdk-17.0.3.7-hotspot\bin;C:\Users\Nitish\AppData\Local\Programs\Python\Python310\Scripts\;C:\Users\Nitish\AppData\Local\Programs\Python\Python310\;C:\Users\Nitish\AppData\Local\Microsoft\WindowsApps;C:\Users\Nitish\AppData\Local\Programs\Microsoft VS Code\bin;C:\Users\Nitish\VIT (3)\paketriot\pktriot-0.14.1;C:\intelFPGA\18.1\modelsim_ase\win32aloem;C:\Users\Nitish\AppData\Roaming\npm;D:\flutter_windows_3.10.4-stable\flutter\bin;C:\Users\Nitish\AppData\Local\Android\Sdk\emulator;C:\Users\Nitish\AppData\Local\Pub\Cache\bin;
USERNAME=Nitish
OS=Windows_NT
PROCESSOR_IDENTIFIER=AMD64 Family 25 Model 80 Stepping 0, AuthenticAMD
TMP=C:\Users\Nitish\AppData\Local\Temp
TEMP=C:\Users\Nitish\AppData\Local\Temp



---------------  S Y S T E M  ---------------

OS:
 Windows 10 , 64 bit Build 19041 (10.0.19041.3031)
OS uptime: 0 days 5:06 hours

CPU: total 16 (initial active 16) (16 cores per cpu, 2 threads per core) family 25 model 80 stepping 0 microcode 0x0, cx8, cmov, fxsr, ht, mmx, 3dnowpref, sse, sse2, sse3, ssse3, sse4a, sse4.1, sse4.2, popcnt, lzcnt, tsc, tscinvbit, avx, avx2, aes, erms, clmul, bmi1, bmi2, adx, sha, fma, vzeroupper, clflush, clflushopt

Memory: 4k page, system-wide physical 15775M (2037M free)
TotalPageFile size 20795M (AvailPageFile size 5M)
current process WorkingSet (physical memory assigned to process): 127M, peak: 130M
current process commit charge ("private bytes"): 253M, peak: 256M

vm_info: OpenJDK 64-Bit Server VM (17.0.7+7) for windows-amd64 JRE (17.0.7+7), built on Apr 18 2023 22:10:42 by "temurin" with MS VC++ 16.7 (VS2019)

END.
