#
# There is insufficient memory for the Java Runtime Environment to continue.
# Native memory allocation (mmap) failed to map 65536 bytes for Failed to commit metaspace.
# Possible reasons:
#   The system is out of physical RAM or swap space
#   The process is running with CompressedOops enabled, and the Java Heap may be blocking the growth of the native heap
# Possible solutions:
#   Reduce memory load on the system
#   Increase physical memory or swap space
#   Check if swap backing store is full
#   Decrease Java heap size (-Xmx/-Xms)
#   Decrease number of Java threads
#   Decrease Java thread stack sizes (-Xss)
#   Set larger code cache with -XX:ReservedCodeCacheSize=
#   JVM is running with Unscaled Compressed Oops mode in which the Java heap is
#     placed in the first 4GB address space. The Java Heap base address is the
#     maximum limit for the native heap growth. Please use -XX:HeapBaseMinAddress
#     to set the Java Heap base and to place the Java Heap above 4GB virtual address.
# This output file may be truncated or incomplete.
#
#  Out of Memory Error (virtualSpaceNode.cpp:110), pid=15752, tid=6696
#
# JRE version: OpenJDK Runtime Environment Temurin-17.0.7+7 (17.0.7+7) (build 17.0.7+7)
# Java VM: OpenJDK 64-Bit Server VM Temurin-17.0.7+7 (17.0.7+7, mixed mode, tiered, compressed oops, compressed class ptrs, parallel gc, windows-amd64)
# No core dump will be written. Minidumps are not enabled by default on client versions of Windows
#

---------------  S U M M A R Y ------------

Command Line: --add-modules=ALL-SYSTEM --add-opens=java.base/java.util=ALL-UNNAMED --add-opens=java.base/java.lang=ALL-UNNAMED --add-opens=java.base/sun.nio.fs=ALL-UNNAMED -Declipse.application=org.eclipse.jdt.ls.core.id1 -Dosgi.bundles.defaultStartLevel=4 -Declipse.product=org.eclipse.jdt.ls.core.product -Djava.import.generatesMetadataFilesAtProjectRoot=false -Dfile.encoding=utf8 -XX:+UseParallelGC -XX:GCTimeRatio=4 -XX:AdaptiveSizePolicyWeight=90 -Dsun.zip.disableMemoryMapping=true -Xmx1G -Xms100m -Xlog:disable -javaagent:c:\Users\Nitish\.vscode\extensions\redhat.java-1.20.0-win32-x64\lombok\lombok-1.18.28.jar c:\Users\Nitish\.vscode\extensions\redhat.java-1.20.0-win32-x64\server\plugins\org.eclipse.equinox.launcher_1.6.500.v20230622-2056.jar -configuration c:\Users\Nitish\AppData\Roaming\Code\User\globalStorage\redhat.java\1.20.0\config_ss_win -data c:\Users\Nitish\AppData\Roaming\Code\User\workspaceStorage\30ac4f06b3502b363aba4d30d4dde98c\redhat.java\ss_ws

Host: AMD Ryzen 9 5900HS with Radeon Graphics        , 16 cores, 15G,  Windows 10 , 64 bit Build 19041 (10.0.19041.3031)
Time: Tue Jul  4 10:34:29 2023 India Standard Time elapsed time: 0.882381 seconds (0d 0h 0m 0s)

---------------  T H R E A D  ---------------

Current thread (0x0000028b39138800):  JavaThread "Start Level: Equinox Container: ca1a23af-a3f7-4500-b0b5-4ee13ee88732" daemon [_thread_in_vm, id=6696, stack(0x000000a58ad00000,0x000000a58ae00000)]

Stack: [0x000000a58ad00000,0x000000a58ae00000]
Native frames: (J=compiled Java code, j=interpreted, Vv=VM code, C=native code)
V  [jvm.dll+0x67754a]
V  [jvm.dll+0x834304]
V  [jvm.dll+0x835aae]
V  [jvm.dll+0x836113]
V  [jvm.dll+0x24696f]
V  [jvm.dll+0x83039b]
V  [jvm.dll+0x61c006]
V  [jvm.dll+0x1c169e]
V  [jvm.dll+0x61e961]
V  [jvm.dll+0x61c9a6]
V  [jvm.dll+0x626887]
V  [jvm.dll+0x1eb47b]
V  [jvm.dll+0x1eb9b5]
V  [jvm.dll+0x1ec3ef]
V  [jvm.dll+0x1e1891]
V  [jvm.dll+0x53ea50]
V  [jvm.dll+0x1f2067]
V  [jvm.dll+0x7af05b]
V  [jvm.dll+0x7b0402]
V  [jvm.dll+0x7b0b99]
V  [jvm.dll+0x1e9c26]
V  [jvm.dll+0x1ec32b]
V  [jvm.dll+0x1e1891]
V  [jvm.dll+0x53ea50]
V  [jvm.dll+0x1f2067]
V  [jvm.dll+0x7af05b]
V  [jvm.dll+0x7b0402]
V  [jvm.dll+0x7b0738]
V  [jvm.dll+0x23ec6e]
V  [jvm.dll+0x380a4e]
C  0x0000028b2760ae05

Java frames: (J=compiled Java code, j=interpreted, Vv=VM code)
j  com.sun.org.apache.xerces.internal.impl.XMLEntityManager.<init>()V+112 java.xml@17.0.7
j  com.sun.org.apache.xerces.internal.parsers.XML11Configuration.<init>(Lcom/sun/org/apache/xerces/internal/util/SymbolTable;Lcom/sun/org/apache/xerces/internal/xni/grammars/XMLGrammarPool;Lcom/sun/org/apache/xerces/internal/xni/parser/XMLComponentManager;)V+924 java.xml@17.0.7
j  com.sun.org.apache.xerces.internal.parsers.XIncludeAwareParserConfiguration.<init>(Lcom/sun/org/apache/xerces/internal/util/SymbolTable;Lcom/sun/org/apache/xerces/internal/xni/grammars/XMLGrammarPool;Lcom/sun/org/apache/xerces/internal/xni/parser/XMLComponentManager;)V+4 java.xml@17.0.7
j  com.sun.org.apache.xerces.internal.parsers.XIncludeAwareParserConfiguration.<init>()V+4 java.xml@17.0.7
j  com.sun.org.apache.xerces.internal.parsers.SAXParser.<init>(Lcom/sun/org/apache/xerces/internal/util/SymbolTable;Lcom/sun/org/apache/xerces/internal/xni/grammars/XMLGrammarPool;)V+5 java.xml@17.0.7
j  com.sun.org.apache.xerces.internal.parsers.SAXParser.<init>()V+3 java.xml@17.0.7
j  com.sun.org.apache.xerces.internal.jaxp.SAXParserImpl$JAXPSAXParser.<init>(Lcom/sun/org/apache/xerces/internal/jaxp/SAXParserImpl;Lcom/sun/org/apache/xerces/internal/utils/XMLSecurityPropertyManager;Lcom/sun/org/apache/xerces/internal/utils/XMLSecurityManager;)V+1 java.xml@17.0.7
j  com.sun.org.apache.xerces.internal.jaxp.SAXParserImpl.<init>(Lcom/sun/org/apache/xerces/internal/jaxp/SAXParserFactoryImpl;Ljava/util/Map;Z)V+46 java.xml@17.0.7
j  com.sun.org.apache.xerces.internal.jaxp.SAXParserFactoryImpl.newSAXParser()Ljavax/xml/parsers/SAXParser;+13 java.xml@17.0.7
j  org.apache.felix.scr.impl.BundleComponentActivator.loadDescriptor(Ljava/net/URL;)V+64
j  org.apache.felix.scr.impl.BundleComponentActivator.initialize(Ljava/util/List;)V+195
j  org.apache.felix.scr.impl.BundleComponentActivator.<init>(Lorg/apache/felix/scr/impl/logger/ScrLogger;Lorg/apache/felix/scr/impl/ComponentRegistry;Lorg/apache/felix/scr/impl/ComponentActorThread;Lorg/osgi/framework/BundleContext;Lorg/apache/felix/scr/impl/manager/ScrConfiguration;Ljava/util/List;Lorg/osgi/framework/ServiceReference;)V+124
j  org.apache.felix.scr.impl.Activator.loadComponents(Lorg/osgi/framework/Bundle;)V+373
j  org.apache.felix.scr.impl.Activator.access$200(Lorg/apache/felix/scr/impl/Activator;Lorg/osgi/framework/Bundle;)V+2
j  org.apache.felix.scr.impl.Activator$ScrExtension.start()V+72
j  org.apache.felix.scr.impl.AbstractExtender.createExtension(Lorg/osgi/framework/Bundle;)V+71
j  org.apache.felix.scr.impl.AbstractExtender.modifiedBundle(Lorg/osgi/framework/Bundle;Lorg/osgi/framework/BundleEvent;Lorg/osgi/framework/Bundle;)V+115
j  org.apache.felix.scr.impl.AbstractExtender.addingBundle(Lorg/osgi/framework/Bundle;Lorg/osgi/framework/BundleEvent;)Lorg/osgi/framework/Bundle;+4
j  org.apache.felix.scr.impl.AbstractExtender.addingBundle(Lorg/osgi/framework/Bundle;Lorg/osgi/framework/BundleEvent;)Ljava/lang/Object;+3
j  org.osgi.util.tracker.BundleTracker$Tracked.customizerAdding(Lorg/osgi/framework/Bundle;Lorg/osgi/framework/BundleEvent;)Ljava/lang/Object;+9
j  org.osgi.util.tracker.BundleTracker$Tracked.customizerAdding(Ljava/lang/Object;Ljava/lang/Object;)Ljava/lang/Object;+9
j  org.osgi.util.tracker.AbstractTracked.trackAdding(Ljava/lang/Object;Ljava/lang/Object;)V+8
j  org.osgi.util.tracker.AbstractTracked.track(Ljava/lang/Object;Ljava/lang/Object;)V+83
j  org.osgi.util.tracker.BundleTracker$Tracked.bundleChanged(Lorg/osgi/framework/BundleEvent;)V+35
J 1557 c1 org.eclipse.osgi.internal.framework.BundleContextImpl.dispatchEvent(Ljava/lang/Object;Ljava/lang/Object;ILjava/lang/Object;)V (558 bytes) @ 0x0000028b2046debc [0x0000028b2046cca0+0x000000000000121c]
j  org.eclipse.osgi.framework.eventmgr.EventManager.dispatchEvent(Ljava/util/Set;Lorg/eclipse/osgi/framework/eventmgr/EventDispatcher;ILjava/lang/Object;)V+48
j  org.eclipse.osgi.framework.eventmgr.ListenerQueue.dispatchEventSynchronous(ILjava/lang/Object;)V+67
j  org.eclipse.osgi.internal.framework.EquinoxEventPublisher.publishBundleEventPrivileged(Lorg/osgi/framework/BundleEvent;)V+547
j  org.eclipse.osgi.internal.framework.EquinoxEventPublisher.publishBundleEvent(Lorg/osgi/framework/BundleEvent;)V+8
j  org.eclipse.osgi.internal.framework.EquinoxEventPublisher.publishBundleEvent(ILorg/osgi/framework/Bundle;Lorg/osgi/framework/Bundle;)V+15
j  org.eclipse.osgi.internal.framework.EquinoxContainerAdaptor.publishModuleEvent(Lorg/eclipse/osgi/container/ModuleContainerAdaptor$ModuleEvent;Lorg/eclipse/osgi/container/Module;Lorg/eclipse/osgi/container/Module;)V+29
j  org.eclipse.osgi.container.Module.publishEvent(Lorg/eclipse/osgi/container/ModuleContainerAdaptor$ModuleEvent;)V+13
j  org.eclipse.osgi.container.Module.start([Lorg/eclipse/osgi/container/Module$StartOptions;)V+588
j  org.eclipse.osgi.container.ModuleContainer$ContainerStartLevel$2.run()V+71
j  org.eclipse.osgi.internal.framework.EquinoxContainerAdaptor$1$1.execute(Ljava/lang/Runnable;)V+1
j  org.eclipse.osgi.container.ModuleContainer$ContainerStartLevel.incStartLevel(ILjava/util/List;Z)V+192
j  org.eclipse.osgi.container.ModuleContainer$ContainerStartLevel.incStartLevel(ILjava/util/List;Ljava/util/List;Ljava/util/List;Ljava/util/List;)V+4
j  org.eclipse.osgi.container.ModuleContainer$ContainerStartLevel.doContainerStartLevel(Lorg/eclipse/osgi/container/Module;I[Lorg/osgi/framework/FrameworkListener;)V+349
j  org.eclipse.osgi.container.ModuleContainer$ContainerStartLevel.dispatchEvent(Lorg/eclipse/osgi/container/Module;[Lorg/osgi/framework/FrameworkListener;ILjava/lang/Integer;)V+32
j  org.eclipse.osgi.container.ModuleContainer$ContainerStartLevel.dispatchEvent(Ljava/lang/Object;Ljava/lang/Object;ILjava/lang/Object;)V+15
j  org.eclipse.osgi.framework.eventmgr.EventManager.dispatchEvent(Ljava/util/Set;Lorg/eclipse/osgi/framework/eventmgr/EventDispatcher;ILjava/lang/Object;)V+48
j  org.eclipse.osgi.framework.eventmgr.EventManager$EventThread.run()V+26
v  ~StubRoutines::call_stub

---------------  P R O C E S S  ---------------

Threads class SMR info:
_java_thread_list=0x0000028b391f6410, length=21, elements={
0x0000028b1d50eed0, 0x0000028b31390610, 0x0000028b31391db0, 0x0000028b3139a110,
0x0000028b3139ae90, 0x0000028b3139c3b0, 0x0000028b3675abc0, 0x0000028b36763470,
0x0000028b36767e30, 0x0000028b36771110, 0x0000028b36860030, 0x0000028b368ed840,
0x0000028b368efd60, 0x0000028b36915fe0, 0x0000028b38651a40, 0x0000028b38679970,
0x0000028b386ebef0, 0x0000028b38fd6fc0, 0x0000028b38d75b40, 0x0000028b39138800,
0x0000028b391f13b0
}

Java Threads: ( => current thread )
  0x0000028b1d50eed0 JavaThread "main" [_thread_blocked, id=4692, stack(0x000000a589200000,0x000000a589300000)]
  0x0000028b31390610 JavaThread "Reference Handler" daemon [_thread_blocked, id=22396, stack(0x000000a589500000,0x000000a589600000)]
  0x0000028b31391db0 JavaThread "Finalizer" daemon [_thread_blocked, id=1468, stack(0x000000a589600000,0x000000a589700000)]
  0x0000028b3139a110 JavaThread "Signal Dispatcher" daemon [_thread_blocked, id=20204, stack(0x000000a589700000,0x000000a589800000)]
  0x0000028b3139ae90 JavaThread "Attach Listener" daemon [_thread_blocked, id=22056, stack(0x000000a589800000,0x000000a589900000)]
  0x0000028b3139c3b0 JavaThread "Service Thread" daemon [_thread_blocked, id=17140, stack(0x000000a589900000,0x000000a589a00000)]
  0x0000028b3675abc0 JavaThread "Monitor Deflation Thread" daemon [_thread_blocked, id=10072, stack(0x000000a589a00000,0x000000a589b00000)]
  0x0000028b36763470 JavaThread "C2 CompilerThread0" daemon [_thread_blocked, id=11320, stack(0x000000a589b00000,0x000000a589c00000)]
  0x0000028b36767e30 JavaThread "C1 CompilerThread0" daemon [_thread_blocked, id=2720, stack(0x000000a589c00000,0x000000a589d00000)]
  0x0000028b36771110 JavaThread "Sweeper thread" daemon [_thread_blocked, id=19392, stack(0x000000a589d00000,0x000000a589e00000)]
  0x0000028b36860030 JavaThread "Common-Cleaner" daemon [_thread_blocked, id=4752, stack(0x000000a589e00000,0x000000a589f00000)]
  0x0000028b368ed840 JavaThread "C1 CompilerThread1" daemon [_thread_blocked, id=12976, stack(0x000000a589f00000,0x000000a58a000000)]
  0x0000028b368efd60 JavaThread "C1 CompilerThread2" daemon [_thread_blocked, id=8752, stack(0x000000a58a000000,0x000000a58a100000)]
  0x0000028b36915fe0 JavaThread "C2 CompilerThread1" daemon [_thread_blocked, id=15136, stack(0x000000a58a100000,0x000000a58a200000)]
  0x0000028b38651a40 JavaThread "C1 CompilerThread3" daemon [_thread_blocked, id=6664, stack(0x000000a58a200000,0x000000a58a300000)]
  0x0000028b38679970 JavaThread "Notification Thread" daemon [_thread_blocked, id=11308, stack(0x000000a58a300000,0x000000a58a400000)]
  0x0000028b386ebef0 JavaThread "C2 CompilerThread2" daemon [_thread_blocked, id=18936, stack(0x000000a58a500000,0x000000a58a600000)]
  0x0000028b38fd6fc0 JavaThread "Active Thread: Equinox Container: ca1a23af-a3f7-4500-b0b5-4ee13ee88732" [_thread_blocked, id=21988, stack(0x000000a58ab00000,0x000000a58ac00000)]
  0x0000028b38d75b40 JavaThread "Framework Event Dispatcher: Equinox Container: ca1a23af-a3f7-4500-b0b5-4ee13ee88732" daemon [_thread_blocked, id=19152, stack(0x000000a58ac00000,0x000000a58ad00000)]
=>0x0000028b39138800 JavaThread "Start Level: Equinox Container: ca1a23af-a3f7-4500-b0b5-4ee13ee88732" daemon [_thread_in_vm, id=6696, stack(0x000000a58ad00000,0x000000a58ae00000)]
  0x0000028b391f13b0 JavaThread "SCR Component Actor" daemon [_thread_blocked, id=21028, stack(0x000000a58ae00000,0x000000a58af00000)]

Other Threads:
  0x0000028b31266290 VMThread "VM Thread" [stack: 0x000000a589400000,0x000000a589500000] [id=8716]
  0x0000028b1d5100b0 WatcherThread [stack: 0x000000a58a400000,0x000000a58a500000] [id=5200]
  0x0000028b1d524540 GCTaskThread "GC Thread#0" [stack: 0x000000a589300000,0x000000a589400000] [id=5688]
  0x0000028b38a2eb10 GCTaskThread "GC Thread#1" [stack: 0x000000a58a600000,0x000000a58a700000] [id=19356]
  0x0000028b389a0850 GCTaskThread "GC Thread#2" [stack: 0x000000a58a700000,0x000000a58a800000] [id=13872]
  0x0000028b38dd5410 GCTaskThread "GC Thread#3" [stack: 0x000000a58a800000,0x000000a58a900000] [id=3792]
  0x0000028b38dd5ad0 GCTaskThread "GC Thread#4" [stack: 0x000000a58a900000,0x000000a58aa00000] [id=12316]
  0x0000028b38dd5d80 GCTaskThread "GC Thread#5" [stack: 0x000000a58aa00000,0x000000a58ab00000] [id=23788]
  0x0000028b38d76820 GCTaskThread "GC Thread#6" [stack: 0x000000a58af00000,0x000000a58b000000] [id=24240]
  0x0000028b3918dd00 GCTaskThread "GC Thread#7" [stack: 0x000000a58b000000,0x000000a58b100000] [id=6100]

Threads with active compile tasks:

VM state: not at safepoint (normal execution)

VM Mutex/Monitor currently owned by a thread:  ([mutex/lock_event])
[0x0000028b1d509c80] Metaspace_lock - owner thread: 0x0000028b39138800

Heap address: 0x00000000c0000000, size: 1024 MB, Compressed Oops mode: 32-bit

CDS archive(s) not mapped
Compressed class space mapped at: 0x0000000100000000-0x0000000140000000, reserved size: 1073741824
Narrow klass base: 0x0000000000000000, Narrow klass shift: 3, Narrow klass range: 0x140000000

GC Precious Log:
 CPUs: 16 total, 16 available
 Memory: 15775M
 Large Page Support: Disabled
 NUMA Support: Disabled
 Compressed Oops: Enabled (32-bit)
 Alignments: Space 512K, Generation 512K, Heap 2M
 Heap Min Capacity: 100M
 Heap Initial Capacity: 100M
 Heap Max Capacity: 1G
 Pre-touch: Disabled
 Parallel Workers: 13

Heap:
 PSYoungGen      total 29696K, used 4432K [0x00000000eab00000, 0x00000000ecc00000, 0x0000000100000000)
  eden space 25600K, 1% used [0x00000000eab00000,0x00000000eab54470,0x00000000ec400000)
  from space 4096K, 99% used [0x00000000ec800000,0x00000000ecbffbe8,0x00000000ecc00000)
  to   space 4096K, 0% used [0x00000000ec400000,0x00000000ec400000,0x00000000ec800000)
 ParOldGen       total 68608K, used 642K [0x00000000c0000000, 0x00000000c4300000, 0x00000000eab00000)
  object space 68608K, 0% used [0x00000000c0000000,0x00000000c00a0830,0x00000000c4300000)
 Metaspace       used 14982K, committed 15232K, reserved 1114112K
  class space    used 1518K, committed 1664K, reserved 1048576K

Card table byte_map: [0x0000028b1cee0000,0x0000028b1d0f0000] _byte_map_base: 0x0000028b1c8e0000

Marking Bits: (ParMarkBitMap*) 0x00007ff9028952c0
 Begin Bits: [0x0000028b2f1a0000, 0x0000028b301a0000)
 End Bits:   [0x0000028b301a0000, 0x0000028b311a0000)

Polling page: 0x0000028b1b4b0000

Metaspace:

Usage:
  Non-class:     13.15 MB used.
      Class:      1.48 MB used.
       Both:     14.63 MB used.

Virtual space:
  Non-class space:       64.00 MB reserved,      13.25 MB ( 21%) committed,  1 nodes.
      Class space:        1.00 GB reserved,       1.62 MB ( <1%) committed,  1 nodes.
             Both:        1.06 GB reserved,      14.88 MB (  1%) committed. 

Chunk freelists:
   Non-Class:  2.27 MB
       Class:  14.36 MB
        Both:  16.64 MB

MaxMetaspaceSize: unlimited
CompressedClassSpaceSize: 1.00 GB
Initial GC threshold: 21.00 MB
Current GC threshold: 21.00 MB
CDS: off
MetaspaceReclaimPolicy: balanced
 - commit_granule_bytes: 65536.
 - commit_granule_words: 8192.
 - virtual_space_node_default_size: 8388608.
 - enlarge_chunks_in_place: 1.
 - new_chunks_are_fully_committed: 0.
 - uncommit_free_chunks: 1.
 - use_allocation_guard: 0.
 - handle_deallocations: 1.


Internal statistics:

num_allocs_failed_limit: 0.
num_arena_births: 86.
num_arena_deaths: 0.
num_vsnodes_births: 2.
num_vsnodes_deaths: 0.
num_space_committed: 238.
num_space_uncommitted: 0.
num_chunks_returned_to_freelist: 0.
num_chunks_taken_from_freelist: 301.
num_chunk_merges: 0.
num_chunk_splits: 199.
num_chunks_enlarged: 143.
num_inconsistent_stats: 0.

CodeHeap 'non-profiled nmethods': size=119168Kb used=664Kb max_used=664Kb free=118503Kb
 bounds [0x0000028b27d40000, 0x0000028b27fb0000, 0x0000028b2f1a0000]
CodeHeap 'profiled nmethods': size=119104Kb used=3098Kb max_used=3098Kb free=116005Kb
 bounds [0x0000028b201a0000, 0x0000028b204b0000, 0x0000028b275f0000]
CodeHeap 'non-nmethods': size=7488Kb used=2849Kb max_used=2872Kb free=4638Kb
 bounds [0x0000028b275f0000, 0x0000028b278d0000, 0x0000028b27d40000]
 total_blobs=2134 nmethods=1677 adapters=368
 compilation: enabled
              stopped_count=0, restarted_count=0
 full_count=0

Compilation events (20 events):
Event: 0.856 Thread 0x0000028b368efd60 1661       3       java.lang.invoke.LambdaForm$Name::<init> (44 bytes)
Event: 0.856 Thread 0x0000028b36767e30 1662       3       java.lang.invoke.LambdaForm$NamedFunction::returnType (11 bytes)
Event: 0.856 Thread 0x0000028b36767e30 nmethod 1662 0x0000028b2049db90 code [0x0000028b2049dd80, 0x0000028b2049e1e8]
Event: 0.857 Thread 0x0000028b368efd60 nmethod 1661 0x0000028b2049e410 code [0x0000028b2049e620, 0x0000028b2049ebe8]
Event: 0.857 Thread 0x0000028b368ed840 1666       3       java.lang.invoke.InvokerBytecodeGenerator::emitImplicitConversion (161 bytes)
Event: 0.857 Thread 0x0000028b368efd60 1668       3       java.lang.invoke.MethodHandles$Lookup::checkSymbolicClass (25 bytes)
Event: 0.857 Thread 0x0000028b368ed840 nmethod 1666 0x0000028b2049ef10 code [0x0000028b2049f220, 0x0000028b204a0098]
Event: 0.857 Thread 0x0000028b368efd60 nmethod 1668 0x0000028b204a0590 code [0x0000028b204a0760, 0x0000028b204a09c8]
Event: 0.858 Thread 0x0000028b38651a40 1669       3       java.lang.invoke.LambdaForm$Name::isParam (13 bytes)
Event: 0.858 Thread 0x0000028b38651a40 nmethod 1669 0x0000028b204a0b10 code [0x0000028b204a0ca0, 0x0000028b204a0e18]
Event: 0.858 Thread 0x0000028b368ed840 1672       3       java.lang.invoke.InvokerBytecodeGenerator::loadInsnOpcode (98 bytes)
Event: 0.858 Thread 0x0000028b36767e30 1671       3       java.lang.invoke.InvokerBytecodeGenerator::emitLoadInsn (21 bytes)
Event: 0.858 Thread 0x0000028b368efd60 1673       3       java.lang.invoke.InvokerBytecodeGenerator::emitPushArgument (151 bytes)
Event: 0.858 Thread 0x0000028b36767e30 nmethod 1671 0x0000028b204a0e90 code [0x0000028b204a1040, 0x0000028b204a1298]
Event: 0.858 Thread 0x0000028b38651a40 1674       3       jdk.internal.org.objectweb.asm.ByteVector::put11 (52 bytes)
Event: 0.858 Thread 0x0000028b38651a40 nmethod 1674 0x0000028b204a1410 code [0x0000028b204a15c0, 0x0000028b204a17c8]
Event: 0.859 Thread 0x0000028b368ed840 nmethod 1672 0x0000028b204a1910 code [0x0000028b204a1b80, 0x0000028b204a2558]
Event: 0.859 Thread 0x0000028b368efd60 nmethod 1673 0x0000028b204a2890 code [0x0000028b204a2b60, 0x0000028b204a39e8]
Event: 0.861 Thread 0x0000028b368efd60 1676       3       java.lang.Class::descriptorString (170 bytes)
Event: 0.863 Thread 0x0000028b368efd60 nmethod 1676 0x0000028b204a3e10 code [0x0000028b204a42e0, 0x0000028b204a5ed8]

GC Heap History (4 events):
Event: 0.502 GC heap before
{Heap before GC invocations=1 (full 0):
 PSYoungGen      total 29696K, used 25600K [0x00000000eab00000, 0x00000000ecc00000, 0x0000000100000000)
  eden space 25600K, 100% used [0x00000000eab00000,0x00000000ec400000,0x00000000ec400000)
  from space 4096K, 0% used [0x00000000ec800000,0x00000000ec800000,0x00000000ecc00000)
  to   space 4096K, 0% used [0x00000000ec400000,0x00000000ec400000,0x00000000ec800000)
 ParOldGen       total 68608K, used 0K [0x00000000c0000000, 0x00000000c4300000, 0x00000000eab00000)
  object space 68608K, 0% used [0x00000000c0000000,0x00000000c0000000,0x00000000c4300000)
 Metaspace       used 10779K, committed 10944K, reserved 1114112K
  class space    used 1070K, committed 1152K, reserved 1048576K
}
Event: 0.506 GC heap after
{Heap after GC invocations=1 (full 0):
 PSYoungGen      total 29696K, used 3032K [0x00000000eab00000, 0x00000000ecc00000, 0x0000000100000000)
  eden space 25600K, 0% used [0x00000000eab00000,0x00000000eab00000,0x00000000ec400000)
  from space 4096K, 74% used [0x00000000ec400000,0x00000000ec6f63b8,0x00000000ec800000)
  to   space 4096K, 0% used [0x00000000ec800000,0x00000000ec800000,0x00000000ecc00000)
 ParOldGen       total 68608K, used 16K [0x00000000c0000000, 0x00000000c4300000, 0x00000000eab00000)
  object space 68608K, 0% used [0x00000000c0000000,0x00000000c0004000,0x00000000c4300000)
 Metaspace       used 10779K, committed 10944K, reserved 1114112K
  class space    used 1070K, committed 1152K, reserved 1048576K
}
Event: 0.867 GC heap before
{Heap before GC invocations=2 (full 0):
 PSYoungGen      total 29696K, used 28632K [0x00000000eab00000, 0x00000000ecc00000, 0x0000000100000000)
  eden space 25600K, 100% used [0x00000000eab00000,0x00000000ec400000,0x00000000ec400000)
  from space 4096K, 74% used [0x00000000ec400000,0x00000000ec6f63b8,0x00000000ec800000)
  to   space 4096K, 0% used [0x00000000ec800000,0x00000000ec800000,0x00000000ecc00000)
 ParOldGen       total 68608K, used 16K [0x00000000c0000000, 0x00000000c4300000, 0x00000000eab00000)
  object space 68608K, 0% used [0x00000000c0000000,0x00000000c0004000,0x00000000c4300000)
 Metaspace       used 14869K, committed 15168K, reserved 1114112K
  class space    used 1506K, committed 1664K, reserved 1048576K
}
Event: 0.872 GC heap after
{Heap after GC invocations=2 (full 0):
 PSYoungGen      total 29696K, used 4094K [0x00000000eab00000, 0x00000000ecc00000, 0x0000000100000000)
  eden space 25600K, 0% used [0x00000000eab00000,0x00000000eab00000,0x00000000ec400000)
  from space 4096K, 99% used [0x00000000ec800000,0x00000000ecbffbe8,0x00000000ecc00000)
  to   space 4096K, 0% used [0x00000000ec400000,0x00000000ec400000,0x00000000ec800000)
 ParOldGen       total 68608K, used 642K [0x00000000c0000000, 0x00000000c4300000, 0x00000000eab00000)
  object space 68608K, 0% used [0x00000000c0000000,0x00000000c00a0830,0x00000000c4300000)
 Metaspace       used 14869K, committed 15168K, reserved 1114112K
  class space    used 1506K, committed 1664K, reserved 1048576K
}

Dll operation events (9 events):
Event: 0.005 Loaded shared library c:\Users\Nitish\.vscode\extensions\redhat.java-1.20.0-win32-x64\jre\17.0.7-win32-x86_64\bin\java.dll
Event: 0.108 Loaded shared library c:\Users\Nitish\.vscode\extensions\redhat.java-1.20.0-win32-x64\jre\17.0.7-win32-x86_64\bin\zip.dll
Event: 0.111 Loaded shared library C:\Users\Nitish\.vscode\extensions\redhat.java-1.20.0-win32-x64\jre\17.0.7-win32-x86_64\bin\instrument.dll
Event: 0.121 Loaded shared library C:\Users\Nitish\.vscode\extensions\redhat.java-1.20.0-win32-x64\jre\17.0.7-win32-x86_64\bin\net.dll
Event: 0.123 Loaded shared library C:\Users\Nitish\.vscode\extensions\redhat.java-1.20.0-win32-x64\jre\17.0.7-win32-x86_64\bin\nio.dll
Event: 0.128 Loaded shared library C:\Users\Nitish\.vscode\extensions\redhat.java-1.20.0-win32-x64\jre\17.0.7-win32-x86_64\bin\zip.dll
Event: 0.137 Loaded shared library C:\Users\Nitish\.vscode\extensions\redhat.java-1.20.0-win32-x64\jre\17.0.7-win32-x86_64\bin\jimage.dll
Event: 0.170 Loaded shared library c:\Users\Nitish\.vscode\extensions\redhat.java-1.20.0-win32-x64\jre\17.0.7-win32-x86_64\bin\verify.dll
Event: 0.793 Loaded shared library C:\Users\Nitish\AppData\Roaming\Code\User\globalStorage\redhat.java\1.20.0\config_ss_win\org.eclipse.equinox.launcher\org.eclipse.equinox.launcher.win32.win32.x86_64_1.2.700.v20221108-1024\eclipse_11801.dll

Deoptimization events (20 events):
Event: 0.708 Thread 0x0000028b1d50eed0 DEOPT PACKING pc=0x0000028b27da83e4 sp=0x000000a5892fdf60
Event: 0.708 Thread 0x0000028b1d50eed0 DEOPT UNPACKING pc=0x0000028b276466a3 sp=0x000000a5892fde88 mode 2
Event: 0.708 Thread 0x0000028b1d50eed0 Uncommon trap: trap_request=0xffffffde fr.pc=0x0000028b27da83e4 relative=0x0000000000000964
Event: 0.708 Thread 0x0000028b1d50eed0 Uncommon trap: reason=class_check action=maybe_recompile pc=0x0000028b27da83e4 method=java.util.HashMap.putVal(ILjava/lang/Object;Ljava/lang/Object;ZZ)Ljava/lang/Object; @ 253 c2
Event: 0.708 Thread 0x0000028b1d50eed0 DEOPT PACKING pc=0x0000028b27da83e4 sp=0x000000a5892fde60
Event: 0.708 Thread 0x0000028b1d50eed0 DEOPT UNPACKING pc=0x0000028b276466a3 sp=0x000000a5892fdd88 mode 2
Event: 0.710 Thread 0x0000028b1d50eed0 Uncommon trap: trap_request=0xffffffde fr.pc=0x0000028b27da83e4 relative=0x0000000000000964
Event: 0.710 Thread 0x0000028b1d50eed0 Uncommon trap: reason=class_check action=maybe_recompile pc=0x0000028b27da83e4 method=java.util.HashMap.putVal(ILjava/lang/Object;Ljava/lang/Object;ZZ)Ljava/lang/Object; @ 253 c2
Event: 0.710 Thread 0x0000028b1d50eed0 DEOPT PACKING pc=0x0000028b27da83e4 sp=0x000000a5892fdee0
Event: 0.710 Thread 0x0000028b1d50eed0 DEOPT UNPACKING pc=0x0000028b276466a3 sp=0x000000a5892fde08 mode 2
Event: 0.710 Thread 0x0000028b1d50eed0 Uncommon trap: trap_request=0xffffffde fr.pc=0x0000028b27d4f0c4 relative=0x00000000000003e4
Event: 0.710 Thread 0x0000028b1d50eed0 Uncommon trap: reason=class_check action=maybe_recompile pc=0x0000028b27d4f0c4 method=java.util.HashMap.putVal(ILjava/lang/Object;Ljava/lang/Object;ZZ)Ljava/lang/Object; @ 253 c2
Event: 0.710 Thread 0x0000028b1d50eed0 DEOPT PACKING pc=0x0000028b27d4f0c4 sp=0x000000a5892fde60
Event: 0.710 Thread 0x0000028b1d50eed0 DEOPT UNPACKING pc=0x0000028b276466a3 sp=0x000000a5892fde00 mode 2
Event: 0.728 Thread 0x0000028b1d50eed0 Uncommon trap: trap_request=0xffffff45 fr.pc=0x0000028b27dc6518 relative=0x0000000000000878
Event: 0.728 Thread 0x0000028b1d50eed0 Uncommon trap: reason=unstable_if action=reinterpret pc=0x0000028b27dc6518 method=java.util.HashMap.putVal(ILjava/lang/Object;Ljava/lang/Object;ZZ)Ljava/lang/Object; @ 81 c2
Event: 0.728 Thread 0x0000028b1d50eed0 DEOPT PACKING pc=0x0000028b27dc6518 sp=0x000000a5892fcb30
Event: 0.728 Thread 0x0000028b1d50eed0 DEOPT UNPACKING pc=0x0000028b276466a3 sp=0x000000a5892fcab0 mode 2
Event: 0.728 Thread 0x0000028b1d50eed0 DEOPT PACKING pc=0x0000028b202be4e1 sp=0x000000a5892fc8c0
Event: 0.728 Thread 0x0000028b1d50eed0 DEOPT UNPACKING pc=0x0000028b27646e43 sp=0x000000a5892fbd48 mode 0

Classes unloaded (0 events):
No events

Classes redefined (0 events):
No events

Internal exceptions (20 events):
Event: 0.341 Thread 0x0000028b1d50eed0 Implicit null exception at 0x0000028b27d619f2 to 0x0000028b27d61f10
Event: 0.343 Thread 0x0000028b1d50eed0 Exception <a 'java/io/FileNotFoundException'{0x00000000eb979950}> (0x00000000eb979950) 
thrown [s\src\hotspot\share\prims\jni.cpp, line 516]
Event: 0.459 Thread 0x0000028b1d50eed0 Exception <a 'java/lang/ClassNotFoundException'{0x00000000ec17e890}: sun/net/www/protocol/c/Handler> (0x00000000ec17e890) 
thrown [s\src\hotspot\share\classfile\systemDictionary.cpp, line 256]
Event: 0.459 Thread 0x0000028b1d50eed0 Exception <a 'java/lang/ClassNotFoundException'{0x00000000ec17fc38}: sun/net/www/protocol/c/Handler> (0x00000000ec17fc38) 
thrown [s\src\hotspot\share\classfile\systemDictionary.cpp, line 256]
Event: 0.459 Thread 0x0000028b1d50eed0 Exception <a 'java/lang/ClassNotFoundException'{0x00000000ec180e50}: sun/net/www/protocol/c/Handler> (0x00000000ec180e50) 
thrown [s\src\hotspot\share\classfile\systemDictionary.cpp, line 256]
Event: 0.466 Thread 0x0000028b1d50eed0 Exception <a 'java/io/FileNotFoundException'{0x00000000ec19fc80}> (0x00000000ec19fc80) 
thrown [s\src\hotspot\share\prims\jni.cpp, line 516]
Event: 0.485 Thread 0x0000028b1d50eed0 Implicit null exception at 0x0000028b27d80b3b to 0x0000028b27d81440
Event: 0.485 Thread 0x0000028b1d50eed0 Implicit null exception at 0x0000028b27d94aec to 0x0000028b27d94cc8
Event: 0.485 Thread 0x0000028b1d50eed0 Implicit null exception at 0x0000028b27d8a56c to 0x0000028b27d8a73c
Event: 0.485 Thread 0x0000028b1d50eed0 Implicit null exception at 0x0000028b27d8340f to 0x0000028b27d83485
Event: 0.516 Thread 0x0000028b1d50eed0 Exception <a 'java/lang/NoSuchMethodError'{0x00000000eab6df80}: 'int java.lang.invoke.DirectMethodHandle$Holder.invokeStaticInit(java.lang.Object, java.lang.Object, java.lang.Object, java.lang.Object)'> (0x00000000eab6df80) 
thrown [s\src\hotspot\share\interpreter\linkResolver.cpp, line 759]
Event: 0.517 Thread 0x0000028b1d50eed0 Exception <a 'java/lang/NoSuchMethodError'{0x00000000eab786f8}: 'java.lang.Object java.lang.invoke.DirectMethodHandle$Holder.invokeInterface(java.lang.Object, java.lang.Object)'> (0x00000000eab786f8) 
thrown [s\src\hotspot\share\interpreter\linkResolver.cpp, line 759]
Event: 0.517 Thread 0x0000028b1d50eed0 Exception <a 'java/lang/IncompatibleClassChangeError'{0x00000000eabbc168}: Found class java.lang.Object, but interface was expected> (0x00000000eabbc168) 
thrown [s\src\hotspot\share\interpreter\linkResolver.cpp, line 826]
Event: 0.517 Thread 0x0000028b1d50eed0 Exception <a 'java/lang/NoSuchMethodError'{0x00000000eabc0660}: 'void java.lang.invoke.DirectMethodHandle$Holder.invokeStatic(java.lang.Object, java.lang.Object)'> (0x00000000eabc0660) 
thrown [s\src\hotspot\share\interpreter\linkResolver.cpp, line 759]
Event: 0.517 Thread 0x0000028b1d50eed0 Exception <a 'java/lang/NoSuchMethodError'{0x00000000eabc3e60}: 'void java.lang.invoke.DirectMethodHandle$Holder.invokeStaticInit(java.lang.Object, java.lang.Object)'> (0x00000000eabc3e60) 
thrown [s\src\hotspot\share\interpreter\linkResolver.cpp, line 759]
Event: 0.518 Thread 0x0000028b1d50eed0 Exception <a 'java/lang/NoSuchMethodError'{0x00000000eabcb3b8}: 'int java.lang.invoke.DirectMethodHandle$Holder.invokeStaticInit(java.lang.Object, java.lang.Object)'> (0x00000000eabcb3b8) 
thrown [s\src\hotspot\share\interpreter\linkResolver.cpp, line 759]
Event: 0.541 Thread 0x0000028b1d50eed0 Exception <a 'java/lang/NoSuchMethodError'{0x00000000ead31d78}: 'void java.lang.invoke.DirectMethodHandle$Holder.invokeSpecial(java.lang.Object, java.lang.Object, java.lang.Object)'> (0x00000000ead31d78) 
thrown [s\src\hotspot\share\interpreter\linkResolver.cpp, line 759]
Event: 0.695 Thread 0x0000028b1d50eed0 Exception <a 'java/lang/NoSuchMethodError'{0x00000000eb95f3d8}: 'java.lang.Object java.lang.invoke.DirectMethodHandle$Holder.newInvokeSpecial(java.lang.Object, int, java.lang.Object)'> (0x00000000eb95f3d8) 
thrown [s\src\hotspot\share\interpreter\linkResolver.cpp, line 759]
Event: 0.791 Thread 0x0000028b1d50eed0 Exception <a 'java/lang/UnsatisfiedLinkError'{0x00000000ebeb10b0}: 'void org.eclipse.equinox.launcher.JNIBridge._update_splash()'> (0x00000000ebeb10b0) 
thrown [s\src\hotspot\share\prims\nativeLookup.cpp, line 543]
Event: 0.820 Thread 0x0000028b39138800 Exception <a 'java/lang/NoSuchMethodError'{0x00000000ec163170}: 'java.lang.Object java.lang.invoke.DirectMethodHandle$Holder.invokeStaticInit(java.lang.Object)'> (0x00000000ec163170) 
thrown [s\src\hotspot\share\interpreter\linkResolver.cpp, line 759]

VM Operations (20 events):
Event: 0.330 Executing VM operation: HandshakeAllThreads
Event: 0.330 Executing VM operation: HandshakeAllThreads done
Event: 0.448 Executing VM operation: HandshakeAllThreads
Event: 0.448 Executing VM operation: HandshakeAllThreads done
Event: 0.502 Executing VM operation: ParallelGCFailedAllocation
Event: 0.506 Executing VM operation: ParallelGCFailedAllocation done
Event: 0.678 Executing VM operation: HandshakeAllThreads
Event: 0.678 Executing VM operation: HandshakeAllThreads done
Event: 0.678 Executing VM operation: HandshakeAllThreads
Event: 0.679 Executing VM operation: HandshakeAllThreads done
Event: 0.682 Executing VM operation: HandshakeAllThreads
Event: 0.682 Executing VM operation: HandshakeAllThreads done
Event: 0.691 Executing VM operation: HandshakeAllThreads
Event: 0.691 Executing VM operation: HandshakeAllThreads done
Event: 0.728 Executing VM operation: ICBufferFull
Event: 0.729 Executing VM operation: ICBufferFull done
Event: 0.832 Executing VM operation: HandshakeAllThreads
Event: 0.833 Executing VM operation: HandshakeAllThreads done
Event: 0.867 Executing VM operation: ParallelGCFailedAllocation
Event: 0.872 Executing VM operation: ParallelGCFailedAllocation done

Events (20 events):
Event: 0.873 loading class jdk/xml/internal/JdkXmlUtils
Event: 0.873 loading class jdk/xml/internal/JdkXmlUtils done
Event: 0.873 loading class javax/xml/catalog/CatalogFeatures$Feature
Event: 0.873 loading class javax/xml/catalog/CatalogFeatures$Feature done
Event: 0.873 loading class jdk/xml/internal/JdkConstants
Event: 0.873 loading class jdk/xml/internal/JdkConstants done
Event: 0.873 loading class com/sun/org/apache/xerces/internal/util/SymbolTable
Event: 0.874 loading class com/sun/org/apache/xerces/internal/util/SymbolTable done
Event: 0.874 loading class com/sun/org/apache/xerces/internal/util/SymbolTable$Entry
Event: 0.874 loading class com/sun/org/apache/xerces/internal/util/SymbolTable$Entry done
Event: 0.874 loading class com/sun/org/apache/xerces/internal/impl/XMLEntityManager
Event: 0.874 loading class com/sun/org/apache/xerces/internal/xni/parser/XMLComponent
Event: 0.874 loading class com/sun/org/apache/xerces/internal/xni/parser/XMLComponent done
Event: 0.874 loading class com/sun/org/apache/xerces/internal/xni/parser/XMLEntityResolver
Event: 0.875 loading class com/sun/org/apache/xerces/internal/xni/parser/XMLEntityResolver done
Event: 0.875 loading class com/sun/org/apache/xerces/internal/impl/XMLEntityManager done
Event: 0.875 loading class java/util/Stack
Event: 0.875 loading class java/util/Stack done
Event: 0.875 loading class com/sun/org/apache/xerces/internal/util/XMLResourceIdentifierImpl
Event: 0.875 loading class com/sun/org/apache/xerces/internal/xni/XMLResourceIdentifier


Dynamic libraries:
0x00007ff6f6f80000 - 0x00007ff6f6f8e000 	c:\Users\Nitish\.vscode\extensions\redhat.java-1.20.0-win32-x64\jre\17.0.7-win32-x86_64\bin\java.exe
0x00007ff956630000 - 0x00007ff956828000 	C:\Windows\SYSTEM32\ntdll.dll
0x00007ff954d00000 - 0x00007ff954dbf000 	C:\Windows\System32\KERNEL32.DLL
0x00007ff953e60000 - 0x00007ff954156000 	C:\Windows\System32\KERNELBASE.dll
0x00007ff954590000 - 0x00007ff954690000 	C:\Windows\System32\ucrtbase.dll
0x00007ff941bd0000 - 0x00007ff941be7000 	c:\Users\Nitish\.vscode\extensions\redhat.java-1.20.0-win32-x64\jre\17.0.7-win32-x86_64\bin\jli.dll
0x00007ff9418c0000 - 0x00007ff9418d9000 	c:\Users\Nitish\.vscode\extensions\redhat.java-1.20.0-win32-x64\jre\17.0.7-win32-x86_64\bin\VCRUNTIME140.dll
0x00007ff955010000 - 0x00007ff9551ad000 	C:\Windows\System32\USER32.dll
0x00007ff954400000 - 0x00007ff954422000 	C:\Windows\System32\win32u.dll
0x00007ff944d30000 - 0x00007ff944fca000 	C:\Windows\WinSxS\amd64_microsoft.windows.common-controls_6595b64144ccf1df_6.0.19041.1110_none_60b5254171f9507e\COMCTL32.dll
0x00007ff954770000 - 0x00007ff95479c000 	C:\Windows\System32\GDI32.dll
0x00007ff953d40000 - 0x00007ff953e55000 	C:\Windows\System32\gdi32full.dll
0x00007ff954dc0000 - 0x00007ff954e5e000 	C:\Windows\System32\msvcrt.dll
0x00007ff954260000 - 0x00007ff9542fd000 	C:\Windows\System32\msvcp_win.dll
0x00007ff955a00000 - 0x00007ff955a30000 	C:\Windows\System32\IMM32.DLL
0x00007ff943310000 - 0x00007ff94331c000 	c:\Users\Nitish\.vscode\extensions\redhat.java-1.20.0-win32-x64\jre\17.0.7-win32-x86_64\bin\vcruntime140_1.dll
0x00007ff91a510000 - 0x00007ff91a5a1000 	c:\Users\Nitish\.vscode\extensions\redhat.java-1.20.0-win32-x64\jre\17.0.7-win32-x86_64\bin\msvcp140.dll
0x00007ff901d10000 - 0x00007ff902958000 	c:\Users\Nitish\.vscode\extensions\redhat.java-1.20.0-win32-x64\jre\17.0.7-win32-x86_64\bin\server\jvm.dll
0x00007ff9555d0000 - 0x00007ff95567f000 	C:\Windows\System32\ADVAPI32.dll
0x00007ff956360000 - 0x00007ff9563fc000 	C:\Windows\System32\sechost.dll
0x00007ff956230000 - 0x00007ff956356000 	C:\Windows\System32\RPCRT4.dll
0x00007ff937a10000 - 0x00007ff937a19000 	C:\Windows\SYSTEM32\WSOCK32.dll
0x00007ff9557d0000 - 0x00007ff95583b000 	C:\Windows\System32\WS2_32.dll
0x00007ff9519a0000 - 0x00007ff9519c7000 	C:\Windows\SYSTEM32\WINMM.dll
0x00007ff94c8a0000 - 0x00007ff94c8aa000 	C:\Windows\SYSTEM32\VERSION.dll
0x00007ff952550000 - 0x00007ff952562000 	C:\Windows\SYSTEM32\kernel.appcore.dll
0x00007ff942500000 - 0x00007ff94250a000 	c:\Users\Nitish\.vscode\extensions\redhat.java-1.20.0-win32-x64\jre\17.0.7-win32-x86_64\bin\jimage.dll
0x00007ff951750000 - 0x00007ff951934000 	C:\Windows\SYSTEM32\DBGHELP.DLL
0x00007ff951960000 - 0x00007ff951994000 	C:\Windows\SYSTEM32\dbgcore.DLL
0x00007ff954160000 - 0x00007ff9541e2000 	C:\Windows\System32\bcryptPrimitives.dll
0x00007ff942250000 - 0x00007ff94225e000 	c:\Users\Nitish\.vscode\extensions\redhat.java-1.20.0-win32-x64\jre\17.0.7-win32-x86_64\bin\instrument.dll
0x00007ff941890000 - 0x00007ff9418b5000 	c:\Users\Nitish\.vscode\extensions\redhat.java-1.20.0-win32-x64\jre\17.0.7-win32-x86_64\bin\java.dll
0x00007ff941820000 - 0x00007ff941838000 	c:\Users\Nitish\.vscode\extensions\redhat.java-1.20.0-win32-x64\jre\17.0.7-win32-x86_64\bin\zip.dll
0x00007ff955ae0000 - 0x00007ff956224000 	C:\Windows\System32\SHELL32.dll
0x00007ff951da0000 - 0x00007ff952533000 	C:\Windows\SYSTEM32\windows.storage.dll
0x00007ff955260000 - 0x00007ff9555b4000 	C:\Windows\System32\combase.dll
0x00007ff953680000 - 0x00007ff9536ae000 	C:\Windows\SYSTEM32\Wldp.dll
0x00007ff9551b0000 - 0x00007ff95525d000 	C:\Windows\System32\SHCORE.dll
0x00007ff955680000 - 0x00007ff9556d5000 	C:\Windows\System32\shlwapi.dll
0x00007ff953c50000 - 0x00007ff953c6f000 	C:\Windows\SYSTEM32\profapi.dll
0x00007ff941800000 - 0x00007ff941819000 	C:\Users\Nitish\.vscode\extensions\redhat.java-1.20.0-win32-x64\jre\17.0.7-win32-x86_64\bin\net.dll
0x00007ff94e460000 - 0x00007ff94e56a000 	C:\Windows\SYSTEM32\WINHTTP.dll
0x00007ff9533e0000 - 0x00007ff95344a000 	C:\Windows\system32\mswsock.dll
0x00007ff9417e0000 - 0x00007ff9417f5000 	C:\Users\Nitish\.vscode\extensions\redhat.java-1.20.0-win32-x64\jre\17.0.7-win32-x86_64\bin\nio.dll
0x00007ff941b10000 - 0x00007ff941b20000 	c:\Users\Nitish\.vscode\extensions\redhat.java-1.20.0-win32-x64\jre\17.0.7-win32-x86_64\bin\verify.dll
0x00007ff901140000 - 0x00007ff90117e000 	C:\Users\Nitish\AppData\Roaming\Code\User\globalStorage\redhat.java\1.20.0\config_ss_win\org.eclipse.equinox.launcher\org.eclipse.equinox.launcher.win32.win32.x86_64_1.2.700.v20221108-1024\eclipse_11801.dll
0x00007ff9558d0000 - 0x00007ff9559fa000 	C:\Windows\System32\ole32.dll

dbghelp: loaded successfully - version: 4.0.5 - missing functions: none
symbol engine: initialized successfully - sym options: 0x614 - pdb path: .;c:\Users\Nitish\.vscode\extensions\redhat.java-1.20.0-win32-x64\jre\17.0.7-win32-x86_64\bin;C:\Windows\SYSTEM32;C:\Windows\WinSxS\amd64_microsoft.windows.common-controls_6595b64144ccf1df_6.0.19041.1110_none_60b5254171f9507e;c:\Users\Nitish\.vscode\extensions\redhat.java-1.20.0-win32-x64\jre\17.0.7-win32-x86_64\bin\server;C:\Users\Nitish\AppData\Roaming\Code\User\globalStorage\redhat.java\1.20.0\config_ss_win\org.eclipse.equinox.launcher\org.eclipse.equinox.launcher.win32.win32.x86_64_1.2.700.v20221108-1024

VM Arguments:
jvm_args: --add-modules=ALL-SYSTEM --add-opens=java.base/java.util=ALL-UNNAMED --add-opens=java.base/java.lang=ALL-UNNAMED --add-opens=java.base/sun.nio.fs=ALL-UNNAMED -Declipse.application=org.eclipse.jdt.ls.core.id1 -Dosgi.bundles.defaultStartLevel=4 -Declipse.product=org.eclipse.jdt.ls.core.product -Djava.import.generatesMetadataFilesAtProjectRoot=false -Dfile.encoding=utf8 -XX:+UseParallelGC -XX:GCTimeRatio=4 -XX:AdaptiveSizePolicyWeight=90 -Dsun.zip.disableMemoryMapping=true -Xmx1G -Xms100m -Xlog:disable -javaagent:c:\Users\Nitish\.vscode\extensions\redhat.java-1.20.0-win32-x64\lombok\lombok-1.18.28.jar 
java_command: c:\Users\Nitish\.vscode\extensions\redhat.java-1.20.0-win32-x64\server\plugins\org.eclipse.equinox.launcher_1.6.500.v20230622-2056.jar -configuration c:\Users\Nitish\AppData\Roaming\Code\User\globalStorage\redhat.java\1.20.0\config_ss_win -data c:\Users\Nitish\AppData\Roaming\Code\User\workspaceStorage\30ac4f06b3502b363aba4d30d4dde98c\redhat.java\ss_ws
java_class_path (initial): c:\Users\Nitish\.vscode\extensions\redhat.java-1.20.0-win32-x64\server\plugins\org.eclipse.equinox.launcher_1.6.500.v20230622-2056.jar
Launcher Type: SUN_STANDARD

[Global flags]
    uintx AdaptiveSizePolicyWeight                 = 90                                        {product} {command line}
     intx CICompilerCount                          = 12                                        {product} {ergonomic}
    uintx GCTimeRatio                              = 4                                         {product} {command line}
   size_t InitialHeapSize                          = 104857600                                 {product} {command line}
   size_t MaxHeapSize                              = 1073741824                                {product} {command line}
   size_t MaxNewSize                               = 357564416                                 {product} {ergonomic}
   size_t MinHeapDeltaBytes                        = 524288                                    {product} {ergonomic}
   size_t MinHeapSize                              = 104857600                                 {product} {command line}
   size_t NewSize                                  = 34603008                                  {product} {ergonomic}
    uintx NonNMethodCodeHeapSize                   = 7602480                                {pd product} {ergonomic}
    uintx NonProfiledCodeHeapSize                  = 122027880                              {pd product} {ergonomic}
   size_t OldSize                                  = 70254592                                  {product} {ergonomic}
    uintx ProfiledCodeHeapSize                     = 122027880                              {pd product} {ergonomic}
    uintx ReservedCodeCacheSize                    = 251658240                              {pd product} {ergonomic}
     bool SegmentedCodeCache                       = true                                      {product} {ergonomic}
   size_t SoftMaxHeapSize                          = 1073741824                             {manageable} {ergonomic}
     bool UseCompressedClassPointers               = true                           {product lp64_product} {ergonomic}
     bool UseCompressedOops                        = true                           {product lp64_product} {ergonomic}
     bool UseLargePagesIndividualAllocation        = false                                  {pd product} {ergonomic}
     bool UseParallelGC                            = true                                      {product} {command line}

Logging:
Log output configuration:
 #0: stdout all=off uptime,level,tags
 #1: stderr all=off uptime,level,tags

Environment Variables:
JAVA_HOME=C:\Users\Nitish\AppData\Local\Programs\Eclipse Adoptium\jdk-17.0.3.7-hotspot\
PATH=C:\ProgramData\Oracle\Java\javapath;C:\Windows\system32;C:\Windows;C:\Windows\System32\Wbem;C:\Windows\System32\WindowsPowerShell\v1.0\;C:\Windows\System32\OpenSSH\;C:\Program Files (x86)\NVIDIA Corporation\PhysX\Common;C:\Program Files\NVIDIA Corporation\NVIDIA NvDLISR;C:\Program Files\dotnet\;C:\MinGW\bin;C:\Program Files\Cloudflare\Cloudflare WARP\;C:\Program Files\nodejs\;C:\Program Files\Git\cmd;C:\Users\Nitish\AppData\Local\Pub\Cache\bin;C:\Program Files\MySQL\MySQL Shell 8.0\bin\;C:\Users\Nitish\AppData\Local\Programs\Eclipse Adoptium\jdk-17.0.3.7-hotspot\bin;C:\Users\Nitish\AppData\Local\Programs\Python\Python310\Scripts\;C:\Users\Nitish\AppData\Local\Programs\Python\Python310\;C:\Users\Nitish\AppData\Local\Microsoft\WindowsApps;C:\Users\Nitish\AppData\Local\Programs\Microsoft VS Code\bin;C:\Users\Nitish\VIT (3)\paketriot\pktriot-0.14.1;C:\intelFPGA\18.1\modelsim_ase\win32aloem;C:\Users\Nitish\AppData\Roaming\npm;D:\flutter_windows_3.10.4-stable\flutter\bin;C:\Users\Nitish\AppData\Local\Android\Sdk\emulator;C:\Users\Nitish\AppData\Local\Pub\Cache\bin;
USERNAME=Nitish
OS=Windows_NT
PROCESSOR_IDENTIFIER=AMD64 Family 25 Model 80 Stepping 0, AuthenticAMD
TMP=C:\Users\Nitish\AppData\Local\Temp
TEMP=C:\Users\Nitish\AppData\Local\Temp



---------------  S Y S T E M  ---------------

OS:
 Windows 10 , 64 bit Build 19041 (10.0.19041.3031)
OS uptime: 0 days 5:06 hours

CPU: total 16 (initial active 16) (16 cores per cpu, 2 threads per core) family 25 model 80 stepping 0 microcode 0x0, cx8, cmov, fxsr, ht, mmx, 3dnowpref, sse, sse2, sse3, ssse3, sse4a, sse4.1, sse4.2, popcnt, lzcnt, tsc, tscinvbit, avx, avx2, aes, erms, clmul, bmi1, bmi2, adx, sha, fma, vzeroupper, clflush, clflushopt

Memory: 4k page, system-wide physical 15775M (2009M free)
TotalPageFile size 20795M (AvailPageFile size 5M)
current process WorkingSet (physical memory assigned to process): 91M, peak: 91M
current process commit charge ("private bytes"): 225M, peak: 226M

vm_info: OpenJDK 64-Bit Server VM (17.0.7+7) for windows-amd64 JRE (17.0.7+7), built on Apr 18 2023 22:10:42 by "temurin" with MS VC++ 16.7 (VS2019)

END.
