#
# There is insufficient memory for the Java Runtime Environment to continue.
# Native memory allocation (malloc) failed to allocate 177296 bytes for Chunk::new
# Possible reasons:
#   The system is out of physical RAM or swap space
#   The process is running with CompressedOops enabled, and the Java Heap may be blocking the growth of the native heap
# Possible solutions:
#   Reduce memory load on the system
#   Increase physical memory or swap space
#   Check if swap backing store is full
#   Decrease Java heap size (-Xmx/-Xms)
#   Decrease number of Java threads
#   Decrease Java thread stack sizes (-Xss)
#   Set larger code cache with -XX:ReservedCodeCacheSize=
#   JVM is running with Unscaled Compressed Oops mode in which the Java heap is
#     placed in the first 4GB address space. The Java Heap base address is the
#     maximum limit for the native heap growth. Please use -XX:HeapBaseMinAddress
#     to set the Java Heap base and to place the Java Heap above 4GB virtual address.
# This output file may be truncated or incomplete.
#
#  Out of Memory Error (arena.cpp:189), pid=11672, tid=4476
#
# JRE version: OpenJDK Runtime Environment Temurin-17.0.7+7 (17.0.7+7) (build 17.0.7+7)
# Java VM: OpenJDK 64-Bit Server VM Temurin-17.0.7+7 (17.0.7+7, mixed mode, tiered, compressed oops, compressed class ptrs, parallel gc, windows-amd64)
# No core dump will be written. Minidumps are not enabled by default on client versions of Windows
#

---------------  S U M M A R Y ------------

Command Line: --add-modules=ALL-SYSTEM --add-opens=java.base/java.util=ALL-UNNAMED --add-opens=java.base/java.lang=ALL-UNNAMED --add-opens=java.base/sun.nio.fs=ALL-UNNAMED -Declipse.application=org.eclipse.jdt.ls.core.id1 -Dosgi.bundles.defaultStartLevel=4 -Declipse.product=org.eclipse.jdt.ls.core.product -Djava.import.generatesMetadataFilesAtProjectRoot=false -Dfile.encoding=utf8 -XX:+UseParallelGC -XX:GCTimeRatio=4 -XX:AdaptiveSizePolicyWeight=90 -Dsun.zip.disableMemoryMapping=true -Xmx1G -Xms100m -Xlog:disable -javaagent:c:\Users\Nitish\.vscode\extensions\redhat.java-1.20.0-win32-x64\lombok\lombok-1.18.28.jar -XX:+HeapDumpOnOutOfMemoryError -XX:HeapDumpPath=c:\Users\Nitish\AppData\Roaming\Code\User\workspaceStorage\30ac4f06b3502b363aba4d30d4dde98c\redhat.java -Daether.dependencyCollector.impl=bf c:\Users\Nitish\.vscode\extensions\redhat.java-1.20.0-win32-x64\server\plugins\org.eclipse.equinox.launcher_1.6.500.v20230622-2056.jar -configuration c:\Users\Nitish\AppData\Roaming\Code\User\globalStorage\redhat.java\1.20.0\config_win -data c:\Users\Nitish\AppData\Roaming\Code\User\workspaceStorage\30ac4f06b3502b363aba4d30d4dde98c\redhat.java\jdt_ws

Host: AMD Ryzen 9 5900HS with Radeon Graphics        , 16 cores, 15G,  Windows 10 , 64 bit Build 19041 (10.0.19041.3031)
Time: Tue Jul  4 10:34:27 2023 India Standard Time elapsed time: 1.098249 seconds (0d 0h 0m 1s)

---------------  T H R E A D  ---------------

Current thread (0x000002a17585c790):  JavaThread "C2 CompilerThread0" daemon [_thread_in_native, id=4476, stack(0x000000e28cf00000,0x000000e28d000000)]


Current CompileTask:
C2:   1098 2233       4       java.util.Properties::loadConvert (540 bytes)

Stack: [0x000000e28cf00000,0x000000e28d000000]
Native frames: (J=compiled Java code, j=interpreted, Vv=VM code, C=native code)
V  [jvm.dll+0x67754a]
V  [jvm.dll+0x834304]
V  [jvm.dll+0x835aae]
V  [jvm.dll+0x836113]
V  [jvm.dll+0x24696f]
V  [jvm.dll+0xac0ac]
V  [jvm.dll+0xac67c]
V  [jvm.dll+0x2adbef]
V  [jvm.dll+0x580067]
V  [jvm.dll+0x221e72]
V  [jvm.dll+0x22224f]
V  [jvm.dll+0x21b4a5]
V  [jvm.dll+0x21895b]
V  [jvm.dll+0x1a4d8d]
V  [jvm.dll+0x2284da]
V  [jvm.dll+0x226615]
V  [jvm.dll+0x7ea90b]
V  [jvm.dll+0x7e4e7a]
V  [jvm.dll+0x676395]
C  [ucrtbase.dll+0x21bb2]
C  [KERNEL32.DLL+0x17614]
C  [ntdll.dll+0x526f1]


---------------  P R O C E S S  ---------------

Threads class SMR info:
_java_thread_list=0x000002a1787790a0, length=23, elements={
0x000002a15c64f300, 0x000002a1704ceb30, 0x000002a1704d1090, 0x000002a1704d9310,
0x000002a1704d9e90, 0x000002a1704db3e0, 0x000002a1704de800, 0x000002a17585c790,
0x000002a17585d4f0, 0x000002a1758711a0, 0x000002a1759daf00, 0x000002a1759e7550,
0x000002a1759e7a60, 0x000002a1759fb7b0, 0x000002a175b43b10, 0x000002a1759d9220,
0x000002a1778e7530, 0x000002a1759d7a10, 0x000002a1759d8d50, 0x000002a1759d96f0,
0x000002a1759d9bc0, 0x000002a1759d7ee0, 0x000002a1759da090
}

Java Threads: ( => current thread )
  0x000002a15c64f300 JavaThread "main" [_thread_blocked, id=3284, stack(0x000000e28c600000,0x000000e28c700000)]
  0x000002a1704ceb30 JavaThread "Reference Handler" daemon [_thread_blocked, id=4188, stack(0x000000e28c900000,0x000000e28ca00000)]
  0x000002a1704d1090 JavaThread "Finalizer" daemon [_thread_blocked, id=22248, stack(0x000000e28ca00000,0x000000e28cb00000)]
  0x000002a1704d9310 JavaThread "Signal Dispatcher" daemon [_thread_blocked, id=23720, stack(0x000000e28cb00000,0x000000e28cc00000)]
  0x000002a1704d9e90 JavaThread "Attach Listener" daemon [_thread_blocked, id=15688, stack(0x000000e28cc00000,0x000000e28cd00000)]
  0x000002a1704db3e0 JavaThread "Service Thread" daemon [_thread_blocked, id=9480, stack(0x000000e28cd00000,0x000000e28ce00000)]
  0x000002a1704de800 JavaThread "Monitor Deflation Thread" daemon [_thread_blocked, id=19632, stack(0x000000e28ce00000,0x000000e28cf00000)]
=>0x000002a17585c790 JavaThread "C2 CompilerThread0" daemon [_thread_in_native, id=4476, stack(0x000000e28cf00000,0x000000e28d000000)]
  0x000002a17585d4f0 JavaThread "C1 CompilerThread0" daemon [_thread_in_vm, id=20032, stack(0x000000e28d000000,0x000000e28d100000)]
  0x000002a1758711a0 JavaThread "Sweeper thread" daemon [_thread_blocked, id=2912, stack(0x000000e28d100000,0x000000e28d200000)]
  0x000002a1759daf00 JavaThread "Common-Cleaner" daemon [_thread_blocked, id=23704, stack(0x000000e28d200000,0x000000e28d300000)]
  0x000002a1759e7550 JavaThread "C1 CompilerThread1" daemon [_thread_in_vm, id=14020, stack(0x000000e28d300000,0x000000e28d400000)]
  0x000002a1759e7a60 JavaThread "C1 CompilerThread2" daemon [_thread_blocked, id=13880, stack(0x000000e28d400000,0x000000e28d500000)]
  0x000002a1759fb7b0 JavaThread "C2 CompilerThread1" daemon [_thread_in_native, id=7144, stack(0x000000e28d500000,0x000000e28d600000)]
  0x000002a175b43b10 JavaThread "C1 CompilerThread3" daemon [_thread_blocked, id=19052, stack(0x000000e28d600000,0x000000e28d700000)]
  0x000002a1759d9220 JavaThread "Notification Thread" daemon [_thread_blocked, id=22120, stack(0x000000e28d700000,0x000000e28d800000)]
  0x000002a1778e7530 JavaThread "C2 CompilerThread2" daemon [_thread_in_native, id=24316, stack(0x000000e28d900000,0x000000e28da00000)]
  0x000002a1759d7a10 JavaThread "Active Thread: Equinox Container: cfea7877-57c3-4be0-a274-d676d846b310" [_thread_blocked, id=12876, stack(0x000000e28da00000,0x000000e28db00000)]
  0x000002a1759d8d50 JavaThread "Framework Event Dispatcher: Equinox Container: cfea7877-57c3-4be0-a274-d676d846b310" daemon [_thread_blocked, id=21512, stack(0x000000e28e000000,0x000000e28e100000)]
  0x000002a1759d96f0 JavaThread "Start Level: Equinox Container: cfea7877-57c3-4be0-a274-d676d846b310" daemon [_thread_in_native, id=24476, stack(0x000000e28e100000,0x000000e28e200000)]
  0x000002a1759d9bc0 JavaThread "SCR Component Actor" daemon [_thread_blocked, id=23276, stack(0x000000e28e200000,0x000000e28e300000)]
  0x000002a1759d7ee0 JavaThread "SCR Component Registry" daemon [_thread_blocked, id=18664, stack(0x000000e28e500000,0x000000e28e600000)]
  0x000002a1759da090 JavaThread "Worker-JM" [_thread_blocked, id=21200, stack(0x000000e28e600000,0x000000e28e700000)]

Other Threads:
  0x000002a175835d70 VMThread "VM Thread" [stack: 0x000000e28c800000,0x000000e28c900000] [id=15968]
  0x000002a175b6e9d0 WatcherThread [stack: 0x000000e28d800000,0x000000e28d900000] [id=21576]
  0x000002a15c664c50 GCTaskThread "GC Thread#0" [stack: 0x000000e28c700000,0x000000e28c800000] [id=24232]
  0x000002a177e30d00 GCTaskThread "GC Thread#1" [stack: 0x000000e28db00000,0x000000e28dc00000] [id=22084]
  0x000002a177f50100 GCTaskThread "GC Thread#2" [stack: 0x000000e28dc00000,0x000000e28dd00000] [id=17028]
  0x000002a177f503b0 GCTaskThread "GC Thread#3" [stack: 0x000000e28dd00000,0x000000e28de00000] [id=21596]
  0x000002a177f50c70 GCTaskThread "GC Thread#4" [stack: 0x000000e28de00000,0x000000e28df00000] [id=8596]
  0x000002a177f51740 GCTaskThread "GC Thread#5" [stack: 0x000000e28df00000,0x000000e28e000000] [id=15960]
  0x000002a1781179d0 GCTaskThread "GC Thread#6" [stack: 0x000000e28e300000,0x000000e28e400000] [id=5292]
  0x000002a1787f7020 GCTaskThread "GC Thread#7" [stack: 0x000000e28e400000,0x000000e28e500000] [id=3520]

Threads with active compile tasks:
C2 CompilerThread0     1111 2233       4       java.util.Properties::loadConvert (540 bytes)
C2 CompilerThread1     1111 2232 %     4       java.util.Properties$LineReader::readLine @ 53 (584 bytes)

VM state: not at safepoint (normal execution)

VM Mutex/Monitor currently owned by a thread: None

Heap address: 0x00000000c0000000, size: 1024 MB, Compressed Oops mode: 32-bit

CDS archive(s) not mapped
Compressed class space mapped at: 0x0000000100000000-0x0000000140000000, reserved size: 1073741824
Narrow klass base: 0x0000000000000000, Narrow klass shift: 3, Narrow klass range: 0x140000000

GC Precious Log:
 CPUs: 16 total, 16 available
 Memory: 15775M
 Large Page Support: Disabled
 NUMA Support: Disabled
 Compressed Oops: Enabled (32-bit)
 Alignments: Space 512K, Generation 512K, Heap 2M
 Heap Min Capacity: 100M
 Heap Initial Capacity: 100M
 Heap Max Capacity: 1G
 Pre-touch: Disabled
 Parallel Workers: 13

Heap:
 PSYoungGen      total 29696K, used 28283K [0x00000000eab00000, 0x00000000ecc00000, 0x0000000100000000)
  eden space 25600K, 94% used [0x00000000eab00000,0x00000000ec29f110,0x00000000ec400000)
  from space 4096K, 99% used [0x00000000ec800000,0x00000000ecbffbe8,0x00000000ecc00000)
  to   space 4096K, 0% used [0x00000000ec400000,0x00000000ec400000,0x00000000ec800000)
 ParOldGen       total 68608K, used 1316K [0x00000000c0000000, 0x00000000c4300000, 0x00000000eab00000)
  object space 68608K, 1% used [0x00000000c0000000,0x00000000c0149040,0x00000000c4300000)
 Metaspace       used 19435K, committed 19776K, reserved 1114112K
  class space    used 1964K, committed 2112K, reserved 1048576K

Card table byte_map: [0x000002a15c000000,0x000002a15c210000] _byte_map_base: 0x000002a15ba00000

Marking Bits: (ParMarkBitMap*) 0x00007ff9028952c0
 Begin Bits: [0x000002a16e2e0000, 0x000002a16f2e0000)
 End Bits:   [0x000002a16f2e0000, 0x000002a1702e0000)

Polling page: 0x000002a15a600000

Metaspace:

Usage:
  Non-class:     17.06 MB used.
      Class:      1.92 MB used.
       Both:     18.98 MB used.

Virtual space:
  Non-class space:       64.00 MB reserved,      17.25 MB ( 27%) committed,  1 nodes.
      Class space:        1.00 GB reserved,       2.06 MB ( <1%) committed,  1 nodes.
             Both:        1.06 GB reserved,      19.31 MB (  2%) committed. 

Chunk freelists:
   Non-Class:  14.63 MB
       Class:  13.91 MB
        Both:  28.54 MB

MaxMetaspaceSize: unlimited
CompressedClassSpaceSize: 1.00 GB
Initial GC threshold: 21.00 MB
Current GC threshold: 21.00 MB
CDS: off
MetaspaceReclaimPolicy: balanced
 - commit_granule_bytes: 65536.
 - commit_granule_words: 8192.
 - virtual_space_node_default_size: 8388608.
 - enlarge_chunks_in_place: 1.
 - new_chunks_are_fully_committed: 0.
 - uncommit_free_chunks: 1.
 - use_allocation_guard: 0.
 - handle_deallocations: 1.


Internal statistics:

num_allocs_failed_limit: 0.
num_arena_births: 156.
num_arena_deaths: 0.
num_vsnodes_births: 2.
num_vsnodes_deaths: 0.
num_space_committed: 309.
num_space_uncommitted: 0.
num_chunks_returned_to_freelist: 0.
num_chunks_taken_from_freelist: 550.
num_chunk_merges: 0.
num_chunk_splits: 362.
num_chunks_enlarged: 254.
num_inconsistent_stats: 0.

CodeHeap 'non-profiled nmethods': size=119168Kb used=857Kb max_used=857Kb free=118310Kb
 bounds [0x000002a166e80000, 0x000002a1670f0000, 0x000002a16e2e0000]
CodeHeap 'profiled nmethods': size=119104Kb used=4656Kb max_used=4656Kb free=114448Kb
 bounds [0x000002a15f2e0000, 0x000002a15f770000, 0x000002a166730000]
CodeHeap 'non-nmethods': size=7488Kb used=2870Kb max_used=2907Kb free=4617Kb
 bounds [0x000002a166730000, 0x000002a166a10000, 0x000002a166e80000]
 total_blobs=2760 nmethods=2278 adapters=393
 compilation: enabled
              stopped_count=0, restarted_count=0
 full_count=0

Compilation events (20 events):
Event: 1.091 Thread 0x000002a17585c790 2233       4       java.util.Properties::loadConvert (540 bytes)
Event: 1.092 Thread 0x000002a1759e7a60 nmethod 2227 0x000002a15f751410 code [0x000002a15f7515a0, 0x000002a15f751718]
Event: 1.092 Thread 0x000002a1759e7a60 2229       3       java.lang.reflect.Field::getRoot (5 bytes)
Event: 1.092 Thread 0x000002a1759e7a60 nmethod 2229 0x000002a15f751790 code [0x000002a15f751920, 0x000002a15f751a38]
Event: 1.092 Thread 0x000002a1759e7a60 2230       3       jdk.internal.reflect.UnsafeFieldAccessorFactory::newFieldAccessor (638 bytes)
Event: 1.092 Thread 0x000002a17585d4f0 nmethod 2226 0x000002a15f751b10 code [0x000002a15f751d00, 0x000002a15f752218]
Event: 1.092 Thread 0x000002a17585d4f0 2231       3       jdk.internal.reflect.UnsafeStaticFieldAccessorImpl::<init> (17 bytes)
Event: 1.092 Thread 0x000002a17585d4f0 nmethod 2231 0x000002a15f755d90 code [0x000002a15f755f60, 0x000002a15f756268]
Event: 1.092 Thread 0x000002a175b43b10 nmethod 2211 0x000002a15f752390 code [0x000002a15f752900, 0x000002a15f7551f8]
Event: 1.092 Thread 0x000002a1759e7550 nmethod 2228 0x000002a15f756390 code [0x000002a15f756580, 0x000002a15f756b98]
Event: 1.093 Thread 0x000002a1759e7a60 nmethod 2230 0x000002a15f756e90 code [0x000002a15f757600, 0x000002a15f75a3d8]
Event: 1.095 Thread 0x000002a1759e7550 2234   !   3       java.util.Collections$SynchronizedMap::get (25 bytes)
Event: 1.095 Thread 0x000002a17585d4f0 2235       1       org.eclipse.core.internal.registry.ReferenceMap$SoftRef::getKey (5 bytes)
Event: 1.095 Thread 0x000002a175b43b10 2236       1       org.eclipse.core.internal.registry.Handle::getId (5 bytes)
Event: 1.095 Thread 0x000002a17585d4f0 nmethod 2235 0x000002a166f50610 code [0x000002a166f507a0, 0x000002a166f50878]
Event: 1.095 Thread 0x000002a175b43b10 nmethod 2236 0x000002a166f50910 code [0x000002a166f50aa0, 0x000002a166f50b78]
Event: 1.095 Thread 0x000002a1759e7550 nmethod 2234 0x000002a15f75b210 code [0x000002a15f75b3c0, 0x000002a15f75b668]
Event: 1.095 Thread 0x000002a175b43b10 2237       3       java.lang.invoke.MethodTypeForm::cachedLambdaForm (23 bytes)
Event: 1.095 Thread 0x000002a175b43b10 nmethod 2237 0x000002a15f75b790 code [0x000002a15f75b940, 0x000002a15f75bc88]
Event: 1.096 Thread 0x000002a1778e7530 2238   !   4       org.eclipse.osgi.internal.framework.EquinoxContainer::getServiceRegistry (17 bytes)

GC Heap History (4 events):
Event: 0.489 GC heap before
{Heap before GC invocations=1 (full 0):
 PSYoungGen      total 29696K, used 25600K [0x00000000eab00000, 0x00000000ecc00000, 0x0000000100000000)
  eden space 25600K, 100% used [0x00000000eab00000,0x00000000ec400000,0x00000000ec400000)
  from space 4096K, 0% used [0x00000000ec800000,0x00000000ec800000,0x00000000ecc00000)
  to   space 4096K, 0% used [0x00000000ec400000,0x00000000ec400000,0x00000000ec800000)
 ParOldGen       total 68608K, used 0K [0x00000000c0000000, 0x00000000c4300000, 0x00000000eab00000)
  object space 68608K, 0% used [0x00000000c0000000,0x00000000c0000000,0x00000000c4300000)
 Metaspace       used 10761K, committed 10880K, reserved 1114112K
  class space    used 1069K, committed 1088K, reserved 1048576K
}
Event: 0.493 GC heap after
{Heap after GC invocations=1 (full 0):
 PSYoungGen      total 29696K, used 3032K [0x00000000eab00000, 0x00000000ecc00000, 0x0000000100000000)
  eden space 25600K, 0% used [0x00000000eab00000,0x00000000eab00000,0x00000000ec400000)
  from space 4096K, 74% used [0x00000000ec400000,0x00000000ec6f63b8,0x00000000ec800000)
  to   space 4096K, 0% used [0x00000000ec800000,0x00000000ec800000,0x00000000ecc00000)
 ParOldGen       total 68608K, used 16K [0x00000000c0000000, 0x00000000c4300000, 0x00000000eab00000)
  object space 68608K, 0% used [0x00000000c0000000,0x00000000c0004000,0x00000000c4300000)
 Metaspace       used 10761K, committed 10880K, reserved 1114112K
  class space    used 1069K, committed 1088K, reserved 1048576K
}
Event: 0.829 GC heap before
{Heap before GC invocations=2 (full 0):
 PSYoungGen      total 29696K, used 28632K [0x00000000eab00000, 0x00000000ecc00000, 0x0000000100000000)
  eden space 25600K, 99% used [0x00000000eab00000,0x00000000ec3fffe0,0x00000000ec400000)
  from space 4096K, 74% used [0x00000000ec400000,0x00000000ec6f63b8,0x00000000ec800000)
  to   space 4096K, 0% used [0x00000000ec800000,0x00000000ec800000,0x00000000ecc00000)
 ParOldGen       total 68608K, used 16K [0x00000000c0000000, 0x00000000c4300000, 0x00000000eab00000)
  object space 68608K, 0% used [0x00000000c0000000,0x00000000c0004000,0x00000000c4300000)
 Metaspace       used 14537K, committed 14720K, reserved 1114112K
  class space    used 1459K, committed 1536K, reserved 1048576K
}
Event: 0.832 GC heap after
{Heap after GC invocations=2 (full 0):
 PSYoungGen      total 29696K, used 4094K [0x00000000eab00000, 0x00000000ecc00000, 0x0000000100000000)
  eden space 25600K, 0% used [0x00000000eab00000,0x00000000eab00000,0x00000000ec400000)
  from space 4096K, 99% used [0x00000000ec800000,0x00000000ecbffbe8,0x00000000ecc00000)
  to   space 4096K, 0% used [0x00000000ec400000,0x00000000ec400000,0x00000000ec800000)
 ParOldGen       total 68608K, used 1316K [0x00000000c0000000, 0x00000000c4300000, 0x00000000eab00000)
  object space 68608K, 1% used [0x00000000c0000000,0x00000000c0149040,0x00000000c4300000)
 Metaspace       used 14537K, committed 14720K, reserved 1114112K
  class space    used 1459K, committed 1536K, reserved 1048576K
}

Dll operation events (9 events):
Event: 0.005 Loaded shared library c:\Users\Nitish\.vscode\extensions\redhat.java-1.20.0-win32-x64\jre\17.0.7-win32-x86_64\bin\java.dll
Event: 0.095 Loaded shared library c:\Users\Nitish\.vscode\extensions\redhat.java-1.20.0-win32-x64\jre\17.0.7-win32-x86_64\bin\zip.dll
Event: 0.098 Loaded shared library C:\Users\Nitish\.vscode\extensions\redhat.java-1.20.0-win32-x64\jre\17.0.7-win32-x86_64\bin\instrument.dll
Event: 0.107 Loaded shared library C:\Users\Nitish\.vscode\extensions\redhat.java-1.20.0-win32-x64\jre\17.0.7-win32-x86_64\bin\net.dll
Event: 0.108 Loaded shared library C:\Users\Nitish\.vscode\extensions\redhat.java-1.20.0-win32-x64\jre\17.0.7-win32-x86_64\bin\nio.dll
Event: 0.113 Loaded shared library C:\Users\Nitish\.vscode\extensions\redhat.java-1.20.0-win32-x64\jre\17.0.7-win32-x86_64\bin\zip.dll
Event: 0.123 Loaded shared library C:\Users\Nitish\.vscode\extensions\redhat.java-1.20.0-win32-x64\jre\17.0.7-win32-x86_64\bin\jimage.dll
Event: 0.158 Loaded shared library c:\Users\Nitish\.vscode\extensions\redhat.java-1.20.0-win32-x64\jre\17.0.7-win32-x86_64\bin\verify.dll
Event: 0.787 Loaded shared library C:\Users\Nitish\AppData\Roaming\Code\User\globalStorage\redhat.java\1.20.0\config_win\org.eclipse.equinox.launcher\org.eclipse.equinox.launcher.win32.win32.x86_64_1.2.700.v20221108-1024\eclipse_11801.dll

Deoptimization events (20 events):
Event: 1.041 Thread 0x000002a1759d96f0 Uncommon trap: trap_request=0xffffffc6 fr.pc=0x000002a166f36d18 relative=0x0000000000000358
Event: 1.041 Thread 0x000002a1759d96f0 Uncommon trap: reason=bimorphic_or_optimized_type_check action=maybe_recompile pc=0x000002a166f36d18 method=java.io.DataInputStream.readByte()B @ 4 c2
Event: 1.041 Thread 0x000002a1759d96f0 DEOPT PACKING pc=0x000002a166f36d18 sp=0x000000e28e1f85b0
Event: 1.041 Thread 0x000002a1759d96f0 DEOPT UNPACKING pc=0x000002a1667866a3 sp=0x000000e28e1f8568 mode 2
Event: 1.041 Thread 0x000002a1759d96f0 Uncommon trap: trap_request=0xffffffc6 fr.pc=0x000002a166f36d18 relative=0x0000000000000358
Event: 1.041 Thread 0x000002a1759d96f0 Uncommon trap: reason=bimorphic_or_optimized_type_check action=maybe_recompile pc=0x000002a166f36d18 method=java.io.DataInputStream.readByte()B @ 4 c2
Event: 1.041 Thread 0x000002a1759d96f0 DEOPT PACKING pc=0x000002a166f36d18 sp=0x000000e28e1f85b0
Event: 1.041 Thread 0x000002a1759d96f0 DEOPT UNPACKING pc=0x000002a1667866a3 sp=0x000000e28e1f8568 mode 2
Event: 1.041 Thread 0x000002a1759d96f0 Uncommon trap: trap_request=0xffffffc6 fr.pc=0x000002a166f3874c relative=0x0000000000000d0c
Event: 1.041 Thread 0x000002a1759d96f0 Uncommon trap: reason=bimorphic_or_optimized_type_check action=maybe_recompile pc=0x000002a166f3874c method=java.io.DataInputStream.readInt()I @ 4 c2
Event: 1.041 Thread 0x000002a1759d96f0 DEOPT PACKING pc=0x000002a166f3874c sp=0x000000e28e1f85c0
Event: 1.041 Thread 0x000002a1759d96f0 DEOPT UNPACKING pc=0x000002a1667866a3 sp=0x000000e28e1f8570 mode 2
Event: 1.041 Thread 0x000002a1759d96f0 Uncommon trap: trap_request=0xffffffc6 fr.pc=0x000002a166f3874c relative=0x0000000000000d0c
Event: 1.041 Thread 0x000002a1759d96f0 Uncommon trap: reason=bimorphic_or_optimized_type_check action=maybe_recompile pc=0x000002a166f3874c method=java.io.DataInputStream.readInt()I @ 4 c2
Event: 1.041 Thread 0x000002a1759d96f0 DEOPT PACKING pc=0x000002a166f3874c sp=0x000000e28e1f85c0
Event: 1.041 Thread 0x000002a1759d96f0 DEOPT UNPACKING pc=0x000002a1667866a3 sp=0x000000e28e1f8570 mode 2
Event: 1.041 Thread 0x000002a1759d96f0 Uncommon trap: trap_request=0xffffffc6 fr.pc=0x000002a166f3874c relative=0x0000000000000d0c
Event: 1.041 Thread 0x000002a1759d96f0 Uncommon trap: reason=bimorphic_or_optimized_type_check action=maybe_recompile pc=0x000002a166f3874c method=java.io.DataInputStream.readInt()I @ 4 c2
Event: 1.041 Thread 0x000002a1759d96f0 DEOPT PACKING pc=0x000002a166f3874c sp=0x000000e28e1f85c0
Event: 1.041 Thread 0x000002a1759d96f0 DEOPT UNPACKING pc=0x000002a1667866a3 sp=0x000000e28e1f8570 mode 2

Classes unloaded (0 events):
No events

Classes redefined (0 events):
No events

Internal exceptions (20 events):
Event: 0.451 Thread 0x000002a15c64f300 Exception <a 'java/io/FileNotFoundException'{0x00000000ec1abdd8}> (0x00000000ec1abdd8) 
thrown [s\src\hotspot\share\prims\jni.cpp, line 516]
Event: 0.470 Thread 0x000002a15c64f300 Implicit null exception at 0x000002a166ed8d7b to 0x000002a166ed9718
Event: 0.471 Thread 0x000002a15c64f300 Implicit null exception at 0x000002a166ed326c to 0x000002a166ed3448
Event: 0.471 Thread 0x000002a15c64f300 Implicit null exception at 0x000002a166ecbc6c to 0x000002a166ecbe3c
Event: 0.471 Thread 0x000002a15c64f300 Implicit null exception at 0x000002a166ec378f to 0x000002a166ec3805
Event: 0.503 Thread 0x000002a15c64f300 Exception <a 'java/lang/NoSuchMethodError'{0x00000000eab77158}: 'int java.lang.invoke.DirectMethodHandle$Holder.invokeStaticInit(java.lang.Object, java.lang.Object, java.lang.Object, java.lang.Object)'> (0x00000000eab77158) 
thrown [s\src\hotspot\share\interpreter\linkResolver.cpp, line 759]
Event: 0.504 Thread 0x000002a15c64f300 Exception <a 'java/lang/NoSuchMethodError'{0x00000000eabc1b30}: 'java.lang.Object java.lang.invoke.DirectMethodHandle$Holder.invokeInterface(java.lang.Object, java.lang.Object)'> (0x00000000eabc1b30) 
thrown [s\src\hotspot\share\interpreter\linkResolver.cpp, line 759]
Event: 0.504 Thread 0x000002a15c64f300 Exception <a 'java/lang/IncompatibleClassChangeError'{0x00000000eabc5328}: Found class java.lang.Object, but interface was expected> (0x00000000eabc5328) 
thrown [s\src\hotspot\share\interpreter\linkResolver.cpp, line 826]
Event: 0.504 Thread 0x000002a15c64f300 Exception <a 'java/lang/NoSuchMethodError'{0x00000000eabc9820}: 'void java.lang.invoke.DirectMethodHandle$Holder.invokeStatic(java.lang.Object, java.lang.Object)'> (0x00000000eabc9820) 
thrown [s\src\hotspot\share\interpreter\linkResolver.cpp, line 759]
Event: 0.504 Thread 0x000002a15c64f300 Exception <a 'java/lang/NoSuchMethodError'{0x00000000eabcd020}: 'void java.lang.invoke.DirectMethodHandle$Holder.invokeStaticInit(java.lang.Object, java.lang.Object)'> (0x00000000eabcd020) 
thrown [s\src\hotspot\share\interpreter\linkResolver.cpp, line 759]
Event: 0.505 Thread 0x000002a15c64f300 Exception <a 'java/lang/NoSuchMethodError'{0x00000000eabd4558}: 'int java.lang.invoke.DirectMethodHandle$Holder.invokeStaticInit(java.lang.Object, java.lang.Object)'> (0x00000000eabd4558) 
thrown [s\src\hotspot\share\interpreter\linkResolver.cpp, line 759]
Event: 0.529 Thread 0x000002a15c64f300 Exception <a 'java/lang/NoSuchMethodError'{0x00000000ead9bdd0}: 'void java.lang.invoke.DirectMethodHandle$Holder.invokeSpecial(java.lang.Object, java.lang.Object, java.lang.Object)'> (0x00000000ead9bdd0) 
thrown [s\src\hotspot\share\interpreter\linkResolver.cpp, line 759]
Event: 0.682 Thread 0x000002a15c64f300 Exception <a 'java/lang/NoSuchMethodError'{0x00000000ebaa0210}: 'java.lang.Object java.lang.invoke.DirectMethodHandle$Holder.newInvokeSpecial(java.lang.Object, int, java.lang.Object)'> (0x00000000ebaa0210) 
thrown [s\src\hotspot\share\interpreter\linkResolver.cpp, line 759]
Event: 0.785 Thread 0x000002a15c64f300 Exception <a 'java/lang/UnsatisfiedLinkError'{0x00000000ec034c88}: 'void org.eclipse.equinox.launcher.JNIBridge._update_splash()'> (0x00000000ec034c88) 
thrown [s\src\hotspot\share\prims\nativeLookup.cpp, line 543]
Event: 0.811 Thread 0x000002a1759d96f0 Exception <a 'java/lang/NoSuchMethodError'{0x00000000ec2a6000}: 'java.lang.Object java.lang.invoke.DirectMethodHandle$Holder.invokeStaticInit(java.lang.Object)'> (0x00000000ec2a6000) 
thrown [s\src\hotspot\share\interpreter\linkResolver.cpp, line 759]
Event: 0.935 Thread 0x000002a1759d96f0 Exception <a 'java/io/FileNotFoundException'{0x00000000eb6180f8}> (0x00000000eb6180f8) 
thrown [s\src\hotspot\share\prims\jni.cpp, line 516]
Event: 0.943 Thread 0x000002a1759d96f0 Exception <a 'java/lang/NullPointerException'{0x00000000eb66efa8}> (0x00000000eb66efa8) 
thrown [s\src\hotspot\share\interpreter\linkResolver.cpp, line 1350]
Event: 0.943 Thread 0x000002a1759d96f0 Exception <a 'java/lang/NullPointerException'{0x00000000eb66f7d0}> (0x00000000eb66f7d0) 
thrown [s\src\hotspot\share\interpreter\linkResolver.cpp, line 1350]
Event: 1.002 Thread 0x000002a1759d96f0 Exception <a 'java/lang/NoSuchMethodError'{0x00000000eb9b6498}: 'java.lang.Object java.lang.invoke.Invokers$Holder.invokeExact_MT(java.lang.Object, java.lang.Object, java.lang.Object, java.lang.Object, java.lang.Object, java.lang.Object)'> (0x00000000eb9b6498) 
thrown [s\src\hotspot\share\interpreter\linkResolver.cpp, line 759]
Event: 1.059 Thread 0x000002a1759d96f0 Exception <a 'java/lang/NoSuchMethodError'{0x00000000ebe342c0}: 'void java.lang.invoke.DirectMethodHandle$Holder.invokeInterface(java.lang.Object, java.lang.Object, java.lang.Object)'> (0x00000000ebe342c0) 
thrown [s\src\hotspot\share\interpreter\linkResolver.cpp, line 759]

VM Operations (20 events):
Event: 0.486 Executing VM operation: ICBufferFull
Event: 0.486 Executing VM operation: ICBufferFull done
Event: 0.489 Executing VM operation: ParallelGCFailedAllocation
Event: 0.493 Executing VM operation: ParallelGCFailedAllocation done
Event: 0.668 Executing VM operation: HandshakeAllThreads
Event: 0.668 Executing VM operation: HandshakeAllThreads done
Event: 0.668 Executing VM operation: HandshakeAllThreads
Event: 0.668 Executing VM operation: HandshakeAllThreads done
Event: 0.671 Executing VM operation: HandshakeAllThreads
Event: 0.671 Executing VM operation: HandshakeAllThreads done
Event: 0.678 Executing VM operation: HandshakeAllThreads
Event: 0.678 Executing VM operation: HandshakeAllThreads done
Event: 0.711 Executing VM operation: ICBufferFull
Event: 0.711 Executing VM operation: ICBufferFull done
Event: 0.820 Executing VM operation: HandshakeAllThreads
Event: 0.820 Executing VM operation: HandshakeAllThreads done
Event: 0.829 Executing VM operation: ParallelGCFailedAllocation
Event: 0.832 Executing VM operation: ParallelGCFailedAllocation done
Event: 1.041 Executing VM operation: HandshakeAllThreads
Event: 1.041 Executing VM operation: HandshakeAllThreads done

Events (20 events):
Event: 1.046 loading class java/util/Formatter$FormatString
Event: 1.046 loading class java/util/Formatter$FormatString done
Event: 1.046 loading class java/util/Formatter$FixedString done
Event: 1.046 loading class java/util/Formatter$Conversion
Event: 1.046 loading class java/util/Formatter$Conversion done
Event: 1.046 loading class java/util/Formatter$FormatSpecifier
Event: 1.046 loading class java/util/Formatter$FormatSpecifier done
Event: 1.046 loading class java/util/Formatter$Flags
Event: 1.047 loading class java/util/Formatter$Flags done
Event: 1.047 loading class java/util/Formattable
Event: 1.047 loading class java/util/Formattable done
Event: 1.058 loading class java/util/concurrent/TimeoutException
Event: 1.058 loading class java/util/concurrent/TimeoutException done
Event: 1.063 Thread 0x000002a1759da090 Thread added: 0x000002a1759da090
Event: 1.064 loading class java/net/URISyntaxException
Event: 1.064 loading class java/net/URISyntaxException done
Event: 1.075 loading class jdk/internal/reflect/UnsafeStaticObjectFieldAccessorImpl
Event: 1.076 loading class jdk/internal/reflect/UnsafeStaticObjectFieldAccessorImpl done
Event: 1.087 loading class java/lang/AbstractMethodError
Event: 1.087 loading class java/lang/AbstractMethodError done


Dynamic libraries:
0x00007ff6f6f80000 - 0x00007ff6f6f8e000 	c:\Users\Nitish\.vscode\extensions\redhat.java-1.20.0-win32-x64\jre\17.0.7-win32-x86_64\bin\java.exe
0x00007ff956630000 - 0x00007ff956828000 	C:\Windows\SYSTEM32\ntdll.dll
0x00007ff954d00000 - 0x00007ff954dbf000 	C:\Windows\System32\KERNEL32.DLL
0x00007ff953e60000 - 0x00007ff954156000 	C:\Windows\System32\KERNELBASE.dll
0x00007ff954590000 - 0x00007ff954690000 	C:\Windows\System32\ucrtbase.dll
0x00007ff941bd0000 - 0x00007ff941be7000 	c:\Users\Nitish\.vscode\extensions\redhat.java-1.20.0-win32-x64\jre\17.0.7-win32-x86_64\bin\jli.dll
0x00007ff9418c0000 - 0x00007ff9418d9000 	c:\Users\Nitish\.vscode\extensions\redhat.java-1.20.0-win32-x64\jre\17.0.7-win32-x86_64\bin\VCRUNTIME140.dll
0x00007ff955010000 - 0x00007ff9551ad000 	C:\Windows\System32\USER32.dll
0x00007ff954400000 - 0x00007ff954422000 	C:\Windows\System32\win32u.dll
0x00007ff944d30000 - 0x00007ff944fca000 	C:\Windows\WinSxS\amd64_microsoft.windows.common-controls_6595b64144ccf1df_6.0.19041.1110_none_60b5254171f9507e\COMCTL32.dll
0x00007ff954770000 - 0x00007ff95479c000 	C:\Windows\System32\GDI32.dll
0x00007ff954dc0000 - 0x00007ff954e5e000 	C:\Windows\System32\msvcrt.dll
0x00007ff953d40000 - 0x00007ff953e55000 	C:\Windows\System32\gdi32full.dll
0x00007ff954260000 - 0x00007ff9542fd000 	C:\Windows\System32\msvcp_win.dll
0x00007ff955a00000 - 0x00007ff955a30000 	C:\Windows\System32\IMM32.DLL
0x00007ff943310000 - 0x00007ff94331c000 	c:\Users\Nitish\.vscode\extensions\redhat.java-1.20.0-win32-x64\jre\17.0.7-win32-x86_64\bin\vcruntime140_1.dll
0x00007ff91a510000 - 0x00007ff91a5a1000 	c:\Users\Nitish\.vscode\extensions\redhat.java-1.20.0-win32-x64\jre\17.0.7-win32-x86_64\bin\msvcp140.dll
0x00007ff901d10000 - 0x00007ff902958000 	c:\Users\Nitish\.vscode\extensions\redhat.java-1.20.0-win32-x64\jre\17.0.7-win32-x86_64\bin\server\jvm.dll
0x00007ff9555d0000 - 0x00007ff95567f000 	C:\Windows\System32\ADVAPI32.dll
0x00007ff956360000 - 0x00007ff9563fc000 	C:\Windows\System32\sechost.dll
0x00007ff956230000 - 0x00007ff956356000 	C:\Windows\System32\RPCRT4.dll
0x00007ff937a10000 - 0x00007ff937a19000 	C:\Windows\SYSTEM32\WSOCK32.dll
0x00007ff9519a0000 - 0x00007ff9519c7000 	C:\Windows\SYSTEM32\WINMM.dll
0x00007ff94c8a0000 - 0x00007ff94c8aa000 	C:\Windows\SYSTEM32\VERSION.dll
0x00007ff9557d0000 - 0x00007ff95583b000 	C:\Windows\System32\WS2_32.dll
0x00007ff952550000 - 0x00007ff952562000 	C:\Windows\SYSTEM32\kernel.appcore.dll
0x00007ff942500000 - 0x00007ff94250a000 	c:\Users\Nitish\.vscode\extensions\redhat.java-1.20.0-win32-x64\jre\17.0.7-win32-x86_64\bin\jimage.dll
0x00007ff951750000 - 0x00007ff951934000 	C:\Windows\SYSTEM32\DBGHELP.DLL
0x00007ff951960000 - 0x00007ff951994000 	C:\Windows\SYSTEM32\dbgcore.DLL
0x00007ff954160000 - 0x00007ff9541e2000 	C:\Windows\System32\bcryptPrimitives.dll
0x00007ff942250000 - 0x00007ff94225e000 	c:\Users\Nitish\.vscode\extensions\redhat.java-1.20.0-win32-x64\jre\17.0.7-win32-x86_64\bin\instrument.dll
0x00007ff941890000 - 0x00007ff9418b5000 	c:\Users\Nitish\.vscode\extensions\redhat.java-1.20.0-win32-x64\jre\17.0.7-win32-x86_64\bin\java.dll
0x00007ff941820000 - 0x00007ff941838000 	c:\Users\Nitish\.vscode\extensions\redhat.java-1.20.0-win32-x64\jre\17.0.7-win32-x86_64\bin\zip.dll
0x00007ff955ae0000 - 0x00007ff956224000 	C:\Windows\System32\SHELL32.dll
0x00007ff951da0000 - 0x00007ff952533000 	C:\Windows\SYSTEM32\windows.storage.dll
0x00007ff955260000 - 0x00007ff9555b4000 	C:\Windows\System32\combase.dll
0x00007ff953680000 - 0x00007ff9536ae000 	C:\Windows\SYSTEM32\Wldp.dll
0x00007ff9551b0000 - 0x00007ff95525d000 	C:\Windows\System32\SHCORE.dll
0x00007ff955680000 - 0x00007ff9556d5000 	C:\Windows\System32\shlwapi.dll
0x00007ff953c50000 - 0x00007ff953c6f000 	C:\Windows\SYSTEM32\profapi.dll
0x00007ff941800000 - 0x00007ff941819000 	C:\Users\Nitish\.vscode\extensions\redhat.java-1.20.0-win32-x64\jre\17.0.7-win32-x86_64\bin\net.dll
0x00007ff94e460000 - 0x00007ff94e56a000 	C:\Windows\SYSTEM32\WINHTTP.dll
0x00007ff9533e0000 - 0x00007ff95344a000 	C:\Windows\system32\mswsock.dll
0x00007ff9417e0000 - 0x00007ff9417f5000 	C:\Users\Nitish\.vscode\extensions\redhat.java-1.20.0-win32-x64\jre\17.0.7-win32-x86_64\bin\nio.dll
0x00007ff941b10000 - 0x00007ff941b20000 	c:\Users\Nitish\.vscode\extensions\redhat.java-1.20.0-win32-x64\jre\17.0.7-win32-x86_64\bin\verify.dll
0x00007ff930480000 - 0x00007ff9304be000 	C:\Users\Nitish\AppData\Roaming\Code\User\globalStorage\redhat.java\1.20.0\config_win\org.eclipse.equinox.launcher\org.eclipse.equinox.launcher.win32.win32.x86_64_1.2.700.v20221108-1024\eclipse_11801.dll
0x00007ff9558d0000 - 0x00007ff9559fa000 	C:\Windows\System32\ole32.dll

dbghelp: loaded successfully - version: 4.0.5 - missing functions: none
symbol engine: initialized successfully - sym options: 0x614 - pdb path: .;c:\Users\Nitish\.vscode\extensions\redhat.java-1.20.0-win32-x64\jre\17.0.7-win32-x86_64\bin;C:\Windows\SYSTEM32;C:\Windows\WinSxS\amd64_microsoft.windows.common-controls_6595b64144ccf1df_6.0.19041.1110_none_60b5254171f9507e;c:\Users\Nitish\.vscode\extensions\redhat.java-1.20.0-win32-x64\jre\17.0.7-win32-x86_64\bin\server;C:\Users\Nitish\AppData\Roaming\Code\User\globalStorage\redhat.java\1.20.0\config_win\org.eclipse.equinox.launcher\org.eclipse.equinox.launcher.win32.win32.x86_64_1.2.700.v20221108-1024

VM Arguments:
jvm_args: --add-modules=ALL-SYSTEM --add-opens=java.base/java.util=ALL-UNNAMED --add-opens=java.base/java.lang=ALL-UNNAMED --add-opens=java.base/sun.nio.fs=ALL-UNNAMED -Declipse.application=org.eclipse.jdt.ls.core.id1 -Dosgi.bundles.defaultStartLevel=4 -Declipse.product=org.eclipse.jdt.ls.core.product -Djava.import.generatesMetadataFilesAtProjectRoot=false -Dfile.encoding=utf8 -XX:+UseParallelGC -XX:GCTimeRatio=4 -XX:AdaptiveSizePolicyWeight=90 -Dsun.zip.disableMemoryMapping=true -Xmx1G -Xms100m -Xlog:disable -javaagent:c:\Users\Nitish\.vscode\extensions\redhat.java-1.20.0-win32-x64\lombok\lombok-1.18.28.jar -XX:+HeapDumpOnOutOfMemoryError -XX:HeapDumpPath=c:\Users\Nitish\AppData\Roaming\Code\User\workspaceStorage\30ac4f06b3502b363aba4d30d4dde98c\redhat.java -Daether.dependencyCollector.impl=bf 
java_command: c:\Users\Nitish\.vscode\extensions\redhat.java-1.20.0-win32-x64\server\plugins\org.eclipse.equinox.launcher_1.6.500.v20230622-2056.jar -configuration c:\Users\Nitish\AppData\Roaming\Code\User\globalStorage\redhat.java\1.20.0\config_win -data c:\Users\Nitish\AppData\Roaming\Code\User\workspaceStorage\30ac4f06b3502b363aba4d30d4dde98c\redhat.java\jdt_ws
java_class_path (initial): c:\Users\Nitish\.vscode\extensions\redhat.java-1.20.0-win32-x64\server\plugins\org.eclipse.equinox.launcher_1.6.500.v20230622-2056.jar
Launcher Type: SUN_STANDARD

[Global flags]
    uintx AdaptiveSizePolicyWeight                 = 90                                        {product} {command line}
     intx CICompilerCount                          = 12                                        {product} {ergonomic}
    uintx GCTimeRatio                              = 4                                         {product} {command line}
     bool HeapDumpOnOutOfMemoryError               = true                                   {manageable} {command line}
    ccstr HeapDumpPath                             = c:\Users\Nitish\AppData\Roaming\Code\User\workspaceStorage\30ac4f06b3502b363aba4d30d4dde98c\redhat.java         {manageable} {command line}
   size_t InitialHeapSize                          = 104857600                                 {product} {command line}
   size_t MaxHeapSize                              = 1073741824                                {product} {command line}
   size_t MaxNewSize                               = 357564416                                 {product} {ergonomic}
   size_t MinHeapDeltaBytes                        = 524288                                    {product} {ergonomic}
   size_t MinHeapSize                              = 104857600                                 {product} {command line}
   size_t NewSize                                  = 34603008                                  {product} {ergonomic}
    uintx NonNMethodCodeHeapSize                   = 7602480                                {pd product} {ergonomic}
    uintx NonProfiledCodeHeapSize                  = 122027880                              {pd product} {ergonomic}
   size_t OldSize                                  = 70254592                                  {product} {ergonomic}
    uintx ProfiledCodeHeapSize                     = 122027880                              {pd product} {ergonomic}
    uintx ReservedCodeCacheSize                    = 251658240                              {pd product} {ergonomic}
     bool SegmentedCodeCache                       = true                                      {product} {ergonomic}
   size_t SoftMaxHeapSize                          = 1073741824                             {manageable} {ergonomic}
     bool UseCompressedClassPointers               = true                           {product lp64_product} {ergonomic}
     bool UseCompressedOops                        = true                           {product lp64_product} {ergonomic}
     bool UseLargePagesIndividualAllocation        = false                                  {pd product} {ergonomic}
     bool UseParallelGC                            = true                                      {product} {command line}

Logging:
Log output configuration:
 #0: stdout all=off uptime,level,tags
 #1: stderr all=off uptime,level,tags

Environment Variables:
JAVA_HOME=C:\Users\Nitish\AppData\Local\Programs\Eclipse Adoptium\jdk-17.0.3.7-hotspot\
PATH=C:\ProgramData\Oracle\Java\javapath;C:\Windows\system32;C:\Windows;C:\Windows\System32\Wbem;C:\Windows\System32\WindowsPowerShell\v1.0\;C:\Windows\System32\OpenSSH\;C:\Program Files (x86)\NVIDIA Corporation\PhysX\Common;C:\Program Files\NVIDIA Corporation\NVIDIA NvDLISR;C:\Program Files\dotnet\;C:\MinGW\bin;C:\Program Files\Cloudflare\Cloudflare WARP\;C:\Program Files\nodejs\;C:\Program Files\Git\cmd;C:\Users\Nitish\AppData\Local\Pub\Cache\bin;C:\Program Files\MySQL\MySQL Shell 8.0\bin\;C:\Users\Nitish\AppData\Local\Programs\Eclipse Adoptium\jdk-17.0.3.7-hotspot\bin;C:\Users\Nitish\AppData\Local\Programs\Python\Python310\Scripts\;C:\Users\Nitish\AppData\Local\Programs\Python\Python310\;C:\Users\Nitish\AppData\Local\Microsoft\WindowsApps;C:\Users\Nitish\AppData\Local\Programs\Microsoft VS Code\bin;C:\Users\Nitish\VIT (3)\paketriot\pktriot-0.14.1;C:\intelFPGA\18.1\modelsim_ase\win32aloem;C:\Users\Nitish\AppData\Roaming\npm;D:\flutter_windows_3.10.4-stable\flutter\bin;C:\Users\Nitish\AppData\Local\Android\Sdk\emulator;C:\Users\Nitish\AppData\Local\Pub\Cache\bin;
USERNAME=Nitish
OS=Windows_NT
PROCESSOR_IDENTIFIER=AMD64 Family 25 Model 80 Stepping 0, AuthenticAMD
TMP=C:\Users\Nitish\AppData\Local\Temp
TEMP=C:\Users\Nitish\AppData\Local\Temp



---------------  S Y S T E M  ---------------

OS:
 Windows 10 , 64 bit Build 19041 (10.0.19041.3031)
OS uptime: 0 days 5:06 hours

CPU: total 16 (initial active 16) (16 cores per cpu, 2 threads per core) family 25 model 80 stepping 0 microcode 0x0, cx8, cmov, fxsr, ht, mmx, 3dnowpref, sse, sse2, sse3, ssse3, sse4a, sse4.1, sse4.2, popcnt, lzcnt, tsc, tscinvbit, avx, avx2, aes, erms, clmul, bmi1, bmi2, adx, sha, fma, vzeroupper, clflush, clflushopt

Memory: 4k page, system-wide physical 15775M (2044M free)
TotalPageFile size 20795M (AvailPageFile size 5M)
current process WorkingSet (physical memory assigned to process): 104M, peak: 104M
current process commit charge ("private bytes"): 236M, peak: 236M

vm_info: OpenJDK 64-Bit Server VM (17.0.7+7) for windows-amd64 JRE (17.0.7+7), built on Apr 18 2023 22:10:42 by "temurin" with MS VC++ 16.7 (VS2019)

END.
